-- Catapult Ultra Synthesis: Report                                              
-- ------------------------- ---------------------------------------------------
-- Version:                  2023.2/1059873 Production Release                   
-- Build Date:               Mon Aug  7 10:54:31 PDT 2023                        
                                                                                 
-- Generated by:             r12016@cad40                                        
-- Generated date:           Sun Mar 24 17:24:43 CST 2024                        

Solution Settings: top.v1
  Current state: extract
  Project: Catapult

Design Input Files Specified
  $PROJECT_HOME/top_tb.cpp
  $PROJECT_HOME/top.h
    $PROJECT_HOME/fir.h
      $MGC_HOME/shared/include/ac_int.h
      $MGC_HOME/shared/include/ac_channel.h
      $MGC_HOME/shared/include/mc_scverify.h
    $PROJECT_HOME/decimator.h
      $MGC_HOME/shared/include/mc_scverify.h
  $PROJECT_HOME/fir.h
    $MGC_HOME/shared/include/ac_int.h
    $MGC_HOME/shared/include/ac_channel.h
    $MGC_HOME/shared/include/mc_scverify.h
  $PROJECT_HOME/decimator.h
    $MGC_HOME/shared/include/mc_scverify.h

Processes/Blocks in Design
  Process            Real Operation(s) count Latency Throughput Reset Length II Comments 
  ------------------ ----------------------- ------- ---------- ------------ -- --------
  /top/decimator/run                       6       1          2            1  0          
  /top/fir/run                            35       8         10            0  0          
  Design Total:                           41       9         10            1  0          
  
Bill Of Materials (Datapath)
  Component Name                 Area Score Area(Combinational) AreaSeq Delay Post Alloc Post Assign 
  ------------------------------ ---------- ------------------- ------- ----- ---------- -----------
  [Lib: ccs_ioport]                                                                                  
  ccs_in_wait(1,8)                    0.000               0.000   0.000 0.000          1           2 
  ccs_in_wait(5,8)                    0.000               0.000   0.000 0.000          1           1 
  ccs_out_wait(3,8)                   0.000               0.000   0.000 0.000          1           2 
  ccs_out_wait(6,8)                   0.000               0.000   0.000 0.000          1           1 
  [Lib: nangate-45nm_beh]                                                                            
  mgc_add(19,0,16,1,19,7)            82.990              58.167   0.000 1.449          1           2 
  mgc_add(2,0,1,0,2,7)                6.916               0.000   0.000 0.186          0           1 
  mgc_add(2,0,2,1,3,7)               10.040               0.000   0.000 0.237          1           0 
  mgc_add(3,0,1,1,4,7)               15.630               0.000   0.000 0.308          2           4 
  mgc_and(1,2,4)                      1.064               0.000   0.000 0.077          0          61 
  mgc_and(1,3,4)                      1.330               0.000   0.000 0.084          0          17 
  mgc_and(1,5,4)                      2.062               0.547   0.000 0.096          0           2 
  mgc_and(19,2,4)                    20.216              25.538   0.000 0.077          0           2 
  mgc_and(3,2,4)                      3.192               1.314   0.000 0.077          1           0 
  mgc_mul(8,1,8,1,16,7)             288.429             332.359   0.000 1.157          1           2 
  mgc_mux(8,1,2,1)                   25.536              45.010   0.000 0.114          0           2 
  mgc_mux(8,1,2,2)                   25.536              35.852   0.000 0.113          8           0 
  mgc_mux(8,3,8,5)                   63.840              75.762   0.000 0.237          3           4 
  mgc_mux1hot(8,9,4)                 60.648              77.873   0.000 0.170          0           2 
  mgc_nand(1,2,4)                     0.798               0.000   0.000 0.061          0           2 
  mgc_nor(1,2,2)                      0.798               0.000   0.000 0.097          0          27 
  mgc_nor(1,3,4)                      1.064               0.000   0.000 0.132          0           2 
  mgc_not(1,1)                        0.532               0.532   0.000 0.039          0          59 
  mgc_or(1,2,2)                       1.064               0.616   0.000 0.078          0          28 
  mgc_or(1,4,4)                       1.596               0.000   0.000 0.118          0           2 
  mgc_or(1,7,4)                       2.993               0.848   0.000 0.126          0           2 
  mgc_or(3,2,2)                       3.192               3.220   0.000 0.079          0           4 
  mgc_reg_pos(1,0,0,1,1,1,1,1)        6.384               1.862   4.522 0.106          0           6 
  mgc_reg_pos(19,0,0,1,1,1,1,1)     121.296              35.378  85.918 0.106          0           2 
  mgc_reg_pos(2,0,0,1,1,1,1,1)       12.768               3.724   9.044 0.106          0           1 
  mgc_reg_pos(3,0,0,1,1,1,1,1)       19.152               5.586  13.566 0.106          0           4 
  mgc_reg_pos(8,0,0,1,1,1,1,1)       51.072              14.896  36.176 0.106          0          19 
                                                                                                     
  TOTAL AREA (After Assignment):   2821.104            1836.000 950.000                              
  
Area Scores
                    Post-Scheduling   Post-DP & FSM Post-Assignment 
  ----------------- --------------- --------------- ---------------
  Total Area Score:   3608.4          3018.5          2874.1        
  Total Reg:          1998.2  (55%)   1388.6  (46%)   1388.6  (48%) 
                                                                    
  DataPath:           3608.4 (100%)   2965.5  (98%)   2821.1  (98%) 
    MUX:               791.6  (22%)    574.2  (19%)    427.7  (15%) 
    FUNC:              815.4  (23%)    815.4  (27%)    812.3  (29%) 
    LOGIC:               3.2   (0%)    235.3   (8%)    240.5   (9%) 
    BUFFER:              0.0             0.0             0.0        
    MEM:                 0.0             0.0             0.0        
    ROM:                 0.0             0.0             0.0        
    REG:              1998.2  (55%)   1340.6  (45%)   1340.6  (48%) 
                                                                    
  
  FSM:                   0.0            53.0   (2%)     53.0   (2%) 
    FSM-REG:             0.0            48.0  (91%)     48.0  (91%) 
    FSM-COMB:            0.0             5.0   (9%)      5.0   (9%) 
                                                                    
  
  
  (MUX = multiplexers; FUNC = datapath logic (e.g. add/mult); LOGIC = control logic)

Register-to-Variable Mappings
  Register                   Size(bits) Gated Register CG Opt Done Variables                                             
  -------------------------- ---------- -------------- ----------- -----------------------------------------------------
  temp.sva                           19         Y                  temp.sva                                              
  dout:rsci.idat                      8         Y           Y      dout:rsci.idat                                        
  output:rsci.idat                    8         Y           Y      output:rsci.idat                                      
  regs(0).lpi#2                       8         Y           Y      regs(0).lpi#2                                         
                                                                   regs(0).sva                                           
  regs(1).lpi#2                       8         Y           Y      regs(1).lpi#2                                         
                                                                   regs(1).sva                                           
  regs(2).lpi#2                       8         Y           Y      regs(2).lpi#2                                         
                                                                   regs(2).sva                                           
  regs(3).lpi#2                       8         Y           Y      regs(3).lpi#2                                         
                                                                   regs(3).sva                                           
  regs(4).lpi#2                       8         Y           Y      regs(4).lpi#2                                         
                                                                   regs(4).sva                                           
  regs(5).lpi#2                       8         Y           Y      regs(5).lpi#2                                         
                                                                   regs(5).sva                                           
  regs(6).lpi#2                       8         Y           Y      regs(6).lpi#2                                         
                                                                   regs(6).sva                                           
  regs(7).lpi#2                       8         Y           Y      regs(7).lpi#2                                         
  MAC:i(3:0).sva(2:0)                 3         Y                  MAC:i(3:0).sva(2:0)                                   
  SHIFT:i(3:0).sva(2:0)               3         Y                  SHIFT:i(3:0).sva(2:0)                                 
  count(2:0).sva(1:0)                 2         Y           Y      count(2:0).sva(1:0)                                   
  reg(din:rsci.iswt0).cse             1         Y                  reg(din:rsci.iswt0).cse                               
  reg(dout:rsci.iswt0).cse            1         Y                  reg(dout:rsci.iswt0).cse                              
  reg(input:rsci.oswt).cse            1         Y                  reg(input:rsci.oswt).cse                              
  reg(output:rsci.iswt0).cse          1         Y                  reg(output:rsci.iswt0).cse                            
                                                                                                                         
  Total:                            111            111          82 (Total Gating Ratio: 1.00, CG Opt Gating Ratio: 0.74) 
  
Timing Report
  Critical Path
    Max Delay:  2.4191000000000003
    Slack:      7.5809
    
    Path                                                              Startpoint                                     Endpoint                      Delay  Slack                       
    ----------------------------------------------------------------- ---------------------------------------------- ----------------------------- ------ ------ --------------------
    1                                                                 block0/fir:run:inst/reg(SHIFT:i(3:0).sva(2:0)) block0/fir:run:inst/reg(temp) 2.4191 7.5809                      
                                                                                                                                                                                      
      Instance                                                        Component                                                                    Delta  Delay  [MIN, MAX]           
      --------                                                        ---------                                                                    -----  -----  ------------------   
      block0/fir:run:inst/reg(SHIFT:i(3:0).sva(2:0))                  mgc_reg_pos_3_0_0_1_1_1_1_1                                                  0.1060 0.1060                      
      block0/fir:run:inst/SHIFT:i(3:0).sva(2:0)                                                                                                    0.0000 0.1060                      
      block0/fir:run:inst/SHIFT:i:slc(SHIFT:i(3:0).sva(2:0))(2)#2                                                                                  0.0000 0.1060                      
      block0/fir:run:inst/SHIFT:i:slc(SHIFT:i(3:0).sva(2:0))(2)#2.itm                                                                              0.0000 0.1060                      
      block0/fir:run:inst/not#9                                       mgc_not_1_1                                                                  0.0390 0.1450                      
      block0/fir:run:inst/not#9.itm                                                                                                                0.0000 0.1450                      
      block0/fir:run:inst/or#9                                        mgc_or_1_2_2                                                                 0.0776 0.2226                      
      block0/fir:run:inst/or.dcpl#9                                                                                                                0.0000 0.2226                      
      block0/fir:run:inst/or#10                                       mgc_or_1_2_2                                                                 0.0776 0.3001                      
      block0/fir:run:inst/or.dcpl#10                                                                                                               0.0000 0.3001                      
      block0/fir:run:inst/not#37                                      mgc_not_1_1                                                                  0.0390 0.3391                      
      block0/fir:run:inst/not#37.itm                                                                                                               0.0000 0.3391                      
      block0/fir:run:inst/MAC:and#5                                   mgc_and_1_2_4                                                                0.0775 0.4166                      
      block0/fir:run:inst/MAC:and#5.itm                                                                                                            0.0000 0.4166                      
      block0/fir:run:inst/MAC:or                                      mgc_or_1_7_4                                                                 0.1262 0.5428                      
      block0/fir:run:inst/MAC:or.itm                                                                                                               0.0000 0.5428                      
      block0/fir:run:inst/MAC:MAC:mux1h                               mgc_mux1hot_8_9_4                                                            0.1700 0.7128                      
      block0/fir:run:inst/MAC:MAC:mux1h.itm                                                                                                        0.0000 0.7128                      
      block0/fir:run:inst/MAC:mul                                     mgc_mul_8_1_8_1_16_7                                                         1.1570 1.8698 [0.892738, 1.869838] 
      block0/fir:run:inst/MAC:mul.itm                                                                                                              0.0000 1.8698 [0.892738, 1.869838] 
      block0/fir:run:inst/MAC:acc#1                                   mgc_addc_19_0_16_1_19_7                                                      0.4718 2.3416 [1.058215, 2.341600] 
      block0/fir:run:inst/temp.sva#2                                                                                                               0.0000 2.3416 [1.058215, 2.341600] 
      block0/fir:run:inst/temp:temp:and                               mgc_and_19_2_4                                                               0.0775 2.4191 [1.135715, 2.419100] 
      block0/fir:run:inst/temp:temp:and.itm                                                                                                        0.0000 2.4191 [1.135715, 2.419100] 
      block0/fir:run:inst/reg(temp)                                   mgc_reg_pos_19_0_0_1_1_1_1_1                                                 0.0000 2.4191                      
                                                                                                                                                                                      
    2                                                                 block1/fir:run:inst/reg(SHIFT:i(3:0).sva(2:0)) block1/fir:run:inst/reg(temp) 2.4191 7.5809                      
                                                                                                                                                                                      
      Instance                                                        Component                                                                    Delta  Delay  [MIN, MAX]           
      --------                                                        ---------                                                                    -----  -----  ------------------   
      block1/fir:run:inst/reg(SHIFT:i(3:0).sva(2:0))                  mgc_reg_pos_3_0_0_1_1_1_1_1                                                  0.1060 0.1060                      
      block1/fir:run:inst/SHIFT:i(3:0).sva(2:0)                                                                                                    0.0000 0.1060                      
      block1/fir:run:inst/SHIFT:i:slc(SHIFT:i(3:0).sva(2:0))(2)#2                                                                                  0.0000 0.1060                      
      block1/fir:run:inst/SHIFT:i:slc(SHIFT:i(3:0).sva(2:0))(2)#2.itm                                                                              0.0000 0.1060                      
      block1/fir:run:inst/not#9                                       mgc_not_1_1                                                                  0.0390 0.1450                      
      block1/fir:run:inst/not#9.itm                                                                                                                0.0000 0.1450                      
      block1/fir:run:inst/or#9                                        mgc_or_1_2_2                                                                 0.0776 0.2226                      
      block1/fir:run:inst/or.dcpl#9                                                                                                                0.0000 0.2226                      
      block1/fir:run:inst/or#10                                       mgc_or_1_2_2                                                                 0.0776 0.3001                      
      block1/fir:run:inst/or.dcpl#10                                                                                                               0.0000 0.3001                      
      block1/fir:run:inst/not#37                                      mgc_not_1_1                                                                  0.0390 0.3391                      
      block1/fir:run:inst/not#37.itm                                                                                                               0.0000 0.3391                      
      block1/fir:run:inst/MAC:and#5                                   mgc_and_1_2_4                                                                0.0775 0.4166                      
      block1/fir:run:inst/MAC:and#5.itm                                                                                                            0.0000 0.4166                      
      block1/fir:run:inst/MAC:or                                      mgc_or_1_7_4                                                                 0.1262 0.5428                      
      block1/fir:run:inst/MAC:or.itm                                                                                                               0.0000 0.5428                      
      block1/fir:run:inst/MAC:MAC:mux1h                               mgc_mux1hot_8_9_4                                                            0.1700 0.7128                      
      block1/fir:run:inst/MAC:MAC:mux1h.itm                                                                                                        0.0000 0.7128                      
      block1/fir:run:inst/MAC:mul                                     mgc_mul_8_1_8_1_16_7                                                         1.1570 1.8698 [0.892738, 1.869838] 
      block1/fir:run:inst/MAC:mul.itm                                                                                                              0.0000 1.8698 [0.892738, 1.869838] 
      block1/fir:run:inst/MAC:acc#1                                   mgc_addc_19_0_16_1_19_7                                                      0.4718 2.3416 [1.058215, 2.341600] 
      block1/fir:run:inst/temp.sva#2                                                                                                               0.0000 2.3416 [1.058215, 2.341600] 
      block1/fir:run:inst/temp:temp:and                               mgc_and_19_2_4                                                               0.0775 2.4191 [1.135715, 2.419100] 
      block1/fir:run:inst/temp:temp:and.itm                                                                                                        0.0000 2.4191 [1.135715, 2.419100] 
      block1/fir:run:inst/reg(temp)                                   mgc_reg_pos_19_0_0_1_1_1_1_1                                                 0.0000 2.4191                      
                                                                                                                                                                                      
    3                                                                 block0/fir:run:inst/reg(SHIFT:i(3:0).sva(2:0)) block0/fir:run:inst/reg(temp) 2.4191 7.5809                      
                                                                                                                                                                                      
      Instance                                                        Component                                                                    Delta  Delay  [MIN, MAX]           
      --------                                                        ---------                                                                    -----  -----  ------------------   
      block0/fir:run:inst/reg(SHIFT:i(3:0).sva(2:0))                  mgc_reg_pos_3_0_0_1_1_1_1_1                                                  0.1060 0.1060                      
      block0/fir:run:inst/SHIFT:i(3:0).sva(2:0)                                                                                                    0.0000 0.1060                      
      block0/fir:run:inst/SHIFT:i:slc(SHIFT:i(3:0).sva(2:0))(2)#2                                                                                  0.0000 0.1060                      
      block0/fir:run:inst/SHIFT:i:slc(SHIFT:i(3:0).sva(2:0))(2)#2.itm                                                                              0.0000 0.1060                      
      block0/fir:run:inst/not#9                                       mgc_not_1_1                                                                  0.0390 0.1450                      
      block0/fir:run:inst/not#9.itm                                                                                                                0.0000 0.1450                      
      block0/fir:run:inst/or#9                                        mgc_or_1_2_2                                                                 0.0776 0.2226                      
      block0/fir:run:inst/or.dcpl#9                                                                                                                0.0000 0.2226                      
      block0/fir:run:inst/or#16                                       mgc_or_1_2_2                                                                 0.0776 0.3001                      
      block0/fir:run:inst/or.dcpl#16                                                                                                               0.0000 0.3001                      
      block0/fir:run:inst/not#35                                      mgc_not_1_1                                                                  0.0390 0.3391                      
      block0/fir:run:inst/not#35.itm                                                                                                               0.0000 0.3391                      
      block0/fir:run:inst/MAC:and#3                                   mgc_and_1_2_4                                                                0.0775 0.4166                      
      block0/fir:run:inst/MAC:and#3.itm                                                                                                            0.0000 0.4166                      
      block0/fir:run:inst/MAC:or                                      mgc_or_1_7_4                                                                 0.1262 0.5428                      
      block0/fir:run:inst/MAC:or.itm                                                                                                               0.0000 0.5428                      
      block0/fir:run:inst/MAC:MAC:mux1h                               mgc_mux1hot_8_9_4                                                            0.1700 0.7128                      
      block0/fir:run:inst/MAC:MAC:mux1h.itm                                                                                                        0.0000 0.7128                      
      block0/fir:run:inst/MAC:mul                                     mgc_mul_8_1_8_1_16_7                                                         1.1570 1.8698 [0.892738, 1.869838] 
      block0/fir:run:inst/MAC:mul.itm                                                                                                              0.0000 1.8698 [0.892738, 1.869838] 
      block0/fir:run:inst/MAC:acc#1                                   mgc_addc_19_0_16_1_19_7                                                      0.4718 2.3416 [1.058215, 2.341600] 
      block0/fir:run:inst/temp.sva#2                                                                                                               0.0000 2.3416 [1.058215, 2.341600] 
      block0/fir:run:inst/temp:temp:and                               mgc_and_19_2_4                                                               0.0775 2.4191 [1.135715, 2.419100] 
      block0/fir:run:inst/temp:temp:and.itm                                                                                                        0.0000 2.4191 [1.135715, 2.419100] 
      block0/fir:run:inst/reg(temp)                                   mgc_reg_pos_19_0_0_1_1_1_1_1                                                 0.0000 2.4191                      
                                                                                                                                                                                      
    4                                                                 block1/fir:run:inst/reg(SHIFT:i(3:0).sva(2:0)) block1/fir:run:inst/reg(temp) 2.4191 7.5809                      
                                                                                                                                                                                      
      Instance                                                        Component                                                                    Delta  Delay  [MIN, MAX]           
      --------                                                        ---------                                                                    -----  -----  ------------------   
      block1/fir:run:inst/reg(SHIFT:i(3:0).sva(2:0))                  mgc_reg_pos_3_0_0_1_1_1_1_1                                                  0.1060 0.1060                      
      block1/fir:run:inst/SHIFT:i(3:0).sva(2:0)                                                                                                    0.0000 0.1060                      
      block1/fir:run:inst/SHIFT:i:slc(SHIFT:i(3:0).sva(2:0))(0)#5                                                                                  0.0000 0.1060                      
      block1/fir:run:inst/SHIFT:i:slc(SHIFT:i(3:0).sva(2:0))(0)#5.itm                                                                              0.0000 0.1060                      
      block1/fir:run:inst/not#8                                       mgc_not_1_1                                                                  0.0390 0.1450                      
      block1/fir:run:inst/not#8.itm                                                                                                                0.0000 0.1450                      
      block1/fir:run:inst/or#7                                        mgc_or_1_2_2                                                                 0.0776 0.2226                      
      block1/fir:run:inst/or.dcpl#7                                                                                                                0.0000 0.2226                      
      block1/fir:run:inst/or#8                                        mgc_or_1_2_2                                                                 0.0776 0.3001                      
      block1/fir:run:inst/or.dcpl#8                                                                                                                0.0000 0.3001                      
      block1/fir:run:inst/not#32                                      mgc_not_1_1                                                                  0.0390 0.3391                      
      block1/fir:run:inst/not#32.itm                                                                                                               0.0000 0.3391                      
      block1/fir:run:inst/MAC:and                                     mgc_and_1_2_4                                                                0.0775 0.4166                      
      block1/fir:run:inst/MAC:and.itm                                                                                                              0.0000 0.4166                      
      block1/fir:run:inst/MAC:or                                      mgc_or_1_7_4                                                                 0.1262 0.5428                      
      block1/fir:run:inst/MAC:or.itm                                                                                                               0.0000 0.5428                      
      block1/fir:run:inst/MAC:MAC:mux1h                               mgc_mux1hot_8_9_4                                                            0.1700 0.7128                      
      block1/fir:run:inst/MAC:MAC:mux1h.itm                                                                                                        0.0000 0.7128                      
      block1/fir:run:inst/MAC:mul                                     mgc_mul_8_1_8_1_16_7                                                         1.1570 1.8698 [0.892738, 1.869838] 
      block1/fir:run:inst/MAC:mul.itm                                                                                                              0.0000 1.8698 [0.892738, 1.869838] 
      block1/fir:run:inst/MAC:acc#1                                   mgc_addc_19_0_16_1_19_7                                                      0.4718 2.3416 [1.058215, 2.341600] 
      block1/fir:run:inst/temp.sva#2                                                                                                               0.0000 2.3416 [1.058215, 2.341600] 
      block1/fir:run:inst/temp:temp:and                               mgc_and_19_2_4                                                               0.0775 2.4191 [1.135715, 2.419100] 
      block1/fir:run:inst/temp:temp:and.itm                                                                                                        0.0000 2.4191 [1.135715, 2.419100] 
      block1/fir:run:inst/reg(temp)                                   mgc_reg_pos_19_0_0_1_1_1_1_1                                                 0.0000 2.4191                      
                                                                                                                                                                                      
    5                                                                 block1/fir:run:inst/reg(SHIFT:i(3:0).sva(2:0)) block1/fir:run:inst/reg(temp) 2.4191 7.5809                      
                                                                                                                                                                                      
      Instance                                                        Component                                                                    Delta  Delay  [MIN, MAX]           
      --------                                                        ---------                                                                    -----  -----  ------------------   
      block1/fir:run:inst/reg(SHIFT:i(3:0).sva(2:0))                  mgc_reg_pos_3_0_0_1_1_1_1_1                                                  0.1060 0.1060                      
      block1/fir:run:inst/SHIFT:i(3:0).sva(2:0)                                                                                                    0.0000 0.1060                      
      block1/fir:run:inst/SHIFT:i:slc(SHIFT:i(3:0).sva(2:0))(0)#5                                                                                  0.0000 0.1060                      
      block1/fir:run:inst/SHIFT:i:slc(SHIFT:i(3:0).sva(2:0))(0)#5.itm                                                                              0.0000 0.1060                      
      block1/fir:run:inst/not#8                                       mgc_not_1_1                                                                  0.0390 0.1450                      
      block1/fir:run:inst/not#8.itm                                                                                                                0.0000 0.1450                      
      block1/fir:run:inst/or#7                                        mgc_or_1_2_2                                                                 0.0776 0.2226                      
      block1/fir:run:inst/or.dcpl#7                                                                                                                0.0000 0.2226                      
      block1/fir:run:inst/or#14                                       mgc_or_1_2_2                                                                 0.0776 0.3001                      
      block1/fir:run:inst/or.dcpl#14                                                                                                               0.0000 0.3001                      
      block1/fir:run:inst/not#34                                      mgc_not_1_1                                                                  0.0390 0.3391                      
      block1/fir:run:inst/not#34.itm                                                                                                               0.0000 0.3391                      
      block1/fir:run:inst/MAC:and#2                                   mgc_and_1_2_4                                                                0.0775 0.4166                      
      block1/fir:run:inst/MAC:and#2.itm                                                                                                            0.0000 0.4166                      
      block1/fir:run:inst/MAC:or                                      mgc_or_1_7_4                                                                 0.1262 0.5428                      
      block1/fir:run:inst/MAC:or.itm                                                                                                               0.0000 0.5428                      
      block1/fir:run:inst/MAC:MAC:mux1h                               mgc_mux1hot_8_9_4                                                            0.1700 0.7128                      
      block1/fir:run:inst/MAC:MAC:mux1h.itm                                                                                                        0.0000 0.7128                      
      block1/fir:run:inst/MAC:mul                                     mgc_mul_8_1_8_1_16_7                                                         1.1570 1.8698 [0.892738, 1.869838] 
      block1/fir:run:inst/MAC:mul.itm                                                                                                              0.0000 1.8698 [0.892738, 1.869838] 
      block1/fir:run:inst/MAC:acc#1                                   mgc_addc_19_0_16_1_19_7                                                      0.4718 2.3416 [1.058215, 2.341600] 
      block1/fir:run:inst/temp.sva#2                                                                                                               0.0000 2.3416 [1.058215, 2.341600] 
      block1/fir:run:inst/temp:temp:and                               mgc_and_19_2_4                                                               0.0775 2.4191 [1.135715, 2.419100] 
      block1/fir:run:inst/temp:temp:and.itm                                                                                                        0.0000 2.4191 [1.135715, 2.419100] 
      block1/fir:run:inst/reg(temp)                                   mgc_reg_pos_19_0_0_1_1_1_1_1                                                 0.0000 2.4191                      
                                                                                                                                                                                      
    6                                                                 block0/fir:run:inst/reg(SHIFT:i(3:0).sva(2:0)) block0/fir:run:inst/reg(temp) 2.4191 7.5809                      
                                                                                                                                                                                      
      Instance                                                        Component                                                                    Delta  Delay  [MIN, MAX]           
      --------                                                        ---------                                                                    -----  -----  ------------------   
      block0/fir:run:inst/reg(SHIFT:i(3:0).sva(2:0))                  mgc_reg_pos_3_0_0_1_1_1_1_1                                                  0.1060 0.1060                      
      block0/fir:run:inst/SHIFT:i(3:0).sva(2:0)                                                                                                    0.0000 0.1060                      
      block0/fir:run:inst/SHIFT:i:slc(SHIFT:i(3:0).sva(2:0))(0)#5                                                                                  0.0000 0.1060                      
      block0/fir:run:inst/SHIFT:i:slc(SHIFT:i(3:0).sva(2:0))(0)#5.itm                                                                              0.0000 0.1060                      
      block0/fir:run:inst/not#8                                       mgc_not_1_1                                                                  0.0390 0.1450                      
      block0/fir:run:inst/not#8.itm                                                                                                                0.0000 0.1450                      
      block0/fir:run:inst/or#7                                        mgc_or_1_2_2                                                                 0.0776 0.2226                      
      block0/fir:run:inst/or.dcpl#7                                                                                                                0.0000 0.2226                      
      block0/fir:run:inst/or#14                                       mgc_or_1_2_2                                                                 0.0776 0.3001                      
      block0/fir:run:inst/or.dcpl#14                                                                                                               0.0000 0.3001                      
      block0/fir:run:inst/not#34                                      mgc_not_1_1                                                                  0.0390 0.3391                      
      block0/fir:run:inst/not#34.itm                                                                                                               0.0000 0.3391                      
      block0/fir:run:inst/MAC:and#2                                   mgc_and_1_2_4                                                                0.0775 0.4166                      
      block0/fir:run:inst/MAC:and#2.itm                                                                                                            0.0000 0.4166                      
      block0/fir:run:inst/MAC:or                                      mgc_or_1_7_4                                                                 0.1262 0.5428                      
      block0/fir:run:inst/MAC:or.itm                                                                                                               0.0000 0.5428                      
      block0/fir:run:inst/MAC:MAC:mux1h                               mgc_mux1hot_8_9_4                                                            0.1700 0.7128                      
      block0/fir:run:inst/MAC:MAC:mux1h.itm                                                                                                        0.0000 0.7128                      
      block0/fir:run:inst/MAC:mul                                     mgc_mul_8_1_8_1_16_7                                                         1.1570 1.8698 [0.892738, 1.869838] 
      block0/fir:run:inst/MAC:mul.itm                                                                                                              0.0000 1.8698 [0.892738, 1.869838] 
      block0/fir:run:inst/MAC:acc#1                                   mgc_addc_19_0_16_1_19_7                                                      0.4718 2.3416 [1.058215, 2.341600] 
      block0/fir:run:inst/temp.sva#2                                                                                                               0.0000 2.3416 [1.058215, 2.341600] 
      block0/fir:run:inst/temp:temp:and                               mgc_and_19_2_4                                                               0.0775 2.4191 [1.135715, 2.419100] 
      block0/fir:run:inst/temp:temp:and.itm                                                                                                        0.0000 2.4191 [1.135715, 2.419100] 
      block0/fir:run:inst/reg(temp)                                   mgc_reg_pos_19_0_0_1_1_1_1_1                                                 0.0000 2.4191                      
                                                                                                                                                                                      
    7                                                                 block0/fir:run:inst/reg(SHIFT:i(3:0).sva(2:0)) block0/fir:run:inst/reg(temp) 2.4191 7.5809                      
                                                                                                                                                                                      
      Instance                                                        Component                                                                    Delta  Delay  [MIN, MAX]           
      --------                                                        ---------                                                                    -----  -----  ------------------   
      block0/fir:run:inst/reg(SHIFT:i(3:0).sva(2:0))                  mgc_reg_pos_3_0_0_1_1_1_1_1                                                  0.1060 0.1060                      
      block0/fir:run:inst/SHIFT:i(3:0).sva(2:0)                                                                                                    0.0000 0.1060                      
      block0/fir:run:inst/SHIFT:i:slc(SHIFT:i(3:0).sva(2:0))(0)#5                                                                                  0.0000 0.1060                      
      block0/fir:run:inst/SHIFT:i:slc(SHIFT:i(3:0).sva(2:0))(0)#5.itm                                                                              0.0000 0.1060                      
      block0/fir:run:inst/not#8                                       mgc_not_1_1                                                                  0.0390 0.1450                      
      block0/fir:run:inst/not#8.itm                                                                                                                0.0000 0.1450                      
      block0/fir:run:inst/or#7                                        mgc_or_1_2_2                                                                 0.0776 0.2226                      
      block0/fir:run:inst/or.dcpl#7                                                                                                                0.0000 0.2226                      
      block0/fir:run:inst/or#8                                        mgc_or_1_2_2                                                                 0.0776 0.3001                      
      block0/fir:run:inst/or.dcpl#8                                                                                                                0.0000 0.3001                      
      block0/fir:run:inst/not#32                                      mgc_not_1_1                                                                  0.0390 0.3391                      
      block0/fir:run:inst/not#32.itm                                                                                                               0.0000 0.3391                      
      block0/fir:run:inst/MAC:and                                     mgc_and_1_2_4                                                                0.0775 0.4166                      
      block0/fir:run:inst/MAC:and.itm                                                                                                              0.0000 0.4166                      
      block0/fir:run:inst/MAC:or                                      mgc_or_1_7_4                                                                 0.1262 0.5428                      
      block0/fir:run:inst/MAC:or.itm                                                                                                               0.0000 0.5428                      
      block0/fir:run:inst/MAC:MAC:mux1h                               mgc_mux1hot_8_9_4                                                            0.1700 0.7128                      
      block0/fir:run:inst/MAC:MAC:mux1h.itm                                                                                                        0.0000 0.7128                      
      block0/fir:run:inst/MAC:mul                                     mgc_mul_8_1_8_1_16_7                                                         1.1570 1.8698 [0.892738, 1.869838] 
      block0/fir:run:inst/MAC:mul.itm                                                                                                              0.0000 1.8698 [0.892738, 1.869838] 
      block0/fir:run:inst/MAC:acc#1                                   mgc_addc_19_0_16_1_19_7                                                      0.4718 2.3416 [1.058215, 2.341600] 
      block0/fir:run:inst/temp.sva#2                                                                                                               0.0000 2.3416 [1.058215, 2.341600] 
      block0/fir:run:inst/temp:temp:and                               mgc_and_19_2_4                                                               0.0775 2.4191 [1.135715, 2.419100] 
      block0/fir:run:inst/temp:temp:and.itm                                                                                                        0.0000 2.4191 [1.135715, 2.419100] 
      block0/fir:run:inst/reg(temp)                                   mgc_reg_pos_19_0_0_1_1_1_1_1                                                 0.0000 2.4191                      
                                                                                                                                                                                      
    8                                                                 block1/fir:run:inst/reg(SHIFT:i(3:0).sva(2:0)) block1/fir:run:inst/reg(temp) 2.4191 7.5809                      
                                                                                                                                                                                      
      Instance                                                        Component                                                                    Delta  Delay  [MIN, MAX]           
      --------                                                        ---------                                                                    -----  -----  ------------------   
      block1/fir:run:inst/reg(SHIFT:i(3:0).sva(2:0))                  mgc_reg_pos_3_0_0_1_1_1_1_1                                                  0.1060 0.1060                      
      block1/fir:run:inst/SHIFT:i(3:0).sva(2:0)                                                                                                    0.0000 0.1060                      
      block1/fir:run:inst/SHIFT:i:slc(SHIFT:i(3:0).sva(2:0))(2)#2                                                                                  0.0000 0.1060                      
      block1/fir:run:inst/SHIFT:i:slc(SHIFT:i(3:0).sva(2:0))(2)#2.itm                                                                              0.0000 0.1060                      
      block1/fir:run:inst/not#9                                       mgc_not_1_1                                                                  0.0390 0.1450                      
      block1/fir:run:inst/not#9.itm                                                                                                                0.0000 0.1450                      
      block1/fir:run:inst/or#9                                        mgc_or_1_2_2                                                                 0.0776 0.2226                      
      block1/fir:run:inst/or.dcpl#9                                                                                                                0.0000 0.2226                      
      block1/fir:run:inst/or#16                                       mgc_or_1_2_2                                                                 0.0776 0.3001                      
      block1/fir:run:inst/or.dcpl#16                                                                                                               0.0000 0.3001                      
      block1/fir:run:inst/not#35                                      mgc_not_1_1                                                                  0.0390 0.3391                      
      block1/fir:run:inst/not#35.itm                                                                                                               0.0000 0.3391                      
      block1/fir:run:inst/MAC:and#3                                   mgc_and_1_2_4                                                                0.0775 0.4166                      
      block1/fir:run:inst/MAC:and#3.itm                                                                                                            0.0000 0.4166                      
      block1/fir:run:inst/MAC:or                                      mgc_or_1_7_4                                                                 0.1262 0.5428                      
      block1/fir:run:inst/MAC:or.itm                                                                                                               0.0000 0.5428                      
      block1/fir:run:inst/MAC:MAC:mux1h                               mgc_mux1hot_8_9_4                                                            0.1700 0.7128                      
      block1/fir:run:inst/MAC:MAC:mux1h.itm                                                                                                        0.0000 0.7128                      
      block1/fir:run:inst/MAC:mul                                     mgc_mul_8_1_8_1_16_7                                                         1.1570 1.8698 [0.892738, 1.869838] 
      block1/fir:run:inst/MAC:mul.itm                                                                                                              0.0000 1.8698 [0.892738, 1.869838] 
      block1/fir:run:inst/MAC:acc#1                                   mgc_addc_19_0_16_1_19_7                                                      0.4718 2.3416 [1.058215, 2.341600] 
      block1/fir:run:inst/temp.sva#2                                                                                                               0.0000 2.3416 [1.058215, 2.341600] 
      block1/fir:run:inst/temp:temp:and                               mgc_and_19_2_4                                                               0.0775 2.4191 [1.135715, 2.419100] 
      block1/fir:run:inst/temp:temp:and.itm                                                                                                        0.0000 2.4191 [1.135715, 2.419100] 
      block1/fir:run:inst/reg(temp)                                   mgc_reg_pos_19_0_0_1_1_1_1_1                                                 0.0000 2.4191                      
                                                                                                                                                                                      
    9                                                                 block0/fir:run:inst/reg(SHIFT:i(3:0).sva(2:0)) block0/fir:run:inst/reg(temp) 2.3801 7.6199                      
                                                                                                                                                                                      
      Instance                                                        Component                                                                    Delta  Delay  [MIN, MAX]           
      --------                                                        ---------                                                                    -----  -----  ------------------   
      block0/fir:run:inst/reg(SHIFT:i(3:0).sva(2:0))                  mgc_reg_pos_3_0_0_1_1_1_1_1                                                  0.1060 0.1060                      
      block0/fir:run:inst/SHIFT:i(3:0).sva(2:0)                                                                                                    0.0000 0.1060                      
      block0/fir:run:inst/SHIFT:i:slc(SHIFT:i(3:0).sva(2:0))(0)#4                                                                                  0.0000 0.1060                      
      block0/fir:run:inst/SHIFT:i:slc(SHIFT:i(3:0).sva(2:0))(0)#4.itm                                                                              0.0000 0.1060                      
      block0/fir:run:inst/or#11                                       mgc_or_1_2_2                                                                 0.0776 0.1836                      
      block0/fir:run:inst/or.dcpl#11                                                                                                               0.0000 0.1836                      
      block0/fir:run:inst/or#12                                       mgc_or_1_2_2                                                                 0.0776 0.2611                      
      block0/fir:run:inst/or.dcpl#12                                                                                                               0.0000 0.2611                      
      block0/fir:run:inst/not#33                                      mgc_not_1_1                                                                  0.0390 0.3001                      
      block0/fir:run:inst/not#33.itm                                                                                                               0.0000 0.3001                      
      block0/fir:run:inst/MAC:and#1                                   mgc_and_1_2_4                                                                0.0775 0.3776                      
      block0/fir:run:inst/MAC:and#1.itm                                                                                                            0.0000 0.3776                      
      block0/fir:run:inst/MAC:or                                      mgc_or_1_7_4                                                                 0.1262 0.5038                      
      block0/fir:run:inst/MAC:or.itm                                                                                                               0.0000 0.5038                      
      block0/fir:run:inst/MAC:MAC:mux1h                               mgc_mux1hot_8_9_4                                                            0.1700 0.6738                      
      block0/fir:run:inst/MAC:MAC:mux1h.itm                                                                                                        0.0000 0.6738                      
      block0/fir:run:inst/MAC:mul                                     mgc_mul_8_1_8_1_16_7                                                         1.1570 1.8308 [0.853738, 1.830838] 
      block0/fir:run:inst/MAC:mul.itm                                                                                                              0.0000 1.8308 [0.853738, 1.830838] 
      block0/fir:run:inst/MAC:acc#1                                   mgc_addc_19_0_16_1_19_7                                                      0.4718 2.3026 [1.019215, 2.302600] 
      block0/fir:run:inst/temp.sva#2                                                                                                               0.0000 2.3026 [1.019215, 2.302600] 
      block0/fir:run:inst/temp:temp:and                               mgc_and_19_2_4                                                               0.0775 2.3801 [1.096715, 2.380100] 
      block0/fir:run:inst/temp:temp:and.itm                                                                                                        0.0000 2.3801 [1.096715, 2.380100] 
      block0/fir:run:inst/reg(temp)                                   mgc_reg_pos_19_0_0_1_1_1_1_1                                                 0.0000 2.3801                      
                                                                                                                                                                                      
    10                                                                block1/fir:run:inst/reg(SHIFT:i(3:0).sva(2:0)) block1/fir:run:inst/reg(temp) 2.3801 7.6199                      
                                                                                                                                                                                      
      Instance                                                        Component                                                                    Delta  Delay  [MIN, MAX]           
      --------                                                        ---------                                                                    -----  -----  ------------------   
      block1/fir:run:inst/reg(SHIFT:i(3:0).sva(2:0))                  mgc_reg_pos_3_0_0_1_1_1_1_1                                                  0.1060 0.1060                      
      block1/fir:run:inst/SHIFT:i(3:0).sva(2:0)                                                                                                    0.0000 0.1060                      
      block1/fir:run:inst/SHIFT:i:slc(SHIFT:i(3:0).sva(2:0))(0)#4                                                                                  0.0000 0.1060                      
      block1/fir:run:inst/SHIFT:i:slc(SHIFT:i(3:0).sva(2:0))(0)#4.itm                                                                              0.0000 0.1060                      
      block1/fir:run:inst/or#11                                       mgc_or_1_2_2                                                                 0.0776 0.1836                      
      block1/fir:run:inst/or.dcpl#11                                                                                                               0.0000 0.1836                      
      block1/fir:run:inst/or#12                                       mgc_or_1_2_2                                                                 0.0776 0.2611                      
      block1/fir:run:inst/or.dcpl#12                                                                                                               0.0000 0.2611                      
      block1/fir:run:inst/not#33                                      mgc_not_1_1                                                                  0.0390 0.3001                      
      block1/fir:run:inst/not#33.itm                                                                                                               0.0000 0.3001                      
      block1/fir:run:inst/MAC:and#1                                   mgc_and_1_2_4                                                                0.0775 0.3776                      
      block1/fir:run:inst/MAC:and#1.itm                                                                                                            0.0000 0.3776                      
      block1/fir:run:inst/MAC:or                                      mgc_or_1_7_4                                                                 0.1262 0.5038                      
      block1/fir:run:inst/MAC:or.itm                                                                                                               0.0000 0.5038                      
      block1/fir:run:inst/MAC:MAC:mux1h                               mgc_mux1hot_8_9_4                                                            0.1700 0.6738                      
      block1/fir:run:inst/MAC:MAC:mux1h.itm                                                                                                        0.0000 0.6738                      
      block1/fir:run:inst/MAC:mul                                     mgc_mul_8_1_8_1_16_7                                                         1.1570 1.8308 [0.853738, 1.830838] 
      block1/fir:run:inst/MAC:mul.itm                                                                                                              0.0000 1.8308 [0.853738, 1.830838] 
      block1/fir:run:inst/MAC:acc#1                                   mgc_addc_19_0_16_1_19_7                                                      0.4718 2.3026 [1.019215, 2.302600] 
      block1/fir:run:inst/temp.sva#2                                                                                                               0.0000 2.3026 [1.019215, 2.302600] 
      block1/fir:run:inst/temp:temp:and                               mgc_and_19_2_4                                                               0.0775 2.3801 [1.096715, 2.380100] 
      block1/fir:run:inst/temp:temp:and.itm                                                                                                        0.0000 2.3801 [1.096715, 2.380100] 
      block1/fir:run:inst/reg(temp)                                   mgc_reg_pos_19_0_0_1_1_1_1_1                                                 0.0000 2.3801                      
                                                                                                                                                                                      
    
  Register Input and Register-to-Output Slack
    Clock period or pin-to-reg delay constraint (clk): 10.0
    Clock uncertainty constraint (clk)               : 0.0
    
    Instance                               Port                                                  Slack (Delay) Messages 
    -------------------------------------- ---------------------------------------------------- ------ ------- --------
    decimator:run/reg(dout:rsci.idat)      din:rsci.idat.mxwt                                   9.8940  0.1060          
    decimator:run/reg(dout:rsci.iswt0)     and#2.itm                                            9.7194  0.2806          
    decimator:run/reg(din:rsci.iswt0)      temp:not.itm                                         9.9610  0.0390          
    decimator:run/reg(count(2:0).sva(1:0)) acc.itm                                              9.7085  0.2915          
    fir:run/reg(input:rsci.oswt)           and#4.itm                                            9.3633  0.6367          
    fir:run/reg(regs(5))                   SHIFT:else:SHIFT:else:slc(regs,*8)(7-0)#1.ctmp.sva#1 7.7807  2.2193          
    fir:run/reg(regs(1))                   SHIFT:else:SHIFT:else:slc(regs,*8)(7-0)#1.ctmp.sva#1 7.7807  2.2193          
    fir:run/reg(regs(6))                   SHIFT:else:SHIFT:else:slc(regs,*8)(7-0)#1.ctmp.sva#1 7.7807  2.2193          
    fir:run/reg(regs(2))                   SHIFT:else:SHIFT:else:slc(regs,*8)(7-0)#1.ctmp.sva#1 7.7807  2.2193          
    fir:run/reg(regs(7))                   SHIFT:else:SHIFT:else:slc(regs,*8)(7-0)#1.ctmp.sva#1 7.7807  2.2193          
    fir:run/reg(regs(3))                   SHIFT:else:SHIFT:else:slc(regs,*8)(7-0)#1.ctmp.sva#1 7.7807  2.2193          
    fir:run/reg(SHIFT:i(3:0).sva(2:0))     SHIFT:i:SHIFT:i:or.itm                               9.5783  0.4217          
    fir:run/reg(regs(0))                   regs(0).lpi#2:mx1                                    7.7485  2.2515          
    fir:run/reg(regs(4))                   SHIFT:else:SHIFT:else:slc(regs,*8)(7-0)#1.ctmp.sva#1 7.7807  2.2193          
    fir:run/reg(MAC:i(3:0).sva(2:0))       SHIFT:i:SHIFT:i:or#1.itm                             9.5783  0.4217          
    fir:run/reg(temp)                      temp:temp:and.itm                                    7.5809  2.4191          
    fir:run/reg(output:rsci.idat)          temp:slc(temp.sva#2)(18-11).itm                      7.7259  2.2741          
    fir:run/reg(output:rsci.iswt0)         and#28.itm                                           9.4665  0.5335          
    top                                    din:rsc.rdy                                          9.8940  0.1060          
    top                                    dout:rsc.dat                                         9.8940  0.1060          
    top                                    dout:rsc.vld                                         9.8940  0.1060          
    
Operator Bitwidth Summary
  Operation  Size (bits) Count 
  ---------- ----------- -----
  add                          
  -                    4     4 
  -                    2     1 
  -                   19     2 
  and                          
  -                   19     2 
  -                    1    80 
  mul                          
  -                   16     2 
  mux                          
  -                    8     6 
  mux1h                        
  -                    8     2 
  nand                         
  -                    1     2 
  nor                          
  -                    1    29 
  not                          
  -                    1    59 
  or                           
  -                    3     4 
  -                    1    32 
  read_port                    
  -                    8     3 
  reg                          
  -                    8    19 
  -                    3     4 
  -                    2     1 
  -                   19     2 
  -                    1     6 
  write_port                   
  -                    0     3 
  
End of Report
