-- Catapult Ultra Synthesis: Report                                              
-- ------------------------- ---------------------------------------------------
-- Version:                  2023.2/1059873 Production Release                   
-- Build Date:               Mon Aug  7 10:54:31 PDT 2023                        
                                                                                 
-- Generated by:             r12016@cad40                                        
-- Generated date:           Sun Mar 24 17:02:15 CST 2024                        

Solution Settings: fir.v1
  Current state: extract
  Project: Catapult

Design Input Files Specified
  $PROJECT_HOME/fir.h
    $MGC_HOME/shared/include/ac_int.h
    $MGC_HOME/shared/include/ac_channel.h
    $MGC_HOME/shared/include/mc_scverify.h
  $PROJECT_HOME/fir_tb.cpp

Processes/Blocks in Design
  Process       Real Operation(s) count Latency Throughput Reset Length II Comments 
  ------------- ----------------------- ------- ---------- ------------ -- --------
  /fir/run                           37      17         18            1  0          
  Design Total:                      37      17         18            1  0          
  
Bill Of Materials (Datapath)
  Component Name                              Area Score Area(Combinational) AreaSeq Delay Post Alloc Post Assign 
  ------------------------------------------- ---------- ------------------- ------- ----- ---------- -----------
  [Lib: ccs_ioport]                                                                                               
  ccs_in_wait(1,8)                                 0.000               0.000   0.000 0.000          1           1 
  ccs_in_wait(3,5)                                 0.000               0.000   0.000 0.000          1           1 
  ccs_out_wait(4,8)                                0.000               0.000   0.000 0.000          1           1 
  [Lib: ccs_sample_mem]                                                                                           
  ccs_ram_sync_1R1W_rport(2,8,8,256,256,8,5)       0.000               0.000   0.000 0.500          1           0 
  ccs_ram_sync_1R1W_rwport(2,8,8,256,256,8,5)      0.000               0.000   0.000 0.500          1           0 
  [Lib: mgc_ioport]                                                                                               
  mgc_io_sync(0)                                   0.000               0.000   0.000 0.000          1           1 
  [Lib: nangate-45nm_beh]                                                                                         
  mgc_add(19,0,16,1,19,7)                         82.990              58.167   0.000 1.449          1           1 
  mgc_add(3,0,1,1,4,7)                            15.630               0.000   0.000 0.308          2           2 
  mgc_and(1,2,4)                                   1.064               0.000   0.000 0.077          0          20 
  mgc_and(1,3,4)                                   1.330               0.000   0.000 0.084          0           3 
  mgc_and(19,2,4)                                 20.216              25.538   0.000 0.077          0           1 
  mgc_mul(8,1,8,1,16,7)                          288.429             332.359   0.000 1.157          1           1 
  mgc_mux(8,1,2,1)                                25.536              45.010   0.000 0.114          0           1 
  mgc_mux(8,1,2,2)                                25.536              35.852   0.000 0.113          8           0 
  mgc_mux(8,3,8,5)                                63.840              75.762   0.000 0.237          2           2 
  mgc_nand(1,2,4)                                  0.798               0.000   0.000 0.061          0           1 
  mgc_nor(1,2,2)                                   0.798               0.000   0.000 0.097          0           6 
  mgc_nor(1,3,4)                                   1.064               0.000   0.000 0.132          0           7 
  mgc_not(1,1)                                     0.532               0.532   0.000 0.039          0          22 
  mgc_or(1,2,2)                                    1.064               0.616   0.000 0.078          0           9 
  mgc_or(3,2,2)                                    3.192               3.220   0.000 0.079          0           2 
  mgc_reg_pos(1,0,0,1,1,0,0,1)                     6.384               1.862   4.522 0.106          0           2 
  mgc_reg_pos(1,0,0,1,1,1,1,1)                     6.384               1.862   4.522 0.106          0           4 
  mgc_reg_pos(19,0,0,1,1,1,1,1)                  121.296              35.378  85.918 0.106          0           1 
  mgc_reg_pos(3,0,0,1,1,1,1,1)                    19.152               5.586  13.566 0.106          0           2 
  mgc_reg_pos(4,0,0,1,1,1,1,1)                    25.536               7.448  18.088 0.106          0           2 
  mgc_reg_pos(5,0,0,1,1,1,1,1)                    31.920               9.310  22.610 0.106          0           1 
  mgc_reg_pos(8,0,0,1,1,1,1,1)                    51.072              14.896  36.176 0.106          0          10 
                                                                                                                  
  TOTAL AREA (After Assignment):                1433.694             867.000 561.000                              
  
Area Scores
                    Post-Scheduling  Post-DP & FSM Post-Assignment 
  ----------------- --------------- -------------- ---------------
  Total Area Score:   1762.5         1587.2          1461.7        
  Total Reg:          1027.8  (58%)   817.6  (52%)    817.6  (56%) 
                                                                   
  DataPath:           1762.5 (100%)  1559.2  (98%)   1433.7  (98%) 
    MUX:               332.0  (19%)   270.0  (17%)    153.2  (11%) 
    FUNC:              402.7  (23%)   402.7  (26%)    402.7  (28%) 
    LOGIC:               0.0           94.9   (6%)     86.2   (6%) 
    BUFFER:              0.0            0.0             0.0        
    MEM:                 0.0            0.0             0.0        
    ROM:                 0.0            0.0             0.0        
    REG:              1027.8  (58%)   791.6  (51%)    791.6  (55%) 
                                                                   
  
  FSM:                   0.0           28.0   (2%)     28.0   (2%) 
    FSM-REG:             0.0           26.0  (93%)     26.0  (93%) 
    FSM-COMB:            0.0            2.0   (7%)      2.0   (7%) 
                                                                   
  
  
  (MUX = multiplexers; FUNC = datapath logic (e.g. add/mult); LOGIC = control logic)

Register-to-Variable Mappings
  Register                         Size(bits) Gated Register CG Opt Done Variables                                             
  -------------------------------- ---------- -------------- ----------- -----------------------------------------------------
  temp.sva                                 19         Y           Y      temp.sva                                              
  coeffs:rsci.q_d.bfwt                      8         Y           Y      coeffs:rsci.q_d.bfwt                                  
  output:rsci.idat                          8         Y           Y      output:rsci.idat                                      
  regs(0).lpi#2                             8         Y           Y      regs(0).lpi#2                                         
                                                                         regs(0).lpi#2.dfm                                     
                                                                         regs(0).sva                                           
  regs(1).lpi#2                             8         Y           Y      regs(1).lpi#2                                         
                                                                         regs(1).lpi#2.dfm                                     
                                                                         regs(1).sva                                           
  regs(2).lpi#2                             8         Y           Y      regs(2).lpi#2                                         
                                                                         regs(2).lpi#2.dfm                                     
                                                                         regs(2).sva                                           
  regs(3).lpi#2                             8         Y           Y      regs(3).lpi#2                                         
                                                                         regs(3).lpi#2.dfm                                     
                                                                         regs(3).sva                                           
  regs(4).lpi#2                             8         Y           Y      regs(4).lpi#2                                         
                                                                         regs(4).lpi#2.dfm                                     
                                                                         regs(4).sva                                           
  regs(5).lpi#2                             8         Y           Y      regs(5).lpi#2                                         
                                                                         regs(5).lpi#2.dfm                                     
                                                                         regs(5).sva                                           
  regs(6).lpi#2                             8         Y           Y      regs(6).lpi#2                                         
                                                                         regs(6).lpi#2.dfm                                     
                                                                         regs(6).sva                                           
  regs(7).lpi#2                             8         Y           Y      regs(7).lpi#2                                         
                                                                         regs(7).lpi#2.dfm                                     
  addr.sva                                  5         Y           Y      addr.sva                                              
  MAC:i(3:0).sva#1                          4         Y                  MAC:i(3:0).sva#1                                      
  SHIFT:i(3:0).sva#1                        4         Y                  SHIFT:i(3:0).sva#1                                    
  MAC:i(3:0).sva(2:0)                       3         Y           Y      MAC:i(3:0).sva(2:0)                                   
  SHIFT:i(3:0).sva(2:0)                     3         Y                  SHIFT:i(3:0).sva(2:0)                                 
  coeffs:rsci.bcwt                          1                            coeffs:rsci.bcwt                                      
  reg(coeff_addr:rsci.iswt0).cse            1         Y                  reg(coeff_addr:rsci.iswt0).cse                        
  reg(coeffs.triosy:obj.iswt0).cse          1         Y                  reg(coeffs.triosy:obj.iswt0).cse                      
  reg(coeffs:rsci.iswt0).cse                1         Y                  reg(coeffs:rsci.iswt0).cse                            
  reg(input:rsci.iswt0).cse                 1         Y                  reg(input:rsci.iswt0).cse                             
  run.wten.reg                              1                            run.wten.reg                                          
                                                                                                                               
  Total:                                  124            122         107 (Total Gating Ratio: 0.98, CG Opt Gating Ratio: 0.86) 
  
Timing Report
  Critical Path
    Max Delay:  2.3204070000000003
    Slack:      7.679593
    
    Path                                                                                                           Startpoint                            Endpoint                           Delay   Slack                       
    -------------------------------------------------------------------------------------------------------------- ------------------------------------- ---------------------------------- ------- ------ --------------------
    1                                                                                                              fir/coeffs:rsc.q                      fir:run:inst/reg(temp)             2.3204  7.6796                      
                                                                                                                                                                                                                                
      Instance                                                                                                     Component                                                                Delta   Delay  [MIN, MAX]           
      --------                                                                                                     ---------                                                                -----   -----  ------------------   
      fir/coeffs:rsc.q                                                                                                                                                                      0.5000  0.5000                      
      coeffs:rsci/q                                                                                                                                                                         0.0000  0.5000                      
      coeffs:rsci/MAC:wrs(q_d)(7-0)                                                                                                                                                         0.0000  0.5000                      
      coeffs:rsci/q_d                                                                                                                                                                       0.0000  0.5000                      
      fir/coeffs:rsci.q_d                                                                                                                                                                   0.0000  0.5000                      
      fir:run:inst/coeffs:rsci.q_d                                                                                                                                                          0.0000  0.5000                      
      fir:run:inst/fir:run:coeffs:rsci#1:inst/coeffs:rsci.q_d                                                                                                                               0.0000  0.5000                      
      fir:run:inst/fir:run:coeffs:rsci#1:inst/fir:run:coeffs:rsci#1:coeffs:rsc.@:wait_dp:inst/coeffs:rsci.q_d                                                                               0.0000  0.5000                      
      fir:run:inst/fir:run:coeffs:rsci#1:inst/fir:run:coeffs:rsci#1:coeffs:rsc.@:wait_dp:inst/MAC:mux#3            mgc_mux_8_1_2_1                                                          0.1141  0.6141                      
      fir:run:inst/fir:run:coeffs:rsci#1:inst/fir:run:coeffs:rsci#1:coeffs:rsc.@:wait_dp:inst/coeffs:rsci.q_d.mxwt                                                                          0.0000  0.6141                      
      fir:run:inst/fir:run:coeffs:rsci#1:inst/coeffs:rsci.q_d.mxwt                                                                                                                          0.0000  0.6141                      
      fir:run:inst/coeffs:rsci.q_d.mxwt                                                                                                                                                     0.0000  0.6141                      
      fir:run:inst/MAC:asn#1                                                                                                                                                                0.0000  0.6141                      
      fir:run:inst/MAC:asn#1.itm                                                                                                                                                            0.0000  0.6141                      
      fir:run:inst/MAC:mul                                                                                         mgc_mul_8_1_8_1_16_7                                                     1.1570  1.7711 [0.794045, 1.771145] 
      fir:run:inst/MAC:mul.itm                                                                                                                                                              0.0000  1.7711 [0.794045, 1.771145] 
      fir:run:inst/MAC:acc#2                                                                                       mgc_addc_19_0_16_1_19_7                                                  0.4718  2.2429 [0.959522, 2.242907] 
      fir:run:inst/temp.sva#2                                                                                                                                                               0.0000  2.2429 [0.959522, 2.242907] 
      fir:run:inst/temp:temp:and                                                                                   mgc_and_19_2_4                                                           0.0775  2.3204 [1.037022, 2.320407] 
      fir:run:inst/temp:temp:and.itm                                                                                                                                                        0.0000  2.3204 [1.037022, 2.320407] 
      fir:run:inst/reg(temp)                                                                                       mgc_reg_pos_19_0_0_1_1_1_1_1                                             0.0000  2.3204                      
                                                                                                                                                                                                                                
    2                                                                                                              fir/coeffs:rsc.q                      fir:run:inst/reg(output:rsci.idat) 2.1754  7.8246                      
                                                                                                                                                                                                                                
      Instance                                                                                                     Component                                                                Delta   Delay  [MIN, MAX]           
      --------                                                                                                     ---------                                                                -----   -----  ------------------   
      fir/coeffs:rsc.q                                                                                                                                                                      0.5000  0.5000                      
      coeffs:rsci/q                                                                                                                                                                         0.0000  0.5000                      
      coeffs:rsci/MAC:wrs(q_d)(7-0)                                                                                                                                                         0.0000  0.5000                      
      coeffs:rsci/q_d                                                                                                                                                                       0.0000  0.5000                      
      fir/coeffs:rsci.q_d                                                                                                                                                                   0.0000  0.5000                      
      fir:run:inst/coeffs:rsci.q_d                                                                                                                                                          0.0000  0.5000                      
      fir:run:inst/fir:run:coeffs:rsci#1:inst/coeffs:rsci.q_d                                                                                                                               0.0000  0.5000                      
      fir:run:inst/fir:run:coeffs:rsci#1:inst/fir:run:coeffs:rsci#1:coeffs:rsc.@:wait_dp:inst/coeffs:rsci.q_d                                                                               0.0000  0.5000                      
      fir:run:inst/fir:run:coeffs:rsci#1:inst/fir:run:coeffs:rsci#1:coeffs:rsc.@:wait_dp:inst/MAC:mux#3            mgc_mux_8_1_2_1                                                          0.1141  0.6141                      
      fir:run:inst/fir:run:coeffs:rsci#1:inst/fir:run:coeffs:rsci#1:coeffs:rsc.@:wait_dp:inst/coeffs:rsci.q_d.mxwt                                                                          0.0000  0.6141                      
      fir:run:inst/fir:run:coeffs:rsci#1:inst/coeffs:rsci.q_d.mxwt                                                                                                                          0.0000  0.6141                      
      fir:run:inst/coeffs:rsci.q_d.mxwt                                                                                                                                                     0.0000  0.6141                      
      fir:run:inst/MAC:asn#1                                                                                                                                                                0.0000  0.6141                      
      fir:run:inst/MAC:asn#1.itm                                                                                                                                                            0.0000  0.6141                      
      fir:run:inst/MAC:mul                                                                                         mgc_mul_8_1_8_1_16_7                                                     1.1570  1.7711 [0.794045, 1.771145] 
      fir:run:inst/MAC:mul.itm                                                                                                                                                              0.0000  1.7711 [0.794045, 1.771145] 
      fir:run:inst/MAC:acc#2                                                                                       mgc_addc_19_0_16_1_19_7                                                  0.4718  2.2429 [0.959522, 2.242907] 
      fir:run:inst/temp.sva#2                                                                                                                                                               0.0000  2.2429 [0.959522, 2.242907] 
      fir:run:inst/temp:slc(temp.sva#2)(18-11)                                                                                                                                              -0.0675 2.1754 [1.702534, 2.175360] 
      fir:run:inst/temp:slc(temp.sva#2)(18-11).itm                                                                                                                                          0.0000  2.1754 [1.702534, 2.175360] 
      fir:run:inst/reg(output:rsci.idat)                                                                           mgc_reg_pos_8_0_0_1_1_1_1_1                                              0.0000  2.1754                      
                                                                                                                                                                                                                                
    3                                                                                                              fir:run:inst/reg(regs(0))             fir:run:inst/reg(output:rsci.idat) 1.9043  8.0957                      
                                                                                                                                                                                                                                
      Instance                                                                                                     Component                                                                Delta   Delay  [MIN, MAX]           
      --------                                                                                                     ---------                                                                -----   -----  ------------------   
      fir:run:inst/reg(regs(0))                                                                                    mgc_reg_pos_8_0_0_1_1_1_1_1                                              0.1060  0.1060                      
      fir:run:inst/regs(0).lpi#2                                                                                                                                                            0.0000  0.1060                      
      fir:run:inst/MAC:mux                                                                                         mgc_mux_8_3_8_5                                                          0.2371  0.3431                      
      fir:run:inst/MAC:mux.itm                                                                                                                                                              0.0000  0.3431                      
      fir:run:inst/MAC:mul                                                                                         mgc_mul_8_1_8_1_16_7                                                     1.1570  1.5001 [0.523001, 1.500101] 
      fir:run:inst/MAC:mul.itm                                                                                                                                                              0.0000  1.5001 [0.523001, 1.500101] 
      fir:run:inst/MAC:acc#2                                                                                       mgc_addc_19_0_16_1_19_7                                                  0.4718  1.9719 [0.688478, 1.971863] 
      fir:run:inst/temp.sva#2                                                                                                                                                               0.0000  1.9719 [0.688478, 1.971863] 
      fir:run:inst/temp:slc(temp.sva#2)(18-11)                                                                                                                                              -0.0675 1.9043 [1.431490, 1.904316] 
      fir:run:inst/temp:slc(temp.sva#2)(18-11).itm                                                                                                                                          0.0000  1.9043 [1.431490, 1.904316] 
      fir:run:inst/reg(output:rsci.idat)                                                                           mgc_reg_pos_8_0_0_1_1_1_1_1                                              0.0000  1.9043                      
                                                                                                                                                                                                                                
    4                                                                                                              fir:run:inst/reg(regs(1))             fir:run:inst/reg(output:rsci.idat) 1.9043  8.0957                      
                                                                                                                                                                                                                                
      Instance                                                                                                     Component                                                                Delta   Delay  [MIN, MAX]           
      --------                                                                                                     ---------                                                                -----   -----  ------------------   
      fir:run:inst/reg(regs(1))                                                                                    mgc_reg_pos_8_0_0_1_1_1_1_1                                              0.1060  0.1060                      
      fir:run:inst/regs(1).lpi#2                                                                                                                                                            0.0000  0.1060                      
      fir:run:inst/MAC:mux                                                                                         mgc_mux_8_3_8_5                                                          0.2371  0.3431                      
      fir:run:inst/MAC:mux.itm                                                                                                                                                              0.0000  0.3431                      
      fir:run:inst/MAC:mul                                                                                         mgc_mul_8_1_8_1_16_7                                                     1.1570  1.5001 [0.523001, 1.500101] 
      fir:run:inst/MAC:mul.itm                                                                                                                                                              0.0000  1.5001 [0.523001, 1.500101] 
      fir:run:inst/MAC:acc#2                                                                                       mgc_addc_19_0_16_1_19_7                                                  0.4718  1.9719 [0.688478, 1.971863] 
      fir:run:inst/temp.sva#2                                                                                                                                                               0.0000  1.9719 [0.688478, 1.971863] 
      fir:run:inst/temp:slc(temp.sva#2)(18-11)                                                                                                                                              -0.0675 1.9043 [1.431490, 1.904316] 
      fir:run:inst/temp:slc(temp.sva#2)(18-11).itm                                                                                                                                          0.0000  1.9043 [1.431490, 1.904316] 
      fir:run:inst/reg(output:rsci.idat)                                                                           mgc_reg_pos_8_0_0_1_1_1_1_1                                              0.0000  1.9043                      
                                                                                                                                                                                                                                
    5                                                                                                              fir:run:inst/reg(regs(2))             fir:run:inst/reg(output:rsci.idat) 1.9043  8.0957                      
                                                                                                                                                                                                                                
      Instance                                                                                                     Component                                                                Delta   Delay  [MIN, MAX]           
      --------                                                                                                     ---------                                                                -----   -----  ------------------   
      fir:run:inst/reg(regs(2))                                                                                    mgc_reg_pos_8_0_0_1_1_1_1_1                                              0.1060  0.1060                      
      fir:run:inst/regs(2).lpi#2                                                                                                                                                            0.0000  0.1060                      
      fir:run:inst/MAC:mux                                                                                         mgc_mux_8_3_8_5                                                          0.2371  0.3431                      
      fir:run:inst/MAC:mux.itm                                                                                                                                                              0.0000  0.3431                      
      fir:run:inst/MAC:mul                                                                                         mgc_mul_8_1_8_1_16_7                                                     1.1570  1.5001 [0.523001, 1.500101] 
      fir:run:inst/MAC:mul.itm                                                                                                                                                              0.0000  1.5001 [0.523001, 1.500101] 
      fir:run:inst/MAC:acc#2                                                                                       mgc_addc_19_0_16_1_19_7                                                  0.4718  1.9719 [0.688478, 1.971863] 
      fir:run:inst/temp.sva#2                                                                                                                                                               0.0000  1.9719 [0.688478, 1.971863] 
      fir:run:inst/temp:slc(temp.sva#2)(18-11)                                                                                                                                              -0.0675 1.9043 [1.431490, 1.904316] 
      fir:run:inst/temp:slc(temp.sva#2)(18-11).itm                                                                                                                                          0.0000  1.9043 [1.431490, 1.904316] 
      fir:run:inst/reg(output:rsci.idat)                                                                           mgc_reg_pos_8_0_0_1_1_1_1_1                                              0.0000  1.9043                      
                                                                                                                                                                                                                                
    6                                                                                                              fir:run:inst/reg(regs(3))             fir:run:inst/reg(output:rsci.idat) 1.9043  8.0957                      
                                                                                                                                                                                                                                
      Instance                                                                                                     Component                                                                Delta   Delay  [MIN, MAX]           
      --------                                                                                                     ---------                                                                -----   -----  ------------------   
      fir:run:inst/reg(regs(3))                                                                                    mgc_reg_pos_8_0_0_1_1_1_1_1                                              0.1060  0.1060                      
      fir:run:inst/regs(3).lpi#2                                                                                                                                                            0.0000  0.1060                      
      fir:run:inst/MAC:mux                                                                                         mgc_mux_8_3_8_5                                                          0.2371  0.3431                      
      fir:run:inst/MAC:mux.itm                                                                                                                                                              0.0000  0.3431                      
      fir:run:inst/MAC:mul                                                                                         mgc_mul_8_1_8_1_16_7                                                     1.1570  1.5001 [0.523001, 1.500101] 
      fir:run:inst/MAC:mul.itm                                                                                                                                                              0.0000  1.5001 [0.523001, 1.500101] 
      fir:run:inst/MAC:acc#2                                                                                       mgc_addc_19_0_16_1_19_7                                                  0.4718  1.9719 [0.688478, 1.971863] 
      fir:run:inst/temp.sva#2                                                                                                                                                               0.0000  1.9719 [0.688478, 1.971863] 
      fir:run:inst/temp:slc(temp.sva#2)(18-11)                                                                                                                                              -0.0675 1.9043 [1.431490, 1.904316] 
      fir:run:inst/temp:slc(temp.sva#2)(18-11).itm                                                                                                                                          0.0000  1.9043 [1.431490, 1.904316] 
      fir:run:inst/reg(output:rsci.idat)                                                                           mgc_reg_pos_8_0_0_1_1_1_1_1                                              0.0000  1.9043                      
                                                                                                                                                                                                                                
    7                                                                                                              fir:run:inst/reg(regs(7))             fir:run:inst/reg(output:rsci.idat) 1.9043  8.0957                      
                                                                                                                                                                                                                                
      Instance                                                                                                     Component                                                                Delta   Delay  [MIN, MAX]           
      --------                                                                                                     ---------                                                                -----   -----  ------------------   
      fir:run:inst/reg(regs(7))                                                                                    mgc_reg_pos_8_0_0_1_1_1_1_1                                              0.1060  0.1060                      
      fir:run:inst/regs(7).lpi#2                                                                                                                                                            0.0000  0.1060                      
      fir:run:inst/MAC:mux                                                                                         mgc_mux_8_3_8_5                                                          0.2371  0.3431                      
      fir:run:inst/MAC:mux.itm                                                                                                                                                              0.0000  0.3431                      
      fir:run:inst/MAC:mul                                                                                         mgc_mul_8_1_8_1_16_7                                                     1.1570  1.5001 [0.523001, 1.500101] 
      fir:run:inst/MAC:mul.itm                                                                                                                                                              0.0000  1.5001 [0.523001, 1.500101] 
      fir:run:inst/MAC:acc#2                                                                                       mgc_addc_19_0_16_1_19_7                                                  0.4718  1.9719 [0.688478, 1.971863] 
      fir:run:inst/temp.sva#2                                                                                                                                                               0.0000  1.9719 [0.688478, 1.971863] 
      fir:run:inst/temp:slc(temp.sva#2)(18-11)                                                                                                                                              -0.0675 1.9043 [1.431490, 1.904316] 
      fir:run:inst/temp:slc(temp.sva#2)(18-11).itm                                                                                                                                          0.0000  1.9043 [1.431490, 1.904316] 
      fir:run:inst/reg(output:rsci.idat)                                                                           mgc_reg_pos_8_0_0_1_1_1_1_1                                              0.0000  1.9043                      
                                                                                                                                                                                                                                
    8                                                                                                              fir:run:inst/reg(MAC:i(3:0).sva(2:0)) fir:run:inst/reg(output:rsci.idat) 1.9043  8.0957                      
                                                                                                                                                                                                                                
      Instance                                                                                                     Component                                                                Delta   Delay  [MIN, MAX]           
      --------                                                                                                     ---------                                                                -----   -----  ------------------   
      fir:run:inst/reg(MAC:i(3:0).sva(2:0))                                                                        mgc_reg_pos_3_0_0_1_1_1_1_1                                              0.1060  0.1060                      
      fir:run:inst/MAC:i(3:0).sva(2:0)                                                                                                                                                      0.0000  0.1060                      
      fir:run:inst/MAC:mux                                                                                         mgc_mux_8_3_8_5                                                          0.2371  0.3431                      
      fir:run:inst/MAC:mux.itm                                                                                                                                                              0.0000  0.3431                      
      fir:run:inst/MAC:mul                                                                                         mgc_mul_8_1_8_1_16_7                                                     1.1570  1.5001 [0.523001, 1.500101] 
      fir:run:inst/MAC:mul.itm                                                                                                                                                              0.0000  1.5001 [0.523001, 1.500101] 
      fir:run:inst/MAC:acc#2                                                                                       mgc_addc_19_0_16_1_19_7                                                  0.4718  1.9719 [0.688478, 1.971863] 
      fir:run:inst/temp.sva#2                                                                                                                                                               0.0000  1.9719 [0.688478, 1.971863] 
      fir:run:inst/temp:slc(temp.sva#2)(18-11)                                                                                                                                              -0.0675 1.9043 [1.431490, 1.904316] 
      fir:run:inst/temp:slc(temp.sva#2)(18-11).itm                                                                                                                                          0.0000  1.9043 [1.431490, 1.904316] 
      fir:run:inst/reg(output:rsci.idat)                                                                           mgc_reg_pos_8_0_0_1_1_1_1_1                                              0.0000  1.9043                      
                                                                                                                                                                                                                                
    9                                                                                                              fir:run:inst/reg(regs(4))             fir:run:inst/reg(output:rsci.idat) 1.9043  8.0957                      
                                                                                                                                                                                                                                
      Instance                                                                                                     Component                                                                Delta   Delay  [MIN, MAX]           
      --------                                                                                                     ---------                                                                -----   -----  ------------------   
      fir:run:inst/reg(regs(4))                                                                                    mgc_reg_pos_8_0_0_1_1_1_1_1                                              0.1060  0.1060                      
      fir:run:inst/regs(4).lpi#2                                                                                                                                                            0.0000  0.1060                      
      fir:run:inst/MAC:mux                                                                                         mgc_mux_8_3_8_5                                                          0.2371  0.3431                      
      fir:run:inst/MAC:mux.itm                                                                                                                                                              0.0000  0.3431                      
      fir:run:inst/MAC:mul                                                                                         mgc_mul_8_1_8_1_16_7                                                     1.1570  1.5001 [0.523001, 1.500101] 
      fir:run:inst/MAC:mul.itm                                                                                                                                                              0.0000  1.5001 [0.523001, 1.500101] 
      fir:run:inst/MAC:acc#2                                                                                       mgc_addc_19_0_16_1_19_7                                                  0.4718  1.9719 [0.688478, 1.971863] 
      fir:run:inst/temp.sva#2                                                                                                                                                               0.0000  1.9719 [0.688478, 1.971863] 
      fir:run:inst/temp:slc(temp.sva#2)(18-11)                                                                                                                                              -0.0675 1.9043 [1.431490, 1.904316] 
      fir:run:inst/temp:slc(temp.sva#2)(18-11).itm                                                                                                                                          0.0000  1.9043 [1.431490, 1.904316] 
      fir:run:inst/reg(output:rsci.idat)                                                                           mgc_reg_pos_8_0_0_1_1_1_1_1                                              0.0000  1.9043                      
                                                                                                                                                                                                                                
    10                                                                                                             fir:run:inst/reg(regs(5))             fir:run:inst/reg(output:rsci.idat) 1.9043  8.0957                      
                                                                                                                                                                                                                                
      Instance                                                                                                     Component                                                                Delta   Delay  [MIN, MAX]           
      --------                                                                                                     ---------                                                                -----   -----  ------------------   
      fir:run:inst/reg(regs(5))                                                                                    mgc_reg_pos_8_0_0_1_1_1_1_1                                              0.1060  0.1060                      
      fir:run:inst/regs(5).lpi#2                                                                                                                                                            0.0000  0.1060                      
      fir:run:inst/MAC:mux                                                                                         mgc_mux_8_3_8_5                                                          0.2371  0.3431                      
      fir:run:inst/MAC:mux.itm                                                                                                                                                              0.0000  0.3431                      
      fir:run:inst/MAC:mul                                                                                         mgc_mul_8_1_8_1_16_7                                                     1.1570  1.5001 [0.523001, 1.500101] 
      fir:run:inst/MAC:mul.itm                                                                                                                                                              0.0000  1.5001 [0.523001, 1.500101] 
      fir:run:inst/MAC:acc#2                                                                                       mgc_addc_19_0_16_1_19_7                                                  0.4718  1.9719 [0.688478, 1.971863] 
      fir:run:inst/temp.sva#2                                                                                                                                                               0.0000  1.9719 [0.688478, 1.971863] 
      fir:run:inst/temp:slc(temp.sva#2)(18-11)                                                                                                                                              -0.0675 1.9043 [1.431490, 1.904316] 
      fir:run:inst/temp:slc(temp.sva#2)(18-11).itm                                                                                                                                          0.0000  1.9043 [1.431490, 1.904316] 
      fir:run:inst/reg(output:rsci.idat)                                                                           mgc_reg_pos_8_0_0_1_1_1_1_1                                              0.0000  1.9043                      
                                                                                                                                                                                                                                
    
  Register Input and Register-to-Output Slack
    Clock period or pin-to-reg delay constraint (clk): 10.0
    Clock uncertainty constraint (clk)               : 0.0
    
    Instance                                                             Port                                                   Slack (Delay) Messages 
    -------------------------------------------------------------------- ---------------------------------------------------- ------- ------- --------
    fir:run/reg(coeffs.triosy:obj.iswt0)                                 and#14.itm                                            9.7390  0.2610          
    fir:run/reg(output:rsci.idat)                                        temp:slc(temp.sva#2)(18-11).itm                       7.8246  2.1754          
    fir:run/reg(coeff_addr:rsci.iswt0)                                   addr:or.itm                                           9.9224  0.0776          
    fir:run/reg(coeffs:rsci.iswt0)                                       slc(fsm_output)(2)#12.itm                            10.0000  0.0000          
    fir:run/reg(input:rsci.iswt0)                                        and#22.itm                                            9.6357  0.3643          
    fir:run/reg(regs(0))                                                 input:rsci.idat.mxwt                                 10.0000  0.0000          
    fir:run/reg(regs(1))                                                 SHIFT:else:SHIFT:else:slc(regs,*8)(7-0)#1.ctmp.sva#1  9.6569  0.3431          
    fir:run/reg(regs(2))                                                 SHIFT:else:SHIFT:else:slc(regs,*8)(7-0)#1.ctmp.sva#1  9.6569  0.3431          
    fir:run/reg(regs(3))                                                 SHIFT:else:SHIFT:else:slc(regs,*8)(7-0)#1.ctmp.sva#1  9.6569  0.3431          
    fir:run/reg(regs(4))                                                 SHIFT:else:SHIFT:else:slc(regs,*8)(7-0)#1.ctmp.sva#1  9.6569  0.3431          
    fir:run/reg(regs(5))                                                 SHIFT:else:SHIFT:else:slc(regs,*8)(7-0)#1.ctmp.sva#1  9.6569  0.3431          
    fir:run/reg(regs(6))                                                 SHIFT:else:SHIFT:else:slc(regs,*8)(7-0)#1.ctmp.sva#1  9.6569  0.3431          
    fir:run/reg(regs(7))                                                 SHIFT:else:SHIFT:else:slc(regs,*8)(7-0)#1.ctmp.sva#1  9.6569  0.3431          
    fir:run/reg(SHIFT:i(3:0).sva(2:0))                                   SHIFT:i:SHIFT:i:or.itm                                9.8151  0.1849          
    fir:run/reg(temp)                                                    temp:temp:and.itm                                     7.6796  2.3204          
    fir:run/reg(MAC:i(3:0).sva(2:0))                                     SHIFT:i:SHIFT:i:SHIFT:i:or.itm                        9.8151  0.1849          
    fir:run/reg(addr)                                                    coeff_addr:rsci.idat.mxwt                            10.0000  0.0000          
    fir:run/reg(SHIFT:i(3:0))                                            SHIFT:acc#1.itm                                       9.5859  0.4141          
    fir:run/reg(MAC:i(3:0))                                              MAC:acc#3.itm                                         9.5859  0.4141          
    fir:run:coeffs:rsci#1:coeffs:rsc.@:wait_dp/reg(coeffs:rsci.bcwt)     MAC:nor.itm                                           9.4807  0.5193          
    fir:run:coeffs:rsci#1:coeffs:rsc.@:wait_dp/reg(coeffs:rsci.q_d.bfwt) coeffs:rsci.q_d                                       7.5655  2.4345          
    fir:run:staller/reg(run.wten)                                        not#3.itm                                             9.3579  0.6421          
    fir                                                                  input:rsc.rdy                                         9.8940  0.1060          
    fir                                                                  coeffs:rsc.radr                                       9.8840  0.1160          
    fir                                                                  coeffs:rsc.re                                         9.5677  0.4323          
    fir                                                                  coeffs.triosy.lz                                      9.7775  0.2225          
    fir                                                                  coeff_addr:rsc.rdy                                    9.8940  0.1060          
    fir                                                                  output:rsc.dat                                        9.8940  0.1060          
    fir                                                                  output:rsc.vld                                        9.8940  0.1060          
    
Operator Bitwidth Summary
  Operation  Size (bits) Count 
  ---------- ----------- -----
  add                          
  -                    4     2 
  -                   19     1 
  and                          
  -                   19     1 
  -                    1    23 
  mul                          
  -                   16     1 
  mux                          
  -                    8     3 
  nand                         
  -                    1     1 
  nor                          
  -                    1    13 
  not                          
  -                    1    22 
  or                           
  -                    3     2 
  -                    1     9 
  read_port                    
  -                    8     1 
  -                    5     1 
  read_sync                    
  -                    0     1 
  reg                          
  -                    8    10 
  -                    5     1 
  -                    4     2 
  -                    3     2 
  -                   19     1 
  -                    1     6 
  write_port                   
  -                    0     1 
  
End of Report
