[0 sec] RunProgram: {
id                       = 
absorb_qor_file          = 1
absorb_resource_stats    = 0
absorb_runtime           = 0
program_name             = /home/raid7_4/raid1_1/linux/mentor/Catapult/2023.2/Mgc_home/pkgs/cds_cpc/rls/platform/common/prof/proc_info
args                     = {9258, .stack_trace.log, 600}
background               = 1
cache_input_filenames    = {}
cache_output_filenames   = {}
platform                 = 64
pwd                      = 
qorfile                  = 
stderr                   = /dev/null
stdout                   = /dev/null
tclscript                = 
timeout                  = infinite
memlimit                 = 0
transfer_globals         = 0
transfer_globals_filename= 
workdir                  = 
name                     = 
after                    = {}
before                   = {}
death_signal             = 15}

[0 sec] Spawn: /home/raid7_4/raid1_1/linux/mentor/Catapult/2023.2/Mgc_home/pkgs/cds_cpc/rls/platform/common/prof/proc_info in /home/raid7_2/user12/r12016/asoc/Catapult_1/fir.v1/CDesignChecker/calypto
[0 sec] Spawn: pid=9304 for /home/raid7_4/raid1_1/linux/mentor/Catapult/2023.2/Mgc_home/pkgs/cds_cpc/rls/platform/common/prof/proc_info
[0 sec] RunProgram: background job detached
[23 sec] RunProgram: {
id                       = 
absorb_qor_file          = 1
absorb_resource_stats    = 0
absorb_runtime           = 1
program_name             = /home/raid7_4/raid1_1/linux/mentor/Catapult/2023.2/Mgc_home/pkgs/cds_cpc/rls/platform/linux64/bin/abc
args                     = {-c, %read /home/raid7_2/user12/r12016/asoc/Catapult_1/fir.v1/CDesignChecker/calypto/testsolverA.v; %blast; &put;write_aiger -u testsolverA.aig}
background               = 0
cache_input_filenames    = {}
cache_output_filenames   = {}
platform                 = 64
pwd                      = 
qorfile                  = 
stderr                   = testsolverA.err
stdout                   = testsolverA.out
tclscript                = 
timeout                  = infinite
memlimit                 = 0
transfer_globals         = 0
transfer_globals_filename= 
workdir                  = 
name                     = 
after                    = {}
before                   = {}
death_signal             = 15}

[23 sec] Spawn: /home/raid7_4/raid1_1/linux/mentor/Catapult/2023.2/Mgc_home/pkgs/cds_cpc/rls/platform/linux64/bin/abc in /home/raid7_2/user12/r12016/asoc/Catapult_1/fir.v1/CDesignChecker/calypto
[23 sec] Spawn: pid=9428 for /home/raid7_4/raid1_1/linux/mentor/Catapult/2023.2/Mgc_home/pkgs/cds_cpc/rls/platform/linux64/bin/abc
[23 sec] RunProgram: ErrorCode=(0,0)
[23 sec] AbsorbRuntime: from rusage, 0.103137u 0.020724s
