#+-----------------------------------------------------------------------------------+
#|                                                                                   |
#| Generated by SLEC-2023.2/1056505  (Jul 18 2023)  linux64  S2307180103             |
#| on Sun Mar 24 15:39:26 2024.                                                      |
#|                                                                                   |
#| Restrictions concerning the use of Siemens SLEC                                   |
#| are covered in the license agreement. Distribution to third party                 |
#| is strictly prohibited.                                                           |
#|                                                                                   |
#+-----------------------------------------------------------------------------------+

     [CPT-RBDF]   Reading SystemC files into the 'spec' design library.
     [UI-BDS]     CPU usage after read_cpp = 8.228u 1.106s 9.334 0:14.000
     [UI-BDS]     MEM usage after read_cpp = 172.451m 342.922p
     [UI-BDS]     CPU usage after align_column_number = 8.541u 1.133s 9.675 0:14.000
     [UI-BDS]     MEM usage after align_column_number = 172.079m 342.922p
     [UI-BDS]     CPU usage after assign_branch_numbers = 8.542u 1.134s 9.675 0:14.000
     [UI-BDS]     MEM usage after assign_branch_numbers = 172.080m 342.922p
     [UI-BDS]     CPU usage after ignore_system_header_io = 9.068u 1.134s 10.202 0:15.000
     [UI-BDS]     MEM usage after ignore_system_header_io = 172.948m 342.922p
     [UI-BDS]     CPU usage after handle_variadic_function = 9.095u 1.134s 10.228 0:15.000
     [UI-BDS]     MEM usage after handle_variadic_function = 173.072m 342.922p
     [UI-BDS]     CPU usage after handle_variadic_template = 9.121u 1.134s 10.255 0:15.000
     [UI-BDS]     MEM usage after handle_variadic_template = 173.073m 342.922p
     [UI-BDS]     CPU usage after remove_init_for_symbolic_memories = 9.152u 1.134s 10.286 0:15.000
     [UI-BDS]     MEM usage after remove_init_for_symbolic_memories = 173.074m 342.922p
     [UI-BDS]     CPU usage after dissolve_init_repeats = 9.167u 1.134s 10.301 0:15.000
     [UI-BDS]     MEM usage after dissolve_init_repeats = 173.079m 342.922p
     [UI-BDS]     CPU usage after handle_builtins = 9.167u 1.134s 10.301 0:15.000
     [UI-BDS]     MEM usage after handle_builtins = 173.080m 342.922p
     [UI-BDS]     CPU usage after cross_file_link = 9.219u 1.134s 10.353 0:15.000
     [UI-BDS]     MEM usage after cross_file_link = 173.147m 342.922p
     [UI-BDS]     CPU usage after canonize_cpt_for_cpp = 9.457u 1.134s 10.592 0:15.000
     [UI-BDS]     MEM usage after canonize_cpt_for_cpp = 173.945m 342.922p
     [UI-BDS]     CPU usage after add_missing_default_branch = 9.458u 1.134s 10.592 0:15.000
     [UI-BDS]     MEM usage after add_missing_default_branch = 173.945m 342.922p
     [UI-BDS]     CPU usage after mark_loop_as_unroll_in_compiler_generated_functions = 9.475u 1.134s 10.609 0:15.000
     [UI-BDS]     MEM usage after mark_loop_as_unroll_in_compiler_generated_functions = 173.945m 342.922p
     [UI-BDS]     CPU usage after mark_loop_in_acinit_array_as_unrolled = 9.495u 1.135s 10.630 0:15.000
     [UI-BDS]     MEM usage after mark_loop_in_acinit_array_as_unrolled = 173.946m 342.922p
     [UI-BDS]     CPU usage after handle_smart_pointers = 9.549u 1.135s 10.684 0:15.000
     [UI-BDS]     MEM usage after handle_smart_pointers = 173.946m 342.922p
     [UI-BDS]     CPU usage after handle_systemc_constructs = 10.697u 1.160s 11.857 0:17.000
     [UI-BDS]     MEM usage after handle_systemc_constructs = 163.289m 342.922p
     [UI-BDS]     CPU usage after handle_ac_sc_constructs_natively = 11.212u 1.165s 12.377 0:17.000
     [UI-BDS]     MEM usage after handle_ac_sc_constructs_natively = 163.219m 342.922p
     [UI-BDS]     CPU usage after const_fold = 11.237u 1.165s 12.402 0:17.000
     [UI-BDS]     MEM usage after const_fold = 163.216m 342.922p
     [UI-BDS]     CPU usage after handle_user_cover = 11.251u 1.165s 12.416 0:17.000
     [UI-BDS]     MEM usage after handle_user_cover = 163.216m 342.922p
     [UI-BDS]     CPU usage after xform_user_asserts = 11.293u 1.165s 12.458 0:17.000
     [UI-BDS]     MEM usage after xform_user_asserts = 163.217m 342.922p
     [UI-BDS]     CPU usage after transform_seed_branch_coverage_targets = 11.293u 1.165s 12.458 0:17.000
     [UI-BDS]     MEM usage after transform_seed_branch_coverage_targets = 163.217m 342.922p
     [UI-BDS]     CPU usage after compute_struct_or_union_size = 11.317u 1.165s 12.482 0:18.000
     [UI-BDS]     MEM usage after compute_struct_or_union_size = 163.569m 342.922p
     [UI-BDS]     CPU usage after handle_bitset = 11.357u 1.166s 12.522 0:18.000
     [UI-BDS]     MEM usage after handle_bitset = 163.569m 342.922p
     [UI-BDS]     CPU usage after transform_std_function = 11.409u 1.166s 12.575 0:18.000
     [UI-BDS]     MEM usage after transform_std_function = 163.575m 342.922p
     [UI-BDS]     CPU usage after convert_std_fpoint_func_to_builtins = 11.466u 1.166s 12.632 0:18.000
     [UI-BDS]     MEM usage after convert_std_fpoint_func_to_builtins = 163.629m 342.922p
     [UI-BDS]     CPU usage after cleanup = 11.788u 1.170s 12.958 0:18.000
     [UI-BDS]     MEM usage after cleanup = 131.500m 342.922p
     [UI-BDS]     CPU usage after insert_acprobecall_for_cformalassert_top = 11.788u 1.170s 12.958 0:18.000
     [UI-BDS]     MEM usage after insert_acprobecall_for_cformalassert_top = 131.500m 342.922p
     [UI-BDS]     CPU usage after handle_goto = 11.789u 1.170s 12.959 0:18.000
     [UI-BDS]     MEM usage after handle_goto = 131.500m 342.922p
     [UI-BDS]     CPU usage after remove_trailingstmts_after_jumpstmts = 11.790u 1.170s 12.960 0:18.000
     [UI-BDS]     MEM usage after remove_trailingstmts_after_jumpstmts = 131.501m 342.922p
     [UI-BDS]     SLEC process is using 132 MB, peak 343 MB, and 18 seconds [+64MB, +270MB, +15s] @ Sun Mar 24 15:39:44 2024
     [UI-BDPM]    Started do_design_checks
     [CPT-PRCS]   CPU usage after checking CNS is 11.837u 1.180s 13.016 0:18.000
     [CPT-PRMS]   MEM usage after checking CNS is 131.838m 342.922p
     [UI-BDS]     SLEC process is using 132 MB, peak 343 MB, and 18 seconds [+0MB, +0MB, +0s] @ Sun Mar 24 15:39:44 2024
     [UI-BDPM]    Finished do_design_checks
     [UI-BDS]     CPU usage after do_design_checks = 11.837u 1.180s 13.017 0:18.000
     [UI-BDS]     MEM usage after do_design_checks = 131.837m 342.922p
     [UI-BDS]     CPU usage after prune_dead_selects = 11.838u 1.180s 13.017 0:18.000
     [UI-BDS]     MEM usage after prune_dead_selects = 131.837m 342.922p
     [UI-BDS]     CPU usage after replace_missing_assign_op_with_assignment = 11.838u 1.180s 13.018 0:18.000
     [UI-BDS]     MEM usage after replace_missing_assign_op_with_assignment = 131.838m 342.922p
     [UI-BDS]     CPU usage after transfer_pragmas_to_properties = 11.840u 1.180s 13.020 0:18.000
     [UI-BDS]     MEM usage after transfer_pragmas_to_properties = 131.838m 342.922p
     [UI-BDS]     CPU usage after handle_acchannel_size = 11.841u 1.180s 13.021 0:18.000
     [UI-BDS]     MEM usage after handle_acchannel_size = 131.839m 342.922p
     [UI-BDS]     CPU usage after remove_bottom_hier_ctor_from_top = 11.842u 1.180s 13.021 0:18.000
     [UI-BDS]     MEM usage after remove_bottom_hier_ctor_from_top = 131.839m 342.922p
     [UI-BDS]     CPU usage after transfer_array_size_from_parent_to_child_hierarchy = 11.842u 1.180s 13.022 0:18.000
     [UI-BDS]     MEM usage after transfer_array_size_from_parent_to_child_hierarchy = 131.840m 342.922p
     [UI-BDS]     CPU usage after identify_accumulators = 11.842u 1.180s 13.022 0:18.000
     [UI-BDS]     MEM usage after identify_accumulators = 131.840m 342.922p
     [UI-BDS]     CPU usage after predicate_switch_stmts = 11.843u 1.180s 13.023 0:18.000
     [UI-BDS]     MEM usage after predicate_switch_stmts = 131.841m 342.922p
     [UI-BDS]     CPU usage after convert_types = 11.848u 1.180s 13.027 0:18.000
     [UI-BDS]     MEM usage after convert_types = 131.841m 342.922p
     [UI-BDS]     CPU usage after normalize_negating_exprs = 11.848u 1.181s 13.029 0:18.000
     [UI-BDS]     MEM usage after normalize_negating_exprs = 131.837m 342.922p
     [UI-BDS]     CPU usage after create_cdb_symbols = 11.849u 1.181s 13.029 0:18.000
     [UI-BDS]     MEM usage after create_cdb_symbols = 131.846m 342.922p
     [UI-BDS]     CPU usage after add_missing_default_ctor_for_static_objects = 11.849u 1.181s 13.030 0:18.000
     [UI-BDS]     MEM usage after add_missing_default_ctor_for_static_objects = 131.846m 342.922p
     [UI-BDS]     SLEC process is using 132 MB, peak 343 MB, and 18 seconds [+0MB, +0MB, +0s] @ Sun Mar 24 15:39:44 2024
     [UI-BDPM]    Started do_design_checks
     [CPT-PRCS]   CPU usage after checking CGR is 11.850u 1.181s 13.031 0:18.000
     [CPT-PRMS]   MEM usage after checking CGR is 131.847m 342.922p
     [CPT-PRCS]   CPU usage after checking AWE is 11.850u 1.181s 13.031 0:18.000
     [CPT-PRMS]   MEM usage after checking AWE is 131.847m 342.922p
     [UI-BDS]     SLEC process is using 132 MB, peak 343 MB, and 18 seconds [+0MB, +0MB, +0s] @ Sun Mar 24 15:39:44 2024
     [UI-BDPM]    Finished do_design_checks
     [UI-BDS]     CPU usage after do_design_checks = 11.851u 1.181s 13.031 0:18.000
     [UI-BDS]     MEM usage after do_design_checks = 131.846m 342.922p
     [CPT-LBAI]   Loop at path '(/home/raid7_2/user12/r12016/asoc/lab2/lab1_fir/01_walkthrough_loops/fir.h:24)' has max bounds '9' .
     [CPT-LBAI]   Loop at path '(/home/raid7_2/user12/r12016/asoc/lab2/lab1_fir/01_walkthrough_loops/fir.h:31)' has max bounds '9' .
     [CPT-LBAI]   Loop at path '(/home/raid7_2/user12/r12016/asoc/lab2/lab1_fir/01_walkthrough_loops/fir.h:14)' has max bounds '9' .
     [UI-BDS]     CPU usage after pre_inlining_const_prop = 11.883u 1.182s 13.065 0:18.000
     [UI-BDS]     MEM usage after pre_inlining_const_prop = 131.867m 342.922p
     [UI-BDS]     CPU usage after handle_cpp_initializations = 11.883u 1.182s 13.065 0:18.000
     [UI-BDS]     MEM usage after handle_cpp_initializations = 131.867m 342.922p
     [UI-BDS]     CPU usage after create_init_for_uninitialized_global_ctype_decls = 11.884u 1.182s 13.066 0:18.000
     [UI-BDS]     MEM usage after create_init_for_uninitialized_global_ctype_decls = 131.868m 342.922p
     [UI-BDS]     CPU usage after blast_floating_point_array_access = 11.884u 1.182s 13.066 0:18.000
     [UI-BDS]     MEM usage after blast_floating_point_array_access = 131.868m 342.922p
     [UI-BDS]     CPU usage after convert_init_stmt_to_cpp_init_block = 11.889u 1.182s 13.071 0:18.000
     [UI-BDS]     MEM usage after convert_init_stmt_to_cpp_init_block = 131.867m 342.922p
     [UI-BDS]     CPU usage after transform_init_block = 11.890u 1.182s 13.072 0:18.000
     [UI-BDS]     MEM usage after transform_init_block = 131.868m 342.922p
     [UI-BDS]     CPU usage after simplified_upscope_static_var_decls = 11.890u 1.182s 13.072 0:18.000
     [UI-BDS]     MEM usage after simplified_upscope_static_var_decls = 131.868m 342.922p
     [UI-BDS]     CPU usage after upscope_class_decls = 11.891u 1.182s 13.073 0:18.000
     [UI-BDS]     MEM usage after upscope_class_decls = 131.869m 342.922p
     [UI-BDS]     SLEC process is using 132 MB, peak 343 MB, and 18 seconds [+0MB, +0MB, +0s] @ Sun Mar 24 15:39:44 2024
     [UI-BDPM]    Started do_design_checks
     [CPT-PRCS]   CPU usage after checking LRC is 11.892u 1.182s 13.073 0:18.000
     [CPT-PRMS]   MEM usage after checking LRC is 131.870m 342.922p
     [CPT-PRCS]   CPU usage after checking ACS is 11.892u 1.182s 13.074 0:18.000
     [CPT-PRMS]   MEM usage after checking ACS is 131.870m 342.922p
     [CPT-PRCS]   CPU usage after checking AIC is 11.892u 1.182s 13.074 0:18.000
     [CPT-PRMS]   MEM usage after checking AIC is 131.870m 342.922p
     [CPT-PRCS]   CPU usage after checking CIA is 11.893u 1.182s 13.074 0:18.000
     [CPT-PRMS]   MEM usage after checking CIA is 131.870m 342.922p
     [CPT-PRCS]   CPU usage after checking AOB is 11.893u 1.182s 13.074 0:18.000
     [CPT-PRMS]   MEM usage after checking AOB is 131.870m 342.922p
     [CPT-PRCS]   CPU usage after checking MXS is 11.893u 1.182s 13.075 0:18.000
     [CPT-PRMS]   MEM usage after checking MXS is 131.870m 342.922p
     [CPT-PRCS]   CPU usage after checking FXD is 11.893u 1.182s 13.075 0:18.000
     [CPT-PRMS]   MEM usage after checking FXD is 131.870m 342.922p
     [CPT-PRCS]   CPU usage after checking ALS is 11.894u 1.182s 13.075 0:18.000
     [CPT-PRMS]   MEM usage after checking ALS is 131.870m 342.922p
     [CPT-PRCS]   CPU usage after checking FVI is 11.933u 1.182s 13.114 0:18.000
     [CPT-PRMS]   MEM usage after checking FVI is 131.873m 342.922p
     [CPT-PRCS]   CPU usage after checking CBU is 11.933u 1.182s 13.114 0:18.000
     [CPT-PRMS]   MEM usage after checking CBU is 131.873m 342.922p
     [CPT-PRCS]   CPU usage after checking OSA is 11.972u 1.182s 13.153 0:18.000
     [CPT-PRMS]   MEM usage after checking OSA is 131.878m 342.922p
     [UI-BDS]     SLEC process is using 132 MB, peak 343 MB, and 18 seconds [+0MB, +0MB, +0s] @ Sun Mar 24 15:39:44 2024
     [UI-BDPM]    Finished do_design_checks
     [UI-BDS]     CPU usage after do_design_checks = 11.972u 1.182s 13.154 0:18.000
     [UI-BDS]     MEM usage after do_design_checks = 131.877m 342.922p
     [UI-BDS]     CPU usage after remove_acinitarray_for_symbolic_memories = 11.973u 1.182s 13.154 0:18.000
     [UI-BDS]     MEM usage after remove_acinitarray_for_symbolic_memories = 131.878m 342.922p
     [UI-BDS]     CPU usage after handle_acinitarray_for_multidim_arrays = 11.973u 1.182s 13.155 0:18.000
     [UI-BDS]     MEM usage after handle_acinitarray_for_multidim_arrays = 131.878m 342.922p
     [UI-BDS]     CPU usage after cpp_predicate_continue_stmt = 11.974u 1.182s 13.155 0:18.000
     [UI-BDS]     MEM usage after cpp_predicate_continue_stmt = 131.878m 342.922p
     [UI-BDS]     CPU usage after generate_temp_for_cpp = 11.977u 1.182s 13.159 0:18.000
     [UI-BDS]     MEM usage after generate_temp_for_cpp = 131.905m 342.922p
     [UI-BDS]     CPU usage after identify_full_case = 11.978u 1.182s 13.159 0:18.000
     [UI-BDS]     MEM usage after identify_full_case = 131.905m 342.922p
     [UI-BDS]     SLEC process is using 132 MB, peak 343 MB, and 18 seconds [+0MB, +0MB, +0s] @ Sun Mar 24 15:39:44 2024
     [UI-BDPM]    Started do_design_checks
     [CPT-PRCS]   CPU usage after checking NCO is 12.022u 1.182s 13.205 0:19.000
     [CPT-PRMS]   MEM usage after checking NCO is 131.912m 342.922p
     [CPT-PRCS]   CPU usage after checking ACC is 12.023u 1.183s 13.205 0:19.000
     [CPT-PRMS]   MEM usage after checking ACC is 131.912m 342.922p
     [CPT-PRCS]   CPU usage after checking SAT is 12.023u 1.183s 13.206 0:19.000
     [CPT-PRMS]   MEM usage after checking SAT is 131.912m 342.922p
     [CPT-PRCS]   CPU usage after checking ABW is 12.027u 1.184s 13.211 0:19.000
     [CPT-PRMS]   MEM usage after checking ABW is 131.918m 342.922p
     [CPT-PRCS]   CPU usage after checking ABR is 12.030u 1.185s 13.216 0:19.000
     [CPT-PRMS]   MEM usage after checking ABR is 131.924m 342.922p
     [CPT-PRCS]   CPU usage after checking MDB is 12.031u 1.186s 13.216 0:19.000
     [CPT-PRMS]   MEM usage after checking MDB is 131.924m 342.922p
     [CPT-PRCS]   CPU usage after checking CAS is 12.033u 1.186s 13.219 0:19.000
     [CPT-PRMS]   MEM usage after checking CAS is 131.924m 342.922p
     [CPT-PRCS]   CPU usage after checking DBZ is 12.036u 1.186s 13.221 0:19.000
     [CPT-PRMS]   MEM usage after checking DBZ is 131.924m 342.922p
     [CPT-PRCS]   CPU usage after checking PDD is 12.037u 1.186s 13.222 0:19.000
     [CPT-PRMS]   MEM usage after checking PDD is 131.924m 342.922p
     [CPT-PRCS]   CPU usage after checking ISE is 12.040u 1.186s 13.225 0:19.000
     [CPT-PRMS]   MEM usage after checking ISE is 131.924m 342.922p
     [CPT-PRCS]   CPU usage after checking CWB is 12.040u 1.186s 13.225 0:19.000
     [CPT-PRMS]   MEM usage after checking CWB is 131.924m 342.922p
     [CPT-PRCS]   CPU usage after checking APT is 12.040u 1.186s 13.226 0:19.000
     [CPT-PRMS]   MEM usage after checking APT is 131.924m 342.922p
     [CPT-PRCS]   CPU usage after checking CMC is 12.040u 1.186s 13.226 0:19.000
     [CPT-PRMS]   MEM usage after checking CMC is 131.924m 342.922p
     [CPT-PRCS]   CPU usage after checking SUD is 12.041u 1.186s 13.226 0:19.000
     [CPT-PRMS]   MEM usage after checking SUD is 131.924m 342.922p
     [CPT-PRCS]   CPU usage after checking OVL is 12.044u 1.188s 13.233 0:19.000
     [CPT-PRMS]   MEM usage after checking OVL is 131.969m 342.922p
     [UI-BDS]     SLEC process is using 132 MB, peak 343 MB, and 19 seconds [+0MB, +0MB, +1s] @ Sun Mar 24 15:39:45 2024
     [UI-BDPM]    Finished do_design_checks
     [UI-BDS]     CPU usage after do_design_checks = 12.045u 1.188s 13.233 0:19.000
     [UI-BDS]     MEM usage after do_design_checks = 131.967m 342.922p
     [CPT-FRBB]   (/home/raid7_2/user12/r12016/asoc/lab2/lab1_fir/01_walkthrough_loops/fir.h:26) Call to function 'ac_channel<ac_int<8,true>>::read' has been replaced by a black-box 'input_ac_channel_read_ln26_bbox_7'.
     [CPT-AWR]    Call to function ac_channel::write() at (/home/raid7_2/user12/r12016/asoc/lab2/lab1_fir/01_walkthrough_loops/fir.h:34) is removed.
     [UI-BDS]     CPU usage after abstract_channel_io = 12.048u 1.188s 13.236 0:19.000
     [UI-BDS]     MEM usage after abstract_channel_io = 131.971m 342.922p
     [UI-BDS]     CPU usage after normalize_negating_exprs = 12.049u 1.188s 13.237 0:19.000
     [UI-BDS]     MEM usage after normalize_negating_exprs = 131.970m 342.922p
     [UI-BDS]     CPU usage after add_ac_builtin_func = 12.049u 1.188s 13.238 0:19.000
     [UI-BDS]     MEM usage after add_ac_builtin_func = 131.970m 342.922p
     [UI-BDS]     SLEC process is using 132 MB, peak 343 MB, and 19 seconds [+0MB, +0MB, +0s] @ Sun Mar 24 15:39:45 2024
     [UI-BDPM]    Started record_design_checks
     [UI-BDS]     SLEC process is using 132 MB, peak 343 MB, and 19 seconds [+0MB, +0MB, +0s] @ Sun Mar 24 15:39:45 2024
     [UI-BDPM]    Finished record_design_checks
     [UI-BDS]     CPU usage after record_design_checks = 12.052u 1.189s 13.241 0:19.000
     [UI-BDS]     MEM usage after record_design_checks = 131.970m 342.922p
     [UI-BDS]     CPU usage after convert_enums_to_ints = 12.054u 1.190s 13.244 0:19.000
     [UI-BDS]     MEM usage after convert_enums_to_ints = 131.971m 342.922p
     [UI-BDS]     CPU usage after uniquify_vars_in_function = 12.055u 1.190s 13.244 0:19.000
     [UI-BDS]     MEM usage after uniquify_vars_in_function = 131.971m 342.922p
     [UI-BDS]     CPU usage after preprocess_non_orthogonal_unions = 12.056u 1.190s 13.246 0:19.000
     [UI-BDS]     MEM usage after preprocess_non_orthogonal_unions = 131.972m 342.922p
     [UI-BDS]     CPU usage after convert_bitfields_to_bitvector = 12.057u 1.190s 13.247 0:19.000
     [UI-BDS]     MEM usage after convert_bitfields_to_bitvector = 131.972m 342.922p
     [UI-BDS]     CPU usage after handle_memset = 12.058u 1.190s 13.248 0:19.000
     [UI-BDS]     MEM usage after handle_memset = 131.973m 342.922p
     [UI-BDS]     CPU usage after move_defaultassigns_inctor_tofuncs = 12.058u 1.190s 13.248 0:19.000
     [UI-BDS]     MEM usage after move_defaultassigns_inctor_tofuncs = 131.973m 342.922p
     [UI-BDS]     CPU usage after fill_assignment_operators = 12.058u 1.190s 13.249 0:19.000
     [UI-BDS]     MEM usage after fill_assignment_operators = 131.973m 342.922p
     [UI-BDS]     CPU usage after inline_functions = 12.075u 1.191s 13.266 0:19.000
     [UI-BDS]     MEM usage after inline_functions = 132.055m 342.922p
     [UI-BDS]     CPU usage after cover_check = 12.076u 1.191s 13.266 0:19.000
     [UI-BDS]     MEM usage after cover_check = 132.055m 342.922p
     [CPT-PACS]   CPU usage after 'abstracting large array at interface' is 12.077u 1.191s 13.267 0:19.000
     [CPT-PAMS]   MEM usage after 'abstracting large array at interface' is 132.057m 342.922p
     [CPT-PACS]   CPU usage after 'const prop' is 12.138u 1.191s 13.328 0:19.000
     [CPT-PAMS]   MEM usage after 'const prop' is 132.256m 342.922p
     [CPT-PACS]   CPU usage after 'synthesizing oob checks' is 12.139u 1.191s 13.329 0:19.000
     [CPT-PAMS]   MEM usage after 'synthesizing oob checks' is 132.257m 342.922p
     [CPT-PACS]   CPU usage after 'abstracting large arrays' is 12.139u 1.191s 13.330 0:19.000
     [CPT-PAMS]   MEM usage after 'abstracting large arrays' is 132.257m 342.922p
     [CPT-PACS]   CPU usage after 'cleanup' is 12.140u 1.191s 13.331 0:19.000
     [CPT-PAMS]   MEM usage after 'cleanup' is 132.257m 342.922p
     [CPT-PACS]   CPU usage after 'update unused large array size' is 12.141u 1.191s 13.331 0:19.000
     [CPT-PAMS]   MEM usage after 'update unused large array size' is 132.257m 342.922p
     [UI-BDS]     CPU usage after abstract_large_arrays = 12.141u 1.191s 13.332 0:19.000
     [UI-BDS]     MEM usage after abstract_large_arrays = 132.064m 342.922p
     [UI-BDS]     CPU usage after cleanup = 12.142u 1.191s 13.332 0:19.000
     [UI-BDS]     MEM usage after cleanup = 132.054m 342.922p
     [UI-BDS]     SLEC process is using 132 MB, peak 343 MB, and 19 seconds [+0MB, +0MB, +0s] @ Sun Mar 24 15:39:45 2024
     [UI-BDPM]    Started do_design_checks
     [CPT-PRCS]   CPU usage after checking CNS is 12.214u 1.192s 13.405 0:19.000
     [CPT-PRMS]   MEM usage after checking CNS is 132.061m 342.922p
     [UI-BDS]     SLEC process is using 132 MB, peak 343 MB, and 19 seconds [+0MB, +0MB, +0s] @ Sun Mar 24 15:39:45 2024
     [UI-BDPM]    Finished do_design_checks
     [UI-BDS]     CPU usage after do_design_checks = 12.214u 1.192s 13.406 0:19.000
     [UI-BDS]     MEM usage after do_design_checks = 132.060m 342.922p
     [UI-BDS]     CPU usage after const_prop_for_cpp = 12.273u 1.193s 13.465 0:19.000
     [UI-BDS]     MEM usage after const_prop_for_cpp = 132.047m 342.922p
     [UI-BDS]     CPU usage after handle_new = 12.273u 1.193s 13.466 0:19.000
     [UI-BDS]     MEM usage after handle_new = 132.048m 342.922p
     [UI-BDS]     CPU usage after inline_functions = 12.280u 1.193s 13.473 0:19.000
     [UI-BDS]     MEM usage after inline_functions = 132.048m 342.922p
     [UI-BDS]     CPU usage after prune_dead_selects = 12.282u 1.193s 13.474 0:19.000
     [UI-BDS]     MEM usage after prune_dead_selects = 132.043m 342.922p
     [UI-BDS]     CPU usage after infer_power_up_values = 12.282u 1.193s 13.475 0:19.000
     [UI-BDS]     MEM usage after infer_power_up_values = 132.044m 342.922p
     [UI-BDS]     CPU usage after natively_handle_ac_builtin_func = 12.283u 1.193s 13.476 0:19.000
     [UI-BDS]     MEM usage after natively_handle_ac_builtin_func = 132.044m 342.922p
     [UI-BDS]     SLEC process is using 132 MB, peak 343 MB, and 19 seconds [+0MB, +0MB, +0s] @ Sun Mar 24 15:39:45 2024
     [UI-BDPM]    Started do_design_checks
     [CPT-PRCS]   CPU usage after checking STF is 12.283u 1.194s 13.476 0:19.000
     [CPT-PRMS]   MEM usage after checking STF is 132.045m 342.922p
     [UI-BDS]     SLEC process is using 132 MB, peak 343 MB, and 19 seconds [+0MB, +0MB, +0s] @ Sun Mar 24 15:39:45 2024
     [UI-BDPM]    Finished do_design_checks
     [UI-BDS]     CPU usage after do_design_checks = 12.283u 1.194s 13.477 0:19.000
     [UI-BDS]     MEM usage after do_design_checks = 132.044m 342.922p
     [UI-BDS]     SLEC process is using 132 MB, peak 343 MB, and 19 seconds [+0MB, +0MB, +0s] @ Sun Mar 24 15:39:45 2024
     [UI-BDPM]    Started record_design_checks
     [UI-BDS]     SLEC process is using 132 MB, peak 343 MB, and 19 seconds [+0MB, +0MB, +0s] @ Sun Mar 24 15:39:45 2024
     [UI-BDPM]    Finished record_design_checks
     [UI-BDS]     CPU usage after record_design_checks = 12.286u 1.196s 13.482 0:19.000
     [UI-BDS]     MEM usage after record_design_checks = 132.044m 342.922p
     [UI-BDS]     CPU usage after synthesize_ac_sc_fixed_logic = 12.288u 1.196s 13.484 0:19.000
     [UI-BDS]     MEM usage after synthesize_ac_sc_fixed_logic = 132.044m 342.922p
     [UI-BDS]     CPU usage after handle_ac_probes = 12.288u 1.196s 13.485 0:19.000
     [UI-BDS]     MEM usage after handle_ac_probes = 132.045m 342.922p
     [UI-BDS]     CPU usage after canonize_cpt_for_cpp = 12.291u 1.197s 13.488 0:19.000
     [UI-BDS]     MEM usage after canonize_cpt_for_cpp = 132.045m 342.922p
     [UI-BDS]     CPU usage after handle_ccores = 12.301u 1.197s 13.498 0:19.000
     [UI-BDS]     MEM usage after handle_ccores = 132.181m 342.922p
     [UI-BDS]     CPU usage after inline_functions = 12.322u 1.197s 13.520 0:19.000
     [UI-BDS]     MEM usage after inline_functions = 132.535m 342.922p
     [UI-BDS]     CPU usage after const_prop_for_cpp = 12.400u 1.197s 13.598 0:19.000
     [UI-BDS]     MEM usage after const_prop_for_cpp = 132.551m 342.922p
     [UI-BDS]     CPU usage after identify_wait_in_loops = 12.401u 1.197s 13.599 0:19.000
     [UI-BDS]     MEM usage after identify_wait_in_loops = 132.552m 342.922p
     [UI-BDS]     CPU usage after identify_unrolled_loops = 12.404u 1.197s 13.602 0:19.000
     [UI-BDS]     MEM usage after identify_unrolled_loops = 132.552m 342.922p
     [UI-BDS]     SLEC process is using 133 MB, peak 343 MB, and 19 seconds [+1MB, +0MB, +0s] @ Sun Mar 24 15:39:45 2024
     [UI-BDPM]    Started do_design_checks
     [CPT-PRCS]   CPU usage after checking RIU is 12.405u 1.197s 13.603 0:19.000
     [CPT-PRMS]   MEM usage after checking RIU is 132.553m 342.922p
     [UI-BDS]     SLEC process is using 133 MB, peak 343 MB, and 19 seconds [+0MB, +0MB, +0s] @ Sun Mar 24 15:39:45 2024
     [UI-BDPM]    Finished do_design_checks
     [UI-BDS]     CPU usage after do_design_checks = 12.405u 1.197s 13.603 0:19.000
     [UI-BDS]     MEM usage after do_design_checks = 132.552m 342.922p
     [UI-BDS]     CPU usage after remove_trailingstmts_after_jumpstmts = 12.407u 1.197s 13.605 0:19.000
     [UI-BDS]     MEM usage after remove_trailingstmts_after_jumpstmts = 132.552m 342.922p
     [UI-BDS]     SLEC process is using 133 MB, peak 343 MB, and 19 seconds [+0MB, +0MB, +0s] @ Sun Mar 24 15:39:45 2024
     [UI-BDPM]    Started record_design_checks
     [UI-BDS]     SLEC process is using 133 MB, peak 343 MB, and 19 seconds [+0MB, +0MB, +0s] @ Sun Mar 24 15:39:45 2024
     [UI-BDPM]    Finished record_design_checks
     [UI-BDS]     CPU usage after record_design_checks = 12.412u 1.198s 13.610 0:19.000
     [UI-BDS]     MEM usage after record_design_checks = 132.552m 342.922p
     [CPT-ULI]    Loop at '/home/raid7_2/user12/r12016/asoc/lab2/lab1_fir/01_walkthrough_loops/fir.h:14' is unrolled.
     [CPT-RLI]    Loop at '/home/raid7_2/user12/r12016/asoc/lab2/lab1_fir/01_walkthrough_loops/fir.h:24' is rolled.
     [CPT-RLI]    Loop at '/home/raid7_2/user12/r12016/asoc/lab2/lab1_fir/01_walkthrough_loops/fir.h:31' is rolled.
     [CPT-RLI]    Loop at '/home/raid7_4/raid1_1/linux/mentor/Catapult/2023.2/Mgc_home/pkgs/cds_cpc/rls/platform/common/slec/cat2slec_files/Adapters_IP/cpc_input_ac_channel_adapter.h:49' is rolled.
     [CPT-RLI]    Loop at '/home/raid7_2/user12/r12016/asoc/Catapult_1/fir.v1/CDesignChecker/spec_wrapper.cpp:145' is rolled.
     [CPT-RLI]    Loop at '/home/raid7_2/user12/r12016/asoc/lab2/lab1_fir/01_walkthrough_loops/fir.h:14' is rolled.
     [UI-BDS]     CPU usage after predicate_unrolled_loops = 12.414u 1.198s 13.611 0:19.000
     [UI-BDS]     MEM usage after predicate_unrolled_loops = 132.562m 342.922p
     [UI-BDS]     CPU usage after loop_unroll = 12.414u 1.198s 13.611 0:19.000
     [UI-BDS]     MEM usage after loop_unroll = 132.563m 342.922p
     [UI-BDS]     CPU usage after prune_cover_stmt = 12.414u 1.198s 13.612 0:19.000
     [UI-BDS]     MEM usage after prune_cover_stmt = 132.563m 342.922p
     [UI-BDS]     CPU usage after add_ref_on_assigns = 12.418u 1.198s 13.615 0:19.000
     [UI-BDS]     MEM usage after add_ref_on_assigns = 132.634m 342.922p
     [UI-BDS]     SLEC process is using 133 MB, peak 343 MB, and 19 seconds [+0MB, +0MB, +0s] @ Sun Mar 24 15:39:45 2024
     [UI-BDPM]    Finished Elab Compute :  Global_Scope

     [UI-BDS]     SLEC process is using 133 MB, peak 343 MB, and 19 seconds [+0MB, +0MB, +0s] @ Sun Mar 24 15:39:45 2024
     [UI-BDPM]    Finished Rename Malloced Variables :  Global_Scope

     [UI-BDS]     SLEC process is using 133 MB, peak 343 MB, and 19 seconds [+0MB, +0MB, +0s] @ Sun Mar 24 15:39:45 2024
     [UI-BDPM]    Finished Apply Constant :  Global_Scope

     [UI-BDS]     SLEC process is using 133 MB, peak 343 MB, and 19 seconds [+0MB, +0MB, +0s] @ Sun Mar 24 15:39:45 2024
     [UI-BDPM]    Finished Blast Struct Decls :  Global_Scope

     [UI-BDS]     SLEC process is using 133 MB, peak 343 MB, and 19 seconds [+0MB, +0MB, +0s] @ Sun Mar 24 15:39:45 2024
     [UI-BDPM]    Finished Array Synthesis :  Global_Scope

     [UI-BDS]     SLEC process is using 133 MB, peak 343 MB, and 19 seconds [+0MB, +0MB, +0s] @ Sun Mar 24 15:39:45 2024
     [UI-BDPM]    Finished Clean Unused ITTs :  Global_Scope

     [UI-BDS]     SLEC process is using 133 MB, peak 343 MB, and 19 seconds [+0MB, +0MB, +0s] @ Sun Mar 24 15:39:45 2024
     [UI-BDPM]    Finished Blast Array :  Global_Scope

     [UI-BDS]     SLEC process is using 133 MB, peak 343 MB, and 19 seconds [+0MB, +0MB, +0s] @ Sun Mar 24 15:39:45 2024
     [UI-BDPM]    Started elaboration:  input_ac_channel_read_ln26_bbox_7

     [UI-BDS]     SLEC process is using 133 MB, peak 343 MB, and 19 seconds [+0MB, +0MB, +0s] @ Sun Mar 24 15:39:45 2024
     [UI-BDPM]    Finished elaboration:  input_ac_channel_read_ln26_bbox_7

     [UI-BDS]     SLEC process is using 133 MB, peak 343 MB, and 19 seconds [+0MB, +0MB, +0s] @ Sun Mar 24 15:39:45 2024
     [UI-BDPM]    Started elaboration:  fir::fir

     [UI-BDS]     SLEC process is using 133 MB, peak 343 MB, and 19 seconds [+0MB, +0MB, +0s] @ Sun Mar 24 15:39:45 2024
     [UI-BDPM]    Finished elaboration:  fir::fir

     [UI-BDS]     SLEC process is using 133 MB, peak 343 MB, and 19 seconds [+0MB, +0MB, +0s] @ Sun Mar 24 15:39:45 2024
     [UI-BDPM]    Started elaboration:  fir::fir

     [UI-BDS]     SLEC process is using 133 MB, peak 343 MB, and 19 seconds [+0MB, +0MB, +0s] @ Sun Mar 24 15:39:45 2024
     [UI-BDPM]    Finished elaboration:  fir::fir

     [UI-BDS]     SLEC process is using 133 MB, peak 343 MB, and 19 seconds [+0MB, +0MB, +0s] @ Sun Mar 24 15:39:45 2024
     [UI-BDPM]    Started elaboration:  fir::run

     [CPT-WFLM]   (/home/raid7_2/user12/r12016/asoc/lab2/lab1_fir/01_walkthrough_loops/fir.h:32) : Potential source of large muxes detected. Size of mux created due to each array at this source relation: THIS_fir/264907.regs - 7:1 Mux .
     [CPT-WFLM]   (/home/raid7_2/user12/r12016/asoc/lab2/lab1_fir/01_walkthrough_loops/fir.h:32) : Potential source of large muxes detected. Size of mux created due to each array at this source relation: local_coeffs - 7:1 Mux .
     [CPT-WFLM]   (/home/raid7_2/user12/r12016/asoc/lab2/lab1_fir/01_walkthrough_loops/fir.h:28) : Potential source of large muxes detected. Size of mux created due to each array at this source relation: THIS_fir/264907.regs - 7:1 Mux .
     [CPT-WFLM]   (/home/raid7_2/user12/r12016/asoc/lab2/lab1_fir/01_walkthrough_loops/fir.h:28) : Potential source of large muxes detected. Size of mux created due to each array at this source relation: THIS_fir/264907.regs - 7:1 Mux .
     [UI-BDS]     SLEC process is using 134 MB, peak 343 MB, and 19 seconds [+1MB, +0MB, +0s] @ Sun Mar 24 15:39:45 2024
     [UI-BDPM]    Finished elaboration:  fir::run

     [UI-BDS]     SLEC process is using 134 MB, peak 343 MB, and 19 seconds [+0MB, +0MB, +0s] @ Sun Mar 24 15:39:45 2024
     [UI-BDPM]    Started elaboration:  input_ac_channel_adapter<8,1> and all its member functions

     [UI-BDS]     SLEC process is using 134 MB, peak 343 MB, and 19 seconds [+0MB, +0MB, +0s] @ Sun Mar 24 15:39:45 2024
     [UI-BDPM]    Started elaboration:  Scope

     [UI-BDS]     SLEC process is using 134 MB, peak 343 MB, and 19 seconds [+0MB, +0MB, +0s] @ Sun Mar 24 15:39:45 2024
     [UI-BDPM]    Finished elaboration:  Scope

     [UI-BDS]     SLEC process is using 134 MB, peak 343 MB, and 19 seconds [+0MB, +0MB, +0s] @ Sun Mar 24 15:39:45 2024
     [UI-BDPM]    Started elaboration:  input_ac_channel_adapter<8,1>::main_method

     [UI-BDS]     SLEC process is using 134 MB, peak 343 MB, and 19 seconds [+0MB, +0MB, +0s] @ Sun Mar 24 15:39:45 2024
     [UI-BDPM]    Finished elaboration:  input_ac_channel_adapter<8,1>::main_method

     [UI-BDS]     SLEC process is using 134 MB, peak 343 MB, and 19 seconds [+0MB, +0MB, +0s] @ Sun Mar 24 15:39:45 2024
     [UI-BDPM]    Started elaboration:  input_ac_channel_adapter<8,1>::input_ac_channel_adapter

     [UI-BDS]     SLEC process is using 134 MB, peak 343 MB, and 19 seconds [+0MB, +0MB, +0s] @ Sun Mar 24 15:39:45 2024
     [UI-BDPM]    Finished elaboration:  input_ac_channel_adapter<8,1>::input_ac_channel_adapter

     [UI-BDS]     SLEC process is using 134 MB, peak 343 MB, and 19 seconds [+0MB, +0MB, +0s] @ Sun Mar 24 15:39:45 2024
     [UI-BDPM]    Finished elaboration:  input_ac_channel_adapter<8,1> and all its member functions

     [UI-BDS]     SLEC process is using 134 MB, peak 343 MB, and 19 seconds [+0MB, +0MB, +0s] @ Sun Mar 24 15:39:45 2024
     [UI-BDPM]    Started elaboration:  spec_wrapper and all its member functions

     [UI-BDS]     SLEC process is using 134 MB, peak 343 MB, and 19 seconds [+0MB, +0MB, +0s] @ Sun Mar 24 15:39:45 2024
     [UI-BDPM]    Started elaboration:  Scope

     [UI-BDS]     SLEC process is using 134 MB, peak 343 MB, and 19 seconds [+0MB, +0MB, +0s] @ Sun Mar 24 15:39:45 2024
     [UI-BDPM]    Finished elaboration:  Scope

     [UI-BDS]     SLEC process is using 134 MB, peak 343 MB, and 19 seconds [+0MB, +0MB, +0s] @ Sun Mar 24 15:39:45 2024
     [UI-BDPM]    Started elaboration:  spec_wrapper::process_input

     [UI-BDS]     SLEC process is using 134 MB, peak 343 MB, and 19 seconds [+0MB, +0MB, +0s] @ Sun Mar 24 15:39:45 2024
     [UI-BDPM]    Finished elaboration:  spec_wrapper::process_input

     [UI-BDS]     SLEC process is using 134 MB, peak 343 MB, and 19 seconds [+0MB, +0MB, +0s] @ Sun Mar 24 15:39:45 2024
     [UI-BDPM]    Started elaboration:  spec_wrapper::set_constants

     [UI-BDS]     SLEC process is using 134 MB, peak 343 MB, and 19 seconds [+0MB, +0MB, +0s] @ Sun Mar 24 15:39:45 2024
     [UI-BDPM]    Finished elaboration:  spec_wrapper::set_constants

     [UI-BDS]     SLEC process is using 134 MB, peak 343 MB, and 19 seconds [+0MB, +0MB, +0s] @ Sun Mar 24 15:39:45 2024
     [UI-BDPM]    Started elaboration:  spec_wrapper::process_output

     [UI-BDS]     SLEC process is using 134 MB, peak 343 MB, and 19 seconds [+0MB, +0MB, +0s] @ Sun Mar 24 15:39:45 2024
     [UI-BDPM]    Finished elaboration:  spec_wrapper::process_output

     [UI-BDS]     SLEC process is using 134 MB, peak 343 MB, and 19 seconds [+0MB, +0MB, +0s] @ Sun Mar 24 15:39:45 2024
     [UI-BDPM]    Started elaboration:  spec_wrapper::generate_clk_rst

     [UI-BDS]     SLEC process is using 134 MB, peak 343 MB, and 19 seconds [+0MB, +0MB, +0s] @ Sun Mar 24 15:39:45 2024
     [UI-BDPM]    Finished elaboration:  spec_wrapper::generate_clk_rst

     [UI-BDS]     SLEC process is using 134 MB, peak 343 MB, and 19 seconds [+0MB, +0MB, +0s] @ Sun Mar 24 15:39:45 2024
     [UI-BDPM]    Started elaboration:  spec_wrapper::doit

     [UI-BDS]     SLEC process is using 134 MB, peak 343 MB, and 19 seconds [+0MB, +0MB, +0s] @ Sun Mar 24 15:39:45 2024
     [UI-BDPM]    Finished elaboration:  spec_wrapper::doit

     [UI-BDS]     SLEC process is using 134 MB, peak 343 MB, and 19 seconds [+0MB, +0MB, +0s] @ Sun Mar 24 15:39:45 2024
     [UI-BDPM]    Started elaboration:  spec_wrapper::spec_wrapper

     [UI-BDS]     SLEC process is using 134 MB, peak 343 MB, and 19 seconds [+0MB, +0MB, +0s] @ Sun Mar 24 15:39:45 2024
     [UI-BDPM]    Finished elaboration:  spec_wrapper::spec_wrapper

     [UI-BDS]     SLEC process is using 134 MB, peak 343 MB, and 19 seconds [+0MB, +0MB, +0s] @ Sun Mar 24 15:39:45 2024
     [UI-BDPM]    Finished elaboration:  spec_wrapper and all its member functions

     [UI-BDS]     SLEC process is using 132 MB, peak 343 MB, and 19 seconds [-2MB, +0MB, +0s] @ Sun Mar 24 15:39:45 2024
     [UI-BDPM]    Finished Cleanup :  

     [UI-BDS]     SLEC process is using 132 MB, peak 343 MB, and 19 seconds [+0MB, +0MB, +0s] @ Sun Mar 24 15:39:45 2024
     [UI-BDPM]    Finished Downscope Globals :  

     [UI-BDS]     CPU usage after cpp_elaborate = 12.565u 1.200s 13.765 0:19.000
     [UI-BDS]     MEM usage after cpp_elaborate = 132.055m 342.922p
     [UI-BDS]     CPU usage after convert_coverstmt_to_cvrassert = 12.566u 1.200s 13.765 0:19.000
     [UI-BDS]     MEM usage after convert_coverstmt_to_cvrassert = 132.056m 342.922p
     [UI-BDS]     CPU usage after uniquify_bboxes_and_insert_probes = 12.566u 1.200s 13.766 0:19.000
     [UI-BDS]     MEM usage after uniquify_bboxes_and_insert_probes = 132.056m 342.922p
     [UI-BDS]     CPU usage after cover_check_reporter = 12.566u 1.200s 13.766 0:19.000
     [UI-BDS]     MEM usage after cover_check_reporter = 132.056m 342.922p
     [UI-BDS]     CPU usage after cleanup = 12.567u 1.200s 13.766 0:19.000
     [UI-BDS]     MEM usage after cleanup = 132.056m 342.922p
     [UI-BDS]     CPU usage after post_elab_const_prop = 12.604u 1.200s 13.803 0:19.000
     [UI-BDS]     MEM usage after post_elab_const_prop = 132.049m 342.922p
     [UI-BDS]     SLEC process is using 132 MB, peak 343 MB, and 19 seconds [+0MB, +0MB, +0s] @ Sun Mar 24 15:39:45 2024
     [UI-BDPM]    Started record_design_checks
     [UI-BDS]     SLEC process is using 132 MB, peak 343 MB, and 20 seconds [+0MB, +0MB, +1s] @ Sun Mar 24 15:39:46 2024
     [UI-BDPM]    Finished record_design_checks
     [UI-BDS]     CPU usage after record_design_checks = 12.608u 1.201s 13.808 0:20.000
     [UI-BDS]     MEM usage after record_design_checks = 132.049m 342.922p
     [UI-BDS]     CPU usage after handle_float_types_natively = 12.610u 1.201s 13.810 0:20.000
     [UI-BDS]     MEM usage after handle_float_types_natively = 132.049m 342.922p
     [UI-BDS]     CPU usage after transform_slice_write = 12.610u 1.201s 13.811 0:20.000
     [UI-BDS]     MEM usage after transform_slice_write = 132.050m 342.922p
     [UI-BDS]     SLEC process is using 132 MB, peak 343 MB, and 20 seconds [+0MB, +0MB, +0s] @ Sun Mar 24 15:39:46 2024
     [UI-BDPM]    Started do_design_checks
     [CPT-PRCS]   CPU usage after checking CCC is 12.611u 1.201s 13.812 0:20.000
     [CPT-PRMS]   MEM usage after checking CCC is 132.048m 342.922p
     [CPT-PRCS]   CPU usage after checking RRT is 12.611u 1.201s 13.812 0:20.000
     [CPT-PRMS]   MEM usage after checking RRT is 132.048m 342.922p
     [UI-BDS]     SLEC process is using 132 MB, peak 343 MB, and 20 seconds [+0MB, +0MB, +0s] @ Sun Mar 24 15:39:46 2024
     [UI-BDPM]    Finished do_design_checks
     [UI-BDS]     CPU usage after do_design_checks = 12.612u 1.201s 13.812 0:20.000
     [UI-BDS]     MEM usage after do_design_checks = 132.047m 342.922p
     [UI-BDS]     CPU usage after infer_power_up_values = 12.625u 1.201s 13.826 0:20.000
     [UI-BDS]     MEM usage after infer_power_up_values = 132.052m 342.922p
     [UI-BDS]     CPU usage after const_fold = 12.626u 1.201s 13.827 0:20.000
     [UI-BDS]     MEM usage after const_fold = 132.051m 342.922p
     [UI-BDS]     CPU usage after infer_clock = 12.627u 1.201s 13.827 0:20.000
     [UI-BDS]     MEM usage after infer_clock = 132.051m 342.922p
     [UI-BDS]     CPU usage after synthesize_sequential_hierarchies = 12.630u 1.201s 13.830 0:20.000
     [UI-BDS]     MEM usage after synthesize_sequential_hierarchies = 132.055m 342.922p
     [UI-BDS]     CPU usage after transform_mem_comb_read = 12.630u 1.201s 13.831 0:20.000
     [UI-BDS]     MEM usage after transform_mem_comb_read = 132.055m 342.922p
     [UI-BDS]     CPU usage after introduce_writes_for_roms = 12.631u 1.201s 13.831 0:20.000
     [UI-BDS]     MEM usage after introduce_writes_for_roms = 132.055m 342.922p
     [UI-BDS]     CPU usage after reset_restr = 12.631u 1.201s 13.832 0:20.000
     [UI-BDS]     MEM usage after reset_restr = 132.058m 342.922p
     [UI-BDS]     CPU usage after handle_ac_probe_stmts = 12.632u 1.201s 13.832 0:20.000
     [UI-BDS]     MEM usage after handle_ac_probe_stmts = 132.058m 342.922p
     [UI-BDS]     CPU usage after coalesce_multi_concats = 12.632u 1.201s 13.833 0:20.000
     [UI-BDS]     MEM usage after coalesce_multi_concats = 132.059m 342.922p
     [UI-BDS]     CPU usage after remove_sc_int_upcasts = 12.632u 1.202s 13.834 0:20.000
     [UI-BDS]     MEM usage after remove_sc_int_upcasts = 132.059m 342.922p
     [UI-BDS]     CPU usage after handle_shift_operations = 12.633u 1.202s 13.834 0:20.000
     [UI-BDS]     MEM usage after handle_shift_operations = 132.076m 342.922p
     [UI-BDS]     CPU usage after var_bit_range = 12.634u 1.202s 13.835 0:20.000
     [UI-BDS]     MEM usage after var_bit_range = 132.076m 342.922p
     [UI-BDS]     CPU usage after var_bit_sel = 12.634u 1.202s 13.836 0:20.000
     [UI-BDS]     MEM usage after var_bit_sel = 132.077m 342.922p
     [UI-BDS]     CPU usage after convert_upto_bit_ranges = 12.635u 1.202s 13.836 0:20.000
     [UI-BDS]     MEM usage after convert_upto_bit_ranges = 132.077m 342.922p
     [UI-BDS]     CPU usage after bit_split = 12.636u 1.202s 13.837 0:20.000
     [UI-BDS]     MEM usage after bit_split = 132.077m 342.922p
     [UI-BDS]     CPU usage after coalesce_concats = 12.636u 1.202s 13.838 0:20.000
     [UI-BDS]     MEM usage after coalesce_concats = 132.078m 342.922p
     [UI-BDS]     CPU usage after concat2sel = 12.637u 1.202s 13.838 0:20.000
     [UI-BDS]     MEM usage after concat2sel = 132.078m 342.922p
     [UI-BDS]     CPU usage after break_array_read_ps = 12.637u 1.202s 13.839 0:20.000
     [UI-BDS]     MEM usage after break_array_read_ps = 132.102m 342.922p
     [UI-BDS]     SLEC process is using 132 MB, peak 343 MB, and 20 seconds [+0MB, +0MB, +0s] @ Sun Mar 24 15:39:46 2024
     [UI-BDPM]    Started record_design_checks
     [UI-BDS]     SLEC process is using 132 MB, peak 343 MB, and 20 seconds [+0MB, +0MB, +0s] @ Sun Mar 24 15:39:46 2024
     [UI-BDPM]    Finished record_design_checks
     [UI-BDS]     CPU usage after record_design_checks = 12.640u 1.203s 13.842 0:20.000
     [UI-BDS]     MEM usage after record_design_checks = 132.111m 342.922p
     [UI-BDS]     CPU usage after add_umr_detection_checks = 12.726u 1.203s 13.928 0:20.000
     [UI-BDS]     MEM usage after add_umr_detection_checks = 132.516m 342.922p
     [UI-BDS]     SLEC process is using 133 MB, peak 343 MB, and 20 seconds [+1MB, +0MB, +0s] @ Sun Mar 24 15:39:46 2024
     [UI-BDPM]    Started do_design_checks
     [CPT-PRCS]   CPU usage after checking UMR is 12.727u 1.203s 13.929 0:20.000
     [CPT-PRMS]   MEM usage after checking UMR is 132.517m 342.922p
     [UI-BDS]     SLEC process is using 133 MB, peak 343 MB, and 20 seconds [+0MB, +0MB, +0s] @ Sun Mar 24 15:39:46 2024
     [UI-BDPM]    Finished do_design_checks
     [UI-BDS]     CPU usage after do_design_checks = 12.727u 1.203s 13.930 0:20.000
     [UI-BDS]     MEM usage after do_design_checks = 132.516m 342.922p
     [UI-BDS]     CPU usage after remove_trivially_true_asserts = 12.728u 1.203s 13.930 0:20.000
     [UI-BDS]     MEM usage after remove_trivially_true_asserts = 132.507m 342.922p
     [UI-BDS]     CPU usage after update_internal_assert_src_rel = 12.729u 1.203s 13.932 0:20.000
     [UI-BDS]     MEM usage after update_internal_assert_src_rel = 132.508m 342.922p
     [UI-BDS]     SLEC process is using 133 MB, peak 343 MB, and 20 seconds [+0MB, +0MB, +0s] @ Sun Mar 24 15:39:46 2024
     [UI-BDPM]    Started record_design_checks
     [UI-BDS]     SLEC process is using 133 MB, peak 343 MB, and 20 seconds [+0MB, +0MB, +0s] @ Sun Mar 24 15:39:46 2024
     [UI-BDPM]    Finished record_design_checks
     [UI-BDS]     CPU usage after record_design_checks = 12.730u 1.204s 13.935 0:20.000
     [UI-BDS]     MEM usage after record_design_checks = 132.508m 342.922p
     [UI-BDS]     CPU usage after ccovercheck_dominator = 12.730u 1.204s 13.935 0:20.000
     [UI-BDS]     MEM usage after ccovercheck_dominator = 132.508m 342.922p
     [CPT-PCM]    Number of Property Checks: asc='NA'; cvr='NA'; abr=0; abw=0; dbz=0; ise=0; cas=0; umr=0; ovf=0;
     [UI-BDS]     CPU usage after handle_property_asserts = 12.731u 1.206s 13.937 0:20.000
     [UI-BDS]     MEM usage after handle_property_asserts = 132.501m 342.922p
     [UI-BDS]     SLEC process is using 133 MB, peak 343 MB, and 20 seconds [+0MB, +0MB, +0s] @ Sun Mar 24 15:39:46 2024
     [UI-BDPM]    Started record_design_checks
     [UI-BDS]     SLEC process is using 133 MB, peak 343 MB, and 20 seconds [+0MB, +0MB, +0s] @ Sun Mar 24 15:39:46 2024
     [UI-BDPM]    Finished record_design_checks
     [UI-BDS]     CPU usage after record_design_checks = 12.732u 1.207s 13.939 0:20.000
     [UI-BDS]     MEM usage after record_design_checks = 132.501m 342.922p
     [UI-BDS]     CPU usage after cleanup_empty_seq_block = 12.737u 1.207s 13.944 0:20.000
     [UI-BDS]     MEM usage after cleanup_empty_seq_block = 132.315m 342.922p
     [UI-BDS]     CPU usage after cpt_insert_waits_forcpc = 12.737u 1.207s 13.945 0:20.000
     [UI-BDS]     MEM usage after cpt_insert_waits_forcpc = 132.316m 342.922p
     [UI-BDS]     CPU usage after wait_restr = 12.766u 1.207s 13.974 0:20.000
     [UI-BDS]     MEM usage after wait_restr = 132.412m 342.922p
     [UI-BDS]     CPU usage after reset_probes = 12.767u 1.207s 13.975 0:20.000
     [UI-BDS]     MEM usage after reset_probes = 132.413m 342.922p
     [UI-BDS]     CPU usage after remove_dead_assigns = 12.774u 1.207s 13.981 0:20.000
     [UI-BDS]     MEM usage after remove_dead_assigns = 132.232m 342.922p
     [UI-BDS]     CPU usage after remove_x_assignments = 12.774u 1.207s 13.982 0:20.000
     [UI-BDS]     MEM usage after remove_x_assignments = 132.227m 342.922p
     [UI-BDS]     CPU usage after nb2b = 12.775u 1.207s 13.983 0:20.000
     [UI-BDS]     MEM usage after nb2b = 132.231m 342.922p
     [UI-BDS]     CPU usage after const_fold = 12.776u 1.208s 13.984 0:20.000
     [UI-BDS]     MEM usage after const_fold = 132.231m 342.922p
     [UI-BDS]     CPU usage after match_operand_widths = 12.776u 1.208s 13.984 0:20.000
     [UI-BDS]     MEM usage after match_operand_widths = 132.234m 342.922p
     [UI-BDS]     CPU usage after remove_dead_assigns = 12.779u 1.208s 13.988 0:20.000
     [UI-BDS]     MEM usage after remove_dead_assigns = 132.231m 342.922p
     [UI-BDS]     CPU usage after mux_compaction = 12.780u 1.208s 13.989 0:20.000
     [UI-BDS]     MEM usage after mux_compaction = 132.200m 342.922p
     [UI-BDS]     CPU usage after cleanup_attributes = 12.781u 1.208s 13.989 0:20.000
     [UI-BDS]     MEM usage after cleanup_attributes = 132.197m 342.922p
     [UI-BDS]     CPU usage after prep_for_cdb = 12.783u 1.208s 13.991 0:20.000
     [UI-BDS]     MEM usage after prep_for_cdb = 132.189m 342.922p
     [UI-BDS]     CPU usage after cpt::handle_static_prop_waivechecks = 12.783u 1.209s 13.991 0:20.000
     [UI-BDS]     MEM usage after cpt::handle_static_prop_waivechecks = 132.189m 342.922p
     [UI-BDPM]    Building module input_ac_channel_read_ln26_bbox_7_1
     [UI-BDS]     SLEC process is using 133 MB, peak 343 MB, and 23 seconds [+0MB, +0MB, +3s] @ Sun Mar 24 15:39:49 2024
     [UI-BDPM]    Finished building cfg

     [UI-BDS]     SLEC process is using 133 MB, peak 343 MB, and 23 seconds [+0MB, +0MB, +0s] @ Sun Mar 24 15:39:49 2024
     [UI-BDPM]    Finished building dependence graph

     [UI-BDS]     SLEC process is using 133 MB, peak 343 MB, and 23 seconds [+0MB, +0MB, +0s] @ Sun Mar 24 15:39:49 2024
     [UI-BDPM]    Finished building simple nodes

     [UI-BDS]     SLEC process is using 133 MB, peak 343 MB, and 23 seconds [+0MB, +0MB, +0s] @ Sun Mar 24 15:39:49 2024
     [UI-BDPM]    Finished building merge nodes

     [UI-BDS]     SLEC process is using 133 MB, peak 343 MB, and 23 seconds [+0MB, +0MB, +0s] @ Sun Mar 24 15:39:49 2024
     [UI-BDPM]    Finished building thread merge nodes

     [UI-BDS]     SLEC process is using 133 MB, peak 343 MB, and 23 seconds [+0MB, +0MB, +0s] @ Sun Mar 24 15:39:49 2024
     [UI-BDPM]    Finished building entry nodes

     [UI-BDS]     SLEC process is using 133 MB, peak 343 MB, and 23 seconds [+0MB, +0MB, +0s] @ Sun Mar 24 15:39:49 2024
     [UI-BDPM]    Finished building decl nodes

     [UI-BDS]     SLEC process is using 133 MB, peak 343 MB, and 23 seconds [+0MB, +0MB, +0s] @ Sun Mar 24 15:39:49 2024
     [UI-BDPM]    Finished building nodes

     [UI-BDS]     SLEC process is using 133 MB, peak 343 MB, and 23 seconds [+0MB, +0MB, +0s] @ Sun Mar 24 15:39:49 2024
     [UI-BDPM]    Finished collecting defs

     [UI-BDS]     SLEC process is using 133 MB, peak 343 MB, and 23 seconds [+0MB, +0MB, +0s] @ Sun Mar 24 15:39:49 2024
     [UI-BDPM]    Finished computing reachins

     [UI-BDS]     SLEC process is using 133 MB, peak 343 MB, and 23 seconds [+0MB, +0MB, +0s] @ Sun Mar 24 15:39:49 2024
     [UI-BDPM]    Finished building edges

     [UI-BDS]     SLEC process is using 133 MB, peak 343 MB, and 23 seconds [+0MB, +0MB, +0s] @ Sun Mar 24 15:39:49 2024
     [UI-BDPM]    Finished cleaning spurious thread merges

     [UI-BDPM]    Building module fir::run
     [UI-BDS]     SLEC process is using 133 MB, peak 343 MB, and 23 seconds [+0MB, +0MB, +0s] @ Sun Mar 24 15:39:49 2024
     [UI-BDPM]    Finished building cfg

     [UI-BDS]     SLEC process is using 133 MB, peak 343 MB, and 23 seconds [+0MB, +0MB, +0s] @ Sun Mar 24 15:39:49 2024
     [UI-BDPM]    Finished building dependence graph

     [UI-BDS]     SLEC process is using 133 MB, peak 343 MB, and 23 seconds [+0MB, +0MB, +0s] @ Sun Mar 24 15:39:49 2024
     [UI-BDPM]    Finished building simple nodes

     [UI-BDS]     SLEC process is using 133 MB, peak 343 MB, and 23 seconds [+0MB, +0MB, +0s] @ Sun Mar 24 15:39:49 2024
     [UI-BDPM]    Finished building merge nodes

     [UI-BDS]     SLEC process is using 133 MB, peak 343 MB, and 23 seconds [+0MB, +0MB, +0s] @ Sun Mar 24 15:39:49 2024
     [UI-BDPM]    Finished building thread merge nodes

     [UI-BDS]     SLEC process is using 133 MB, peak 343 MB, and 23 seconds [+0MB, +0MB, +0s] @ Sun Mar 24 15:39:49 2024
     [UI-BDPM]    Finished building entry nodes

     [UI-BDS]     SLEC process is using 133 MB, peak 343 MB, and 23 seconds [+0MB, +0MB, +0s] @ Sun Mar 24 15:39:49 2024
     [UI-BDPM]    Finished building decl nodes

     [UI-BDS]     SLEC process is using 133 MB, peak 343 MB, and 23 seconds [+0MB, +0MB, +0s] @ Sun Mar 24 15:39:49 2024
     [UI-BDPM]    Finished building nodes

     [UI-BDS]     SLEC process is using 133 MB, peak 343 MB, and 23 seconds [+0MB, +0MB, +0s] @ Sun Mar 24 15:39:49 2024
     [UI-BDPM]    Finished collecting defs

     [UI-BDS]     SLEC process is using 133 MB, peak 343 MB, and 23 seconds [+0MB, +0MB, +0s] @ Sun Mar 24 15:39:49 2024
     [UI-BDPM]    Finished computing reachins

     [UI-BDS]     SLEC process is using 133 MB, peak 343 MB, and 23 seconds [+0MB, +0MB, +0s] @ Sun Mar 24 15:39:49 2024
     [UI-BDPM]    Finished building edges

     [UI-BDS]     SLEC process is using 133 MB, peak 343 MB, and 23 seconds [+0MB, +0MB, +0s] @ Sun Mar 24 15:39:49 2024
     [UI-BDPM]    Finished cleaning spurious thread merges

     [UI-BDPM]    Building module spec_wrapper
     [UI-BDS]     SLEC process is using 133 MB, peak 343 MB, and 23 seconds [+0MB, +0MB, +0s] @ Sun Mar 24 15:39:49 2024
     [UI-BDPM]    Finished building cfg

     [UI-BDS]     SLEC process is using 133 MB, peak 343 MB, and 23 seconds [+0MB, +0MB, +0s] @ Sun Mar 24 15:39:49 2024
     [UI-BDPM]    Finished building dependence graph

     [UI-BDS]     SLEC process is using 133 MB, peak 343 MB, and 23 seconds [+0MB, +0MB, +0s] @ Sun Mar 24 15:39:49 2024
     [UI-BDPM]    Finished building simple nodes

     [UI-BDS]     SLEC process is using 133 MB, peak 343 MB, and 23 seconds [+0MB, +0MB, +0s] @ Sun Mar 24 15:39:49 2024
     [UI-BDPM]    Finished building merge nodes

     [UI-BDS]     SLEC process is using 133 MB, peak 343 MB, and 23 seconds [+0MB, +0MB, +0s] @ Sun Mar 24 15:39:49 2024
     [UI-BDPM]    Finished building thread merge nodes

     [UI-BDS]     SLEC process is using 133 MB, peak 343 MB, and 23 seconds [+0MB, +0MB, +0s] @ Sun Mar 24 15:39:49 2024
     [UI-BDPM]    Finished building entry nodes

     [UI-BDS]     SLEC process is using 133 MB, peak 343 MB, and 23 seconds [+0MB, +0MB, +0s] @ Sun Mar 24 15:39:49 2024
     [UI-BDPM]    Finished building decl nodes

     [UI-BDS]     SLEC process is using 133 MB, peak 343 MB, and 23 seconds [+0MB, +0MB, +0s] @ Sun Mar 24 15:39:49 2024
     [UI-BDPM]    Finished building nodes

     [UI-BDS]     SLEC process is using 133 MB, peak 343 MB, and 23 seconds [+0MB, +0MB, +0s] @ Sun Mar 24 15:39:49 2024
     [UI-BDPM]    Finished collecting defs

     [UI-BDS]     SLEC process is using 133 MB, peak 343 MB, and 23 seconds [+0MB, +0MB, +0s] @ Sun Mar 24 15:39:49 2024
     [UI-BDPM]    Finished computing reachins

     [UI-BDS]     SLEC process is using 133 MB, peak 343 MB, and 23 seconds [+0MB, +0MB, +0s] @ Sun Mar 24 15:39:49 2024
     [UI-BDPM]    Finished building edges

     [UI-BDS]     SLEC process is using 133 MB, peak 343 MB, and 23 seconds [+0MB, +0MB, +0s] @ Sun Mar 24 15:39:49 2024
     [UI-BDPM]    Finished cleaning spurious thread merges

     [UI-BDS]     CPU usage after build_cdb = 12.939u 1.330s 14.269 0:24.000
     [UI-BDS]     MEM usage after build_cdb = 77.748m 342.922p
     [UI-BDS]     CPU usage after _rename_operators = 12.941u 1.331s 14.273 0:24.000
     [UI-BDS]     MEM usage after _rename_operators = 77.768m 342.922p
     [UI-BDS]     CPU usage after _buf_rm = 12.943u 1.332s 14.275 0:24.000
     [UI-BDS]     MEM usage after _buf_rm = 77.644m 342.922p
     [UI-BDS]     CPU usage after _reduce_comparators = 12.944u 1.332s 14.276 0:24.000
     [UI-BDS]     MEM usage after _reduce_comparators = 77.646m 342.922p
     [UI-BDS]     CPU usage after _merge_cdbmerge_node = 12.944u 1.332s 14.277 0:24.000
     [UI-BDS]     MEM usage after _merge_cdbmerge_node = 77.646m 342.922p
     [UI-BDS]     CPU usage after _infer_muxlatch = 12.948u 1.332s 14.280 0:24.000
     [UI-BDS]     MEM usage after _infer_muxlatch = 77.610m 342.922p
     [UI-BDS]     CPU usage after bls_node = 12.948u 1.332s 14.281 0:24.000
     [UI-BDS]     MEM usage after bls_node = 77.611m 342.922p
     [UI-BDS]     CPU usage after bls_node = 12.949u 1.332s 14.281 0:24.000
     [UI-BDS]     MEM usage after bls_node = 77.611m 342.922p
     [UI-BDS]     CPU usage after _replace_latches_with_ff = 12.949u 1.332s 14.281 0:24.000
     [UI-BDS]     MEM usage after _replace_latches_with_ff = 77.611m 342.922p
     [UI-BDS]     CPU usage after _mem_cell_2_mem_mod = 12.950u 1.332s 14.282 0:24.000
     [UI-BDS]     MEM usage after _mem_cell_2_mem_mod = 77.611m 342.922p
     [UI-BDS]     CPU usage after _replace_float_shells = 12.951u 1.332s 14.283 0:24.000
     [UI-BDS]     MEM usage after _replace_float_shells = 77.612m 342.922p
     [UI-BDS]     CPU usage after _buf_rm = 12.951u 1.333s 14.284 0:24.000
     [UI-BDS]     MEM usage after _buf_rm = 77.612m 342.922p
     [UI-BDS]     CPU usage after bls_node = 12.958u 1.333s 14.292 0:24.000
     [UI-BDS]     MEM usage after bls_node = 77.603m 342.922p
     [UI-BDS]     CPU usage after _deadcode_elim = 12.961u 1.333s 14.294 0:24.000
     [UI-BDS]     MEM usage after _deadcode_elim = 77.500m 342.922p
     [UI-BDS]     CPU usage after _uniqify = 12.961u 1.334s 14.295 0:24.000
     [UI-BDS]     MEM usage after _uniqify = 77.500m 342.922p
     [UI-BDS]     CPU usage after _remove_transparent_latch = 12.961u 1.334s 14.295 0:24.000
     [UI-BDS]     MEM usage after _remove_transparent_latch = 77.501m 342.922p
