 . /home/raid7_2/user12/r12016/asoc/Catapult_1/fir.v1/CDesignChecker/spec_wrapper.cpp
 .. /home/raid7_2/user12/r12016/asoc/Catapult_1/fir.v1/CDesignChecker/spec_wrapper.h
 ... /home/raid7_2/user12/r12016/asoc/lab2/lab1_fir/01_walkthrough_loops/fir.h
 .... /home/raid7_4/raid1_1/linux/mentor/Catapult/2023.2/Mgc_home/shared/include/ac_int.h
 .... /home/raid7_4/raid1_1/linux/mentor/Catapult/2023.2/Mgc_home/shared/include/mc_scverify.h
 . /home/raid7_2/user12/r12016/asoc/Catapult_1/fir.v1/CDesignChecker/spec_wrapper.cpp
 .. /home/raid7_2/user12/r12016/asoc/Catapult_1/fir.v1/CDesignChecker/spec_wrapper.h
 ... /home/raid7_2/user12/r12016/asoc/lab2/lab1_fir/01_walkthrough_loops/fir.h
 .... /home/raid7_4/raid1_1/linux/mentor/Catapult/2023.2/Mgc_home/shared/include/ac_int.h
 .... /home/raid7_4/raid1_1/linux/mentor/Catapult/2023.2/Mgc_home/shared/include/mc_scverify.h
 . /home/raid7_2/user12/r12016/asoc/Catapult_1/fir.v1/CDesignChecker/spec_wrapper.cpp
 .. /home/raid7_2/user12/r12016/asoc/Catapult_1/fir.v1/CDesignChecker/spec_wrapper.h
 ... /home/raid7_2/user12/r12016/asoc/lab2/lab1_fir/01_walkthrough_loops/fir.h
 .... /home/raid7_4/raid1_1/linux/mentor/Catapult/2023.2/Mgc_home/shared/include/ac_int.h
 .... /home/raid7_4/raid1_1/linux/mentor/Catapult/2023.2/Mgc_home/shared/include/mc_scverify.h
 .. /home/raid7_4/raid1_1/linux/mentor/Catapult/2023.2/Mgc_home/shared/include/mc_typeconv.h
 ... /home/raid7_4/raid1_1/linux/mentor/Catapult/2023.2/Mgc_home/shared/include/mc_container_types.h
 ... /home/raid7_4/raid1_1/linux/mentor/Catapult/2023.2/Mgc_home/shared/include/ac_sc.h
 .... /home/raid7_4/raid1_1/linux/mentor/Catapult/2023.2/Mgc_home/shared/include/ac_complex.h
 ..... /home/raid7_4/raid1_1/linux/mentor/Catapult/2023.2/Mgc_home/shared/include/ac_float.h
 ...... /home/raid7_4/raid1_1/linux/mentor/Catapult/2023.2/Mgc_home/shared/include/ac_fixed.h
