-- Catapult Ultra Synthesis: Report                                              
-- ------------------------- ---------------------------------------------------
-- Version:                  2023.2/1059873 Production Release                   
-- Build Date:               Mon Aug  7 10:54:31 PDT 2023                        
                                                                                 
-- Generated by:             r12016@cad40                                        
-- Generated date:           Sun Mar 24 17:33:21 CST 2024                        

Solution Settings: top.v3
  Current state: extract
  Project: Catapult

Design Input Files Specified
  $PROJECT_HOME/top_tb.cpp
  $PROJECT_HOME/top.h
    $PROJECT_HOME/fir.h
      $MGC_HOME/shared/include/ac_int.h
      $MGC_HOME/shared/include/ac_channel.h
      $MGC_HOME/shared/include/mc_scverify.h
    $PROJECT_HOME/decimator.h
      $MGC_HOME/shared/include/mc_scverify.h
  $PROJECT_HOME/fir.h
    $MGC_HOME/shared/include/ac_int.h
    $MGC_HOME/shared/include/ac_channel.h
    $MGC_HOME/shared/include/mc_scverify.h
  $PROJECT_HOME/decimator.h
    $MGC_HOME/shared/include/mc_scverify.h

Processes/Blocks in Design
  Process            Real Operation(s) count Latency Throughput Reset Length II Comments 
  ------------------ ----------------------- ------- ---------- ------------ -- --------
  /top/decimator/run                       6       1          1            1  0          
  /top/fir/run                            17       1          1            1  0          
  Design Total:                           23       2          1            1  0          
  
Bill Of Materials (Datapath)
  Component Name                 Area Score Area(Combinational) AreaSeq Delay Post Alloc Post Assign 
  ------------------------------ ---------- ------------------- ------- ----- ---------- -----------
  [Lib: ccs_ioport]                                                                                  
  ccs_in_wait(1,8)                    0.000               0.000   0.000 0.000          1           2 
  ccs_in_wait(5,8)                    0.000               0.000   0.000 0.000          1           1 
  ccs_out_wait(3,8)                   0.000               0.000   0.000 0.000          1           2 
  ccs_out_wait(6,8)                   0.000               0.000   0.000 0.000          1           1 
  [Lib: nangate-45nm_beh]                                                                            
  mgc_add(16,1,16,1,17,7)            69.266             105.346   0.000 1.195          4           8 
  mgc_add(17,1,17,1,18,7)            73.312             114.144   0.000 1.266          2           4 
  mgc_add(18,1,18,1,19,7)            77.594             122.878   0.000 1.337          1           2 
  mgc_add(2,0,1,0,2,7)                6.916               0.000   0.000 0.186          0           1 
  mgc_add(2,0,2,1,3,7)               10.040               0.000   0.000 0.237          1           0 
  mgc_and(1,2,4)                      1.064               0.000   0.000 0.077          0          26 
  mgc_and(3,2,4)                      3.192               1.314   0.000 0.077          1           0 
  mgc_mul(8,1,8,1,16,7)             288.429             332.359   0.000 1.157          8          16 
  mgc_mux(8,1,2,1)                   25.536              45.010   0.000 0.114          0           3 
  mgc_nor(1,2,2)                      0.798               0.000   0.000 0.097          0          14 
  mgc_not(1,1)                        0.532               0.532   0.000 0.039          0          16 
  mgc_or(1,3,4)                       1.330               0.000   0.000 0.115          0           6 
  mgc_reg_pos(1,0,0,1,1,0,0,1)        6.384               1.862   4.522 0.106          0           6 
  mgc_reg_pos(1,0,0,1,1,1,1,1)        6.384               1.862   4.522 0.106          0           6 
  mgc_reg_pos(2,0,0,1,1,1,1,1)       12.768               3.724   9.044 0.106          0           1 
  mgc_reg_pos(8,0,0,1,1,1,1,1)       51.072              14.896  36.176 0.106          0          20 
                                                                                                     
  TOTAL AREA (After Assignment):   6867.089            7330.000 787.000                              
  
Area Scores
                    Post-Scheduling   Post-DP & FSM Post-Assignment 
  ----------------- --------------- --------------- ---------------
  Total Area Score:   6364.8          6903.2          6900.1        
  Total Reg:           734.2  (12%)   1140.8  (17%)   1140.8  (17%) 
                                                                    
  DataPath:           6364.8 (100%)   6870.2 (100%)   6867.1 (100%) 
    MUX:                 0.0            76.6   (1%)     76.6   (1%) 
    FUNC:             5627.5  (88%)   5627.5  (82%)   5624.3  (82%) 
    LOGIC:               3.2   (0%)     55.3   (1%)     55.3   (1%) 
    BUFFER:              0.0             0.0             0.0        
    MEM:                 0.0             0.0             0.0        
    ROM:                 0.0             0.0             0.0        
    REG:               734.2  (12%)   1110.8  (16%)   1110.8  (16%) 
                                                                    
  
  FSM:                   0.0            33.0   (0%)     33.0   (0%) 
    FSM-REG:             0.0            30.0  (91%)     30.0  (91%) 
    FSM-COMB:            0.0             3.0   (9%)      3.0   (9%) 
                                                                    
  
  
  (MUX = multiplexers; FUNC = datapath logic (e.g. add/mult); LOGIC = control logic)

Register-to-Variable Mappings
  Register                   Size(bits) Gated Register CG Opt Done Variables                                             
  -------------------------- ---------- -------------- ----------- -----------------------------------------------------
  MAC:asn#10.itm                      8         Y           Y      MAC:asn#10.itm                                        
  MAC:asn#12.itm                      8         Y           Y      MAC:asn#12.itm                                        
  MAC:asn#14.itm                      8         Y           Y      MAC:asn#14.itm                                        
  MAC:asn#4.itm                       8         Y           Y      MAC:asn#4.itm                                         
  MAC:asn#8.itm                       8         Y           Y      MAC:asn#8.itm                                         
  din:rsci.idat.bfwt                  8         Y           Y      din:rsci.idat.bfwt                                    
  dout:rsci.idat                      8         Y           Y      dout:rsci.idat                                        
  input:rsci.idat.bfwt                8         Y           Y      input:rsci.idat.bfwt                                  
  output:rsci.idat                    8         Y           Y      output:rsci.idat                                      
  regs(0).sva                         8         Y           Y      regs(0).sva                                           
  regs(1).sva                         8         Y           Y      regs(1).sva                                           
  count(2:0).sva(1:0)                 2         Y           Y      count(2:0).sva(1:0)                                   
  din:rsci.bcwt                       1                            din:rsci.bcwt                                         
  dout:rsci.bcwt                      1                            dout:rsci.bcwt                                        
  input:rsci.bcwt                     1                            input:rsci.bcwt                                       
  output:rsci.bcwt                    1                            output:rsci.bcwt                                      
  reg(din:rsci.iswt0).cse             1         Y                  reg(din:rsci.iswt0).cse                               
  reg(dout:rsci.iswt0).cse            1         Y                  reg(dout:rsci.iswt0).cse                              
  reg(input:rsci.iswt0).cse           1         Y                  reg(input:rsci.iswt0).cse                             
  reg(output:rsci.iswt0).cse          1         Y                  reg(output:rsci.iswt0).cse                            
                                                                                                                         
  Total:                             98             94          90 (Total Gating Ratio: 0.96, CG Opt Gating Ratio: 0.92) 
  
Timing Report
  Critical Path
    Max Delay:  1.9677022631578949
    Slack:      8.032297736842105
    
    Path                                                                                                          Startpoint                                                                                                  Endpoint                                  Delay   Slack                       
    ------------------------------------------------------------------------------------------------------------- ----------------------------------------------------------------------------------------------------------- ----------------------------------------- ------- ------ --------------------
    1                                                                                                             block0/fir:run:inst/fir:run:input:rsci:inst/fir:run:input:rsci:input:wait_dp:inst/reg(input:rsci.bcwt)      block0/fir:run:inst/reg(output:rsci.idat) 1.9677  8.0323                      
                                                                                                                                                                                                                                                                                                            
      Instance                                                                                                    Component                                                                                                                                             Delta   Delay  [MIN, MAX]           
      --------                                                                                                    ---------                                                                                                                                             -----   -----  ------------------   
      block0/fir:run:inst/fir:run:input:rsci:inst/fir:run:input:rsci:input:wait_dp:inst/reg(input:rsci.bcwt)      mgc_reg_pos_1_0_0_1_1_0_0_1                                                                                                                           0.1060  0.1060                      
      block0/fir:run:inst/fir:run:input:rsci:inst/fir:run:input:rsci:input:wait_dp:inst/input:rsci.bcwt                                                                                                                                                                 0.0000  0.1060                      
      block0/fir:run:inst/fir:run:input:rsci:inst/fir:run:input:rsci:input:wait_dp:inst/SHIFT:if:mux#2            mgc_mux_8_1_2_1                                                                                                                                       0.1141  0.2201                      
      block0/fir:run:inst/fir:run:input:rsci:inst/fir:run:input:rsci:input:wait_dp:inst/input:rsci.idat.mxwt                                                                                                                                                            0.0000  0.2201                      
      block0/fir:run:inst/fir:run:input:rsci:inst/input:rsci.idat.mxwt                                                                                                                                                                                                  0.0000  0.2201                      
      block0/fir:run:inst/input:rsci.idat.mxwt                                                                                                                                                                                                                          0.0000  0.2201                      
      block0/fir:run:inst/SHIFT:if:asn(SHIFT:if:asn.ncse.sva#1)                                                                                                                                                                                                         0.0000  0.2201                      
      block0/fir:run:inst/SHIFT:if:asn(SHIFT:if:asn.ncse.sva#1).itm                                                                                                                                                                                                     0.0000  0.2201                      
      block0/fir:run:inst/MAC-8:mul                                                                               mgc_mul_8_1_8_1_16_7                                                                                                                                  1.1570  1.3771 [0.400045, 1.377145] 
      block0/fir:run:inst/MAC-8:mul.itm                                                                                                                                                                                                                                 0.0000  1.3771 [0.400045, 1.377145] 
      block0/fir:run:inst/MAC:acc#6                                                                               mgc_addc_16_1_16_1_17_7                                                                                                                               0.2177  1.5948 [0.546513, 1.594849] 
      block0/fir:run:inst/MAC:acc#6.itm                                                                                                                                                                                                                                 0.0000  1.5948 [0.546513, 1.594849] 
      block0/fir:run:inst/MAC:acc#8                                                                               mgc_addc_17_1_17_1_18_7                                                                                                                               0.2177  1.8126 [0.692981, 1.812596] 
      block0/fir:run:inst/MAC:acc#8.itm                                                                                                                                                                                                                                 0.0000  1.8126 [0.692981, 1.812596] 
      block0/fir:run:inst/MAC-8:acc#1                                                                             mgc_addc_18_1_18_1_19_7                                                                                                                               0.2178  2.0304 [0.839449, 2.030383] 
      block0/fir:run:inst/MAC-8:acc#1.itm                                                                                                                                                                                                                               0.0000  2.0304 [0.839449, 2.030383] 
      block0/fir:run:inst/MAC:slc(MAC-8:acc#1)(18-11)                                                                                                                                                                                                                   -0.0627 1.9677 [1.528937, 1.967702] 
      block0/fir:run:inst/MAC:slc(MAC-8:acc#1)(18-11).itm                                                                                                                                                                                                               0.0000  1.9677 [1.528937, 1.967702] 
      block0/fir:run:inst/reg(output:rsci.idat)                                                                   mgc_reg_pos_8_0_0_1_1_1_1_1                                                                                                                           0.0000  1.9677                      
                                                                                                                                                                                                                                                                                                            
    2                                                                                                             block1/fir:run:inst/fir:run:input:rsci:inst/fir:run:input:rsci:input:wait_dp:inst/reg(input:rsci.bcwt)      block1/fir:run:inst/reg(output:rsci.idat) 1.9677  8.0323                      
                                                                                                                                                                                                                                                                                                            
      Instance                                                                                                    Component                                                                                                                                             Delta   Delay  [MIN, MAX]           
      --------                                                                                                    ---------                                                                                                                                             -----   -----  ------------------   
      block1/fir:run:inst/fir:run:input:rsci:inst/fir:run:input:rsci:input:wait_dp:inst/reg(input:rsci.bcwt)      mgc_reg_pos_1_0_0_1_1_0_0_1                                                                                                                           0.1060  0.1060                      
      block1/fir:run:inst/fir:run:input:rsci:inst/fir:run:input:rsci:input:wait_dp:inst/input:rsci.bcwt                                                                                                                                                                 0.0000  0.1060                      
      block1/fir:run:inst/fir:run:input:rsci:inst/fir:run:input:rsci:input:wait_dp:inst/SHIFT:if:mux#2            mgc_mux_8_1_2_1                                                                                                                                       0.1141  0.2201                      
      block1/fir:run:inst/fir:run:input:rsci:inst/fir:run:input:rsci:input:wait_dp:inst/input:rsci.idat.mxwt                                                                                                                                                            0.0000  0.2201                      
      block1/fir:run:inst/fir:run:input:rsci:inst/input:rsci.idat.mxwt                                                                                                                                                                                                  0.0000  0.2201                      
      block1/fir:run:inst/input:rsci.idat.mxwt                                                                                                                                                                                                                          0.0000  0.2201                      
      block1/fir:run:inst/SHIFT:if:asn(SHIFT:if:asn.ncse.sva#1)                                                                                                                                                                                                         0.0000  0.2201                      
      block1/fir:run:inst/SHIFT:if:asn(SHIFT:if:asn.ncse.sva#1).itm                                                                                                                                                                                                     0.0000  0.2201                      
      block1/fir:run:inst/MAC-8:mul                                                                               mgc_mul_8_1_8_1_16_7                                                                                                                                  1.1570  1.3771 [0.400045, 1.377145] 
      block1/fir:run:inst/MAC-8:mul.itm                                                                                                                                                                                                                                 0.0000  1.3771 [0.400045, 1.377145] 
      block1/fir:run:inst/MAC:acc#6                                                                               mgc_addc_16_1_16_1_17_7                                                                                                                               0.2177  1.5948 [0.546513, 1.594849] 
      block1/fir:run:inst/MAC:acc#6.itm                                                                                                                                                                                                                                 0.0000  1.5948 [0.546513, 1.594849] 
      block1/fir:run:inst/MAC:acc#8                                                                               mgc_addc_17_1_17_1_18_7                                                                                                                               0.2177  1.8126 [0.692981, 1.812596] 
      block1/fir:run:inst/MAC:acc#8.itm                                                                                                                                                                                                                                 0.0000  1.8126 [0.692981, 1.812596] 
      block1/fir:run:inst/MAC-8:acc#1                                                                             mgc_addc_18_1_18_1_19_7                                                                                                                               0.2178  2.0304 [0.839449, 2.030383] 
      block1/fir:run:inst/MAC-8:acc#1.itm                                                                                                                                                                                                                               0.0000  2.0304 [0.839449, 2.030383] 
      block1/fir:run:inst/MAC:slc(MAC-8:acc#1)(18-11)                                                                                                                                                                                                                   -0.0627 1.9677 [1.528937, 1.967702] 
      block1/fir:run:inst/MAC:slc(MAC-8:acc#1)(18-11).itm                                                                                                                                                                                                               0.0000  1.9677 [1.528937, 1.967702] 
      block1/fir:run:inst/reg(output:rsci.idat)                                                                   mgc_reg_pos_8_0_0_1_1_1_1_1                                                                                                                           0.0000  1.9677                      
                                                                                                                                                                                                                                                                                                            
    3                                                                                                             block0/fir:run:inst/fir:run:input:rsci:inst/fir:run:input:rsci:input:wait_dp:inst/reg(input:rsci.idat.bfwt) block0/fir:run:inst/reg(output:rsci.idat) 1.9677  8.0323                      
                                                                                                                                                                                                                                                                                                            
      Instance                                                                                                    Component                                                                                                                                             Delta   Delay  [MIN, MAX]           
      --------                                                                                                    ---------                                                                                                                                             -----   -----  ------------------   
      block0/fir:run:inst/fir:run:input:rsci:inst/fir:run:input:rsci:input:wait_dp:inst/reg(input:rsci.idat.bfwt) mgc_reg_pos_8_0_0_1_1_1_1_1                                                                                                                           0.1060  0.1060                      
      block0/fir:run:inst/fir:run:input:rsci:inst/fir:run:input:rsci:input:wait_dp:inst/input:rsci.idat.bfwt                                                                                                                                                            0.0000  0.1060                      
      block0/fir:run:inst/fir:run:input:rsci:inst/fir:run:input:rsci:input:wait_dp:inst/SHIFT:if:mux#2            mgc_mux_8_1_2_1                                                                                                                                       0.1141  0.2201                      
      block0/fir:run:inst/fir:run:input:rsci:inst/fir:run:input:rsci:input:wait_dp:inst/input:rsci.idat.mxwt                                                                                                                                                            0.0000  0.2201                      
      block0/fir:run:inst/fir:run:input:rsci:inst/input:rsci.idat.mxwt                                                                                                                                                                                                  0.0000  0.2201                      
      block0/fir:run:inst/input:rsci.idat.mxwt                                                                                                                                                                                                                          0.0000  0.2201                      
      block0/fir:run:inst/SHIFT:if:asn(SHIFT:if:asn.ncse.sva#1)                                                                                                                                                                                                         0.0000  0.2201                      
      block0/fir:run:inst/SHIFT:if:asn(SHIFT:if:asn.ncse.sva#1).itm                                                                                                                                                                                                     0.0000  0.2201                      
      block0/fir:run:inst/MAC-8:mul                                                                               mgc_mul_8_1_8_1_16_7                                                                                                                                  1.1570  1.3771 [0.400045, 1.377145] 
      block0/fir:run:inst/MAC-8:mul.itm                                                                                                                                                                                                                                 0.0000  1.3771 [0.400045, 1.377145] 
      block0/fir:run:inst/MAC:acc#6                                                                               mgc_addc_16_1_16_1_17_7                                                                                                                               0.2177  1.5948 [0.546513, 1.594849] 
      block0/fir:run:inst/MAC:acc#6.itm                                                                                                                                                                                                                                 0.0000  1.5948 [0.546513, 1.594849] 
      block0/fir:run:inst/MAC:acc#8                                                                               mgc_addc_17_1_17_1_18_7                                                                                                                               0.2177  1.8126 [0.692981, 1.812596] 
      block0/fir:run:inst/MAC:acc#8.itm                                                                                                                                                                                                                                 0.0000  1.8126 [0.692981, 1.812596] 
      block0/fir:run:inst/MAC-8:acc#1                                                                             mgc_addc_18_1_18_1_19_7                                                                                                                               0.2178  2.0304 [0.839449, 2.030383] 
      block0/fir:run:inst/MAC-8:acc#1.itm                                                                                                                                                                                                                               0.0000  2.0304 [0.839449, 2.030383] 
      block0/fir:run:inst/MAC:slc(MAC-8:acc#1)(18-11)                                                                                                                                                                                                                   -0.0627 1.9677 [1.528937, 1.967702] 
      block0/fir:run:inst/MAC:slc(MAC-8:acc#1)(18-11).itm                                                                                                                                                                                                               0.0000  1.9677 [1.528937, 1.967702] 
      block0/fir:run:inst/reg(output:rsci.idat)                                                                   mgc_reg_pos_8_0_0_1_1_1_1_1                                                                                                                           0.0000  1.9677                      
                                                                                                                                                                                                                                                                                                            
    4                                                                                                             block1/fir:run:inst/fir:run:input:rsci:inst/fir:run:input:rsci:input:wait_dp:inst/reg(input:rsci.idat.bfwt) block1/fir:run:inst/reg(output:rsci.idat) 1.9677  8.0323                      
                                                                                                                                                                                                                                                                                                            
      Instance                                                                                                    Component                                                                                                                                             Delta   Delay  [MIN, MAX]           
      --------                                                                                                    ---------                                                                                                                                             -----   -----  ------------------   
      block1/fir:run:inst/fir:run:input:rsci:inst/fir:run:input:rsci:input:wait_dp:inst/reg(input:rsci.idat.bfwt) mgc_reg_pos_8_0_0_1_1_1_1_1                                                                                                                           0.1060  0.1060                      
      block1/fir:run:inst/fir:run:input:rsci:inst/fir:run:input:rsci:input:wait_dp:inst/input:rsci.idat.bfwt                                                                                                                                                            0.0000  0.1060                      
      block1/fir:run:inst/fir:run:input:rsci:inst/fir:run:input:rsci:input:wait_dp:inst/SHIFT:if:mux#2            mgc_mux_8_1_2_1                                                                                                                                       0.1141  0.2201                      
      block1/fir:run:inst/fir:run:input:rsci:inst/fir:run:input:rsci:input:wait_dp:inst/input:rsci.idat.mxwt                                                                                                                                                            0.0000  0.2201                      
      block1/fir:run:inst/fir:run:input:rsci:inst/input:rsci.idat.mxwt                                                                                                                                                                                                  0.0000  0.2201                      
      block1/fir:run:inst/input:rsci.idat.mxwt                                                                                                                                                                                                                          0.0000  0.2201                      
      block1/fir:run:inst/SHIFT:if:asn(SHIFT:if:asn.ncse.sva#1)                                                                                                                                                                                                         0.0000  0.2201                      
      block1/fir:run:inst/SHIFT:if:asn(SHIFT:if:asn.ncse.sva#1).itm                                                                                                                                                                                                     0.0000  0.2201                      
      block1/fir:run:inst/MAC-8:mul                                                                               mgc_mul_8_1_8_1_16_7                                                                                                                                  1.1570  1.3771 [0.400045, 1.377145] 
      block1/fir:run:inst/MAC-8:mul.itm                                                                                                                                                                                                                                 0.0000  1.3771 [0.400045, 1.377145] 
      block1/fir:run:inst/MAC:acc#6                                                                               mgc_addc_16_1_16_1_17_7                                                                                                                               0.2177  1.5948 [0.546513, 1.594849] 
      block1/fir:run:inst/MAC:acc#6.itm                                                                                                                                                                                                                                 0.0000  1.5948 [0.546513, 1.594849] 
      block1/fir:run:inst/MAC:acc#8                                                                               mgc_addc_17_1_17_1_18_7                                                                                                                               0.2177  1.8126 [0.692981, 1.812596] 
      block1/fir:run:inst/MAC:acc#8.itm                                                                                                                                                                                                                                 0.0000  1.8126 [0.692981, 1.812596] 
      block1/fir:run:inst/MAC-8:acc#1                                                                             mgc_addc_18_1_18_1_19_7                                                                                                                               0.2178  2.0304 [0.839449, 2.030383] 
      block1/fir:run:inst/MAC-8:acc#1.itm                                                                                                                                                                                                                               0.0000  2.0304 [0.839449, 2.030383] 
      block1/fir:run:inst/MAC:slc(MAC-8:acc#1)(18-11)                                                                                                                                                                                                                   -0.0627 1.9677 [1.528937, 1.967702] 
      block1/fir:run:inst/MAC:slc(MAC-8:acc#1)(18-11).itm                                                                                                                                                                                                               0.0000  1.9677 [1.528937, 1.967702] 
      block1/fir:run:inst/reg(output:rsci.idat)                                                                   mgc_reg_pos_8_0_0_1_1_1_1_1                                                                                                                           0.0000  1.9677                      
                                                                                                                                                                                                                                                                                                            
    5                                                                                                             block0/fir:run:inst/reg(output:rsci.idat)                                                                   block1/fir:run:inst/reg(output:rsci.idat) 1.9677  8.0323                      
                                                                                                                                                                                                                                                                                                            
      Instance                                                                                                    Component                                                                                                                                             Delta   Delay  [MIN, MAX]           
      --------                                                                                                    ---------                                                                                                                                             -----   -----  ------------------   
      block0/fir:run:inst/reg(output:rsci.idat)                                                                   mgc_reg_pos_8_0_0_1_1_1_1_1                                                                                                                           0.1060  0.1060                      
      block0/fir:run:inst/output:rsci.idat                                                                                                                                                                                                                              0.0000  0.1060                      
      block0/fir:run:inst/fir:run:output:rsci:inst/output:rsci.idat                                                                                                                                                                                                     0.0000  0.1060                      
      block0/fir:run:inst/fir:run:output:rsci:inst/output:rsci                                                    ccs_out_wait_v1_3_8(idat=>dat)                                                                                                                        0.0000  0.1060                      
      block0/fir:run:inst/fir:run:output:rsci:inst/output:rsc.dat                                                                                                                                                                                                       0.0000  0.1060                      
      block0/fir:run:inst/output:rsc.dat                                                                                                                                                                                                                                0.0000  0.1060                      
      block0/output:rsc.dat                                                                                                                                                                                                                                             0.0000  0.1060                      
      top/output:rsc.dat:-:block0                                                                                                                                                                                                                                       0.0000  0.1060                      
      block1/input:rsc.dat                                                                                                                                                                                                                                              0.0000  0.1060                      
      block1/fir:run:inst/input:rsc.dat                                                                                                                                                                                                                                 0.0000  0.1060                      
      block1/fir:run:inst/fir:run:input:rsci:inst/input:rsc.dat                                                                                                                                                                                                         0.0000  0.1060                      
      block1/fir:run:inst/fir:run:input:rsci:inst/input:rsci                                                      ccs_in_wait_v1_1_8(dat=>idat)                                                                                                                         0.0000  0.1060                      
      block1/fir:run:inst/fir:run:input:rsci:inst/input:rsci.idat                                                                                                                                                                                                       0.0000  0.1060                      
      block1/fir:run:inst/fir:run:input:rsci:inst/fir:run:input:rsci:input:wait_dp:inst/input:rsci.idat                                                                                                                                                                 0.0000  0.1060                      
      block1/fir:run:inst/fir:run:input:rsci:inst/fir:run:input:rsci:input:wait_dp:inst/SHIFT:if:mux#2            mgc_mux_8_1_2_1                                                                                                                                       0.1141  0.2201                      
      block1/fir:run:inst/fir:run:input:rsci:inst/fir:run:input:rsci:input:wait_dp:inst/input:rsci.idat.mxwt                                                                                                                                                            0.0000  0.2201                      
      block1/fir:run:inst/fir:run:input:rsci:inst/input:rsci.idat.mxwt                                                                                                                                                                                                  0.0000  0.2201                      
      block1/fir:run:inst/input:rsci.idat.mxwt                                                                                                                                                                                                                          0.0000  0.2201                      
      block1/fir:run:inst/SHIFT:if:asn(SHIFT:if:asn.ncse.sva#1)                                                                                                                                                                                                         0.0000  0.2201                      
      block1/fir:run:inst/SHIFT:if:asn(SHIFT:if:asn.ncse.sva#1).itm                                                                                                                                                                                                     0.0000  0.2201                      
      block1/fir:run:inst/MAC-8:mul                                                                               mgc_mul_8_1_8_1_16_7                                                                                                                                  1.1570  1.3771 [0.400045, 1.377145] 
      block1/fir:run:inst/MAC-8:mul.itm                                                                                                                                                                                                                                 0.0000  1.3771 [0.400045, 1.377145] 
      block1/fir:run:inst/MAC:acc#6                                                                               mgc_addc_16_1_16_1_17_7                                                                                                                               0.2177  1.5948 [0.546513, 1.594849] 
      block1/fir:run:inst/MAC:acc#6.itm                                                                                                                                                                                                                                 0.0000  1.5948 [0.546513, 1.594849] 
      block1/fir:run:inst/MAC:acc#8                                                                               mgc_addc_17_1_17_1_18_7                                                                                                                               0.2177  1.8126 [0.692981, 1.812596] 
      block1/fir:run:inst/MAC:acc#8.itm                                                                                                                                                                                                                                 0.0000  1.8126 [0.692981, 1.812596] 
      block1/fir:run:inst/MAC-8:acc#1                                                                             mgc_addc_18_1_18_1_19_7                                                                                                                               0.2178  2.0304 [0.839449, 2.030383] 
      block1/fir:run:inst/MAC-8:acc#1.itm                                                                                                                                                                                                                               0.0000  2.0304 [0.839449, 2.030383] 
      block1/fir:run:inst/MAC:slc(MAC-8:acc#1)(18-11)                                                                                                                                                                                                                   -0.0627 1.9677 [1.528937, 1.967702] 
      block1/fir:run:inst/MAC:slc(MAC-8:acc#1)(18-11).itm                                                                                                                                                                                                               0.0000  1.9677 [1.528937, 1.967702] 
      block1/fir:run:inst/reg(output:rsci.idat)                                                                   mgc_reg_pos_8_0_0_1_1_1_1_1                                                                                                                           0.0000  1.9677                      
                                                                                                                                                                                                                                                                                                            
    6                                                                                                             top/din:rsc.dat                                                                                             block0/fir:run:inst/reg(output:rsci.idat) 1.9677  8.0323                      
                                                                                                                                                                                                                                                                                                            
      Instance                                                                                                    Component                                                                                                                                             Delta   Delay  [MIN, MAX]           
      --------                                                                                                    ---------                                                                                                                                             -----   -----  ------------------   
      top/din:rsc.dat                                                                                                                                                                                                                                                   0.0000  0.0000                      
      block0/input:rsc.dat                                                                                                                                                                                                                                              0.1060  0.1060                      
      block0/fir:run:inst/input:rsc.dat                                                                                                                                                                                                                                 0.0000  0.1060                      
      block0/fir:run:inst/fir:run:input:rsci:inst/input:rsc.dat                                                                                                                                                                                                         0.0000  0.1060                      
      block0/fir:run:inst/fir:run:input:rsci:inst/input:rsci                                                      ccs_in_wait_v1_1_8(dat=>idat)                                                                                                                         0.0000  0.1060                      
      block0/fir:run:inst/fir:run:input:rsci:inst/input:rsci.idat                                                                                                                                                                                                       0.0000  0.1060                      
      block0/fir:run:inst/fir:run:input:rsci:inst/fir:run:input:rsci:input:wait_dp:inst/input:rsci.idat                                                                                                                                                                 0.0000  0.1060                      
      block0/fir:run:inst/fir:run:input:rsci:inst/fir:run:input:rsci:input:wait_dp:inst/SHIFT:if:mux#2            mgc_mux_8_1_2_1                                                                                                                                       0.1141  0.2201                      
      block0/fir:run:inst/fir:run:input:rsci:inst/fir:run:input:rsci:input:wait_dp:inst/input:rsci.idat.mxwt                                                                                                                                                            0.0000  0.2201                      
      block0/fir:run:inst/fir:run:input:rsci:inst/input:rsci.idat.mxwt                                                                                                                                                                                                  0.0000  0.2201                      
      block0/fir:run:inst/input:rsci.idat.mxwt                                                                                                                                                                                                                          0.0000  0.2201                      
      block0/fir:run:inst/SHIFT:if:asn(SHIFT:if:asn.ncse.sva#1)                                                                                                                                                                                                         0.0000  0.2201                      
      block0/fir:run:inst/SHIFT:if:asn(SHIFT:if:asn.ncse.sva#1).itm                                                                                                                                                                                                     0.0000  0.2201                      
      block0/fir:run:inst/MAC-8:mul                                                                               mgc_mul_8_1_8_1_16_7                                                                                                                                  1.1570  1.3771 [0.400045, 1.377145] 
      block0/fir:run:inst/MAC-8:mul.itm                                                                                                                                                                                                                                 0.0000  1.3771 [0.400045, 1.377145] 
      block0/fir:run:inst/MAC:acc#6                                                                               mgc_addc_16_1_16_1_17_7                                                                                                                               0.2177  1.5948 [0.546513, 1.594849] 
      block0/fir:run:inst/MAC:acc#6.itm                                                                                                                                                                                                                                 0.0000  1.5948 [0.546513, 1.594849] 
      block0/fir:run:inst/MAC:acc#8                                                                               mgc_addc_17_1_17_1_18_7                                                                                                                               0.2177  1.8126 [0.692981, 1.812596] 
      block0/fir:run:inst/MAC:acc#8.itm                                                                                                                                                                                                                                 0.0000  1.8126 [0.692981, 1.812596] 
      block0/fir:run:inst/MAC-8:acc#1                                                                             mgc_addc_18_1_18_1_19_7                                                                                                                               0.2178  2.0304 [0.839449, 2.030383] 
      block0/fir:run:inst/MAC-8:acc#1.itm                                                                                                                                                                                                                               0.0000  2.0304 [0.839449, 2.030383] 
      block0/fir:run:inst/MAC:slc(MAC-8:acc#1)(18-11)                                                                                                                                                                                                                   -0.0627 1.9677 [1.528937, 1.967702] 
      block0/fir:run:inst/MAC:slc(MAC-8:acc#1)(18-11).itm                                                                                                                                                                                                               0.0000  1.9677 [1.528937, 1.967702] 
      block0/fir:run:inst/reg(output:rsci.idat)                                                                   mgc_reg_pos_8_0_0_1_1_1_1_1                                                                                                                           0.0000  1.9677                      
                                                                                                                                                                                                                                                                                                            
    7                                                                                                             block0/fir:run:inst/reg(MAC:asn#14)                                                                         block0/fir:run:inst/reg(output:rsci.idat) 1.8536  8.1464                      
                                                                                                                                                                                                                                                                                                            
      Instance                                                                                                    Component                                                                                                                                             Delta   Delay  [MIN, MAX]           
      --------                                                                                                    ---------                                                                                                                                             -----   -----  ------------------   
      block0/fir:run:inst/reg(MAC:asn#14)                                                                         mgc_reg_pos_8_0_0_1_1_1_1_1                                                                                                                           0.1060  0.1060                      
      block0/fir:run:inst/MAC:asn#14.itm                                                                                                                                                                                                                                0.0000  0.1060                      
      block0/fir:run:inst/MAC-2:mul                                                                               mgc_mul_8_1_8_1_16_7                                                                                                                                  1.1570  1.2630 [0.285947, 1.263047] 
      block0/fir:run:inst/MAC-2:mul.itm                                                                                                                                                                                                                                 0.0000  1.2630 [0.285947, 1.263047] 
      block0/fir:run:inst/MAC:acc#7                                                                               mgc_addc_16_1_16_1_17_7                                                                                                                               0.2177  1.4808 [0.432415, 1.480751] 
      block0/fir:run:inst/MAC:acc#7.itm                                                                                                                                                                                                                                 0.0000  1.4808 [0.432415, 1.480751] 
      block0/fir:run:inst/MAC:acc                                                                                 mgc_addc_17_1_17_1_18_7                                                                                                                               0.2177  1.6985 [0.578883, 1.698498] 
      block0/fir:run:inst/MAC:acc.itm                                                                                                                                                                                                                                   0.0000  1.6985 [0.578883, 1.698498] 
      block0/fir:run:inst/MAC-8:acc#1                                                                             mgc_addc_18_1_18_1_19_7                                                                                                                               0.2178  1.9163 [0.725351, 1.916285] 
      block0/fir:run:inst/MAC-8:acc#1.itm                                                                                                                                                                                                                               0.0000  1.9163 [0.725351, 1.916285] 
      block0/fir:run:inst/MAC:slc(MAC-8:acc#1)(18-11)                                                                                                                                                                                                                   -0.0627 1.8536 [1.414839, 1.853604] 
      block0/fir:run:inst/MAC:slc(MAC-8:acc#1)(18-11).itm                                                                                                                                                                                                               0.0000  1.8536 [1.414839, 1.853604] 
      block0/fir:run:inst/reg(output:rsci.idat)                                                                   mgc_reg_pos_8_0_0_1_1_1_1_1                                                                                                                           0.0000  1.8536                      
                                                                                                                                                                                                                                                                                                            
    8                                                                                                             block0/fir:run:inst/reg(regs(1))                                                                            block0/fir:run:inst/reg(output:rsci.idat) 1.8536  8.1464                      
                                                                                                                                                                                                                                                                                                            
      Instance                                                                                                    Component                                                                                                                                             Delta   Delay  [MIN, MAX]           
      --------                                                                                                    ---------                                                                                                                                             -----   -----  ------------------   
      block0/fir:run:inst/reg(regs(1))                                                                            mgc_reg_pos_8_0_0_1_1_1_1_1                                                                                                                           0.1060  0.1060                      
      block0/fir:run:inst/regs(1).sva                                                                                                                                                                                                                                   0.0000  0.1060                      
      block0/fir:run:inst/MAC-6:mul                                                                               mgc_mul_8_1_8_1_16_7                                                                                                                                  1.1570  1.2630 [0.285947, 1.263047] 
      block0/fir:run:inst/MAC-6:mul.itm                                                                                                                                                                                                                                 0.0000  1.2630 [0.285947, 1.263047] 
      block0/fir:run:inst/MAC:acc#5                                                                               mgc_addc_16_1_16_1_17_7                                                                                                                               0.2177  1.4808 [0.432415, 1.480751] 
      block0/fir:run:inst/MAC:acc#5.itm                                                                                                                                                                                                                                 0.0000  1.4808 [0.432415, 1.480751] 
      block0/fir:run:inst/MAC:acc#8                                                                               mgc_addc_17_1_17_1_18_7                                                                                                                               0.2177  1.6985 [0.578883, 1.698498] 
      block0/fir:run:inst/MAC:acc#8.itm                                                                                                                                                                                                                                 0.0000  1.6985 [0.578883, 1.698498] 
      block0/fir:run:inst/MAC-8:acc#1                                                                             mgc_addc_18_1_18_1_19_7                                                                                                                               0.2178  1.9163 [0.725351, 1.916285] 
      block0/fir:run:inst/MAC-8:acc#1.itm                                                                                                                                                                                                                               0.0000  1.9163 [0.725351, 1.916285] 
      block0/fir:run:inst/MAC:slc(MAC-8:acc#1)(18-11)                                                                                                                                                                                                                   -0.0627 1.8536 [1.414839, 1.853604] 
      block0/fir:run:inst/MAC:slc(MAC-8:acc#1)(18-11).itm                                                                                                                                                                                                               0.0000  1.8536 [1.414839, 1.853604] 
      block0/fir:run:inst/reg(output:rsci.idat)                                                                   mgc_reg_pos_8_0_0_1_1_1_1_1                                                                                                                           0.0000  1.8536                      
                                                                                                                                                                                                                                                                                                            
    9                                                                                                             block1/fir:run:inst/reg(regs(1))                                                                            block1/fir:run:inst/reg(output:rsci.idat) 1.8536  8.1464                      
                                                                                                                                                                                                                                                                                                            
      Instance                                                                                                    Component                                                                                                                                             Delta   Delay  [MIN, MAX]           
      --------                                                                                                    ---------                                                                                                                                             -----   -----  ------------------   
      block1/fir:run:inst/reg(regs(1))                                                                            mgc_reg_pos_8_0_0_1_1_1_1_1                                                                                                                           0.1060  0.1060                      
      block1/fir:run:inst/regs(1).sva                                                                                                                                                                                                                                   0.0000  0.1060                      
      block1/fir:run:inst/MAC-6:mul                                                                               mgc_mul_8_1_8_1_16_7                                                                                                                                  1.1570  1.2630 [0.285947, 1.263047] 
      block1/fir:run:inst/MAC-6:mul.itm                                                                                                                                                                                                                                 0.0000  1.2630 [0.285947, 1.263047] 
      block1/fir:run:inst/MAC:acc#5                                                                               mgc_addc_16_1_16_1_17_7                                                                                                                               0.2177  1.4808 [0.432415, 1.480751] 
      block1/fir:run:inst/MAC:acc#5.itm                                                                                                                                                                                                                                 0.0000  1.4808 [0.432415, 1.480751] 
      block1/fir:run:inst/MAC:acc#8                                                                               mgc_addc_17_1_17_1_18_7                                                                                                                               0.2177  1.6985 [0.578883, 1.698498] 
      block1/fir:run:inst/MAC:acc#8.itm                                                                                                                                                                                                                                 0.0000  1.6985 [0.578883, 1.698498] 
      block1/fir:run:inst/MAC-8:acc#1                                                                             mgc_addc_18_1_18_1_19_7                                                                                                                               0.2178  1.9163 [0.725351, 1.916285] 
      block1/fir:run:inst/MAC-8:acc#1.itm                                                                                                                                                                                                                               0.0000  1.9163 [0.725351, 1.916285] 
      block1/fir:run:inst/MAC:slc(MAC-8:acc#1)(18-11)                                                                                                                                                                                                                   -0.0627 1.8536 [1.414839, 1.853604] 
      block1/fir:run:inst/MAC:slc(MAC-8:acc#1)(18-11).itm                                                                                                                                                                                                               0.0000  1.8536 [1.414839, 1.853604] 
      block1/fir:run:inst/reg(output:rsci.idat)                                                                   mgc_reg_pos_8_0_0_1_1_1_1_1                                                                                                                           0.0000  1.8536                      
                                                                                                                                                                                                                                                                                                            
    10                                                                                                            block0/fir:run:inst/reg(MAC:asn#4)                                                                          block0/fir:run:inst/reg(output:rsci.idat) 1.8536  8.1464                      
                                                                                                                                                                                                                                                                                                            
      Instance                                                                                                    Component                                                                                                                                             Delta   Delay  [MIN, MAX]           
      --------                                                                                                    ---------                                                                                                                                             -----   -----  ------------------   
      block0/fir:run:inst/reg(MAC:asn#4)                                                                          mgc_reg_pos_8_0_0_1_1_1_1_1                                                                                                                           0.1060  0.1060                      
      block0/fir:run:inst/MAC:asn#4.itm                                                                                                                                                                                                                                 0.0000  0.1060                      
      block0/fir:run:inst/MAC-5:mul                                                                               mgc_mul_8_1_8_1_16_7                                                                                                                                  1.1570  1.2630 [0.285947, 1.263047] 
      block0/fir:run:inst/MAC-5:mul.itm                                                                                                                                                                                                                                 0.0000  1.2630 [0.285947, 1.263047] 
      block0/fir:run:inst/MAC:acc#5                                                                               mgc_addc_16_1_16_1_17_7                                                                                                                               0.2177  1.4808 [0.432415, 1.480751] 
      block0/fir:run:inst/MAC:acc#5.itm                                                                                                                                                                                                                                 0.0000  1.4808 [0.432415, 1.480751] 
      block0/fir:run:inst/MAC:acc#8                                                                               mgc_addc_17_1_17_1_18_7                                                                                                                               0.2177  1.6985 [0.578883, 1.698498] 
      block0/fir:run:inst/MAC:acc#8.itm                                                                                                                                                                                                                                 0.0000  1.6985 [0.578883, 1.698498] 
      block0/fir:run:inst/MAC-8:acc#1                                                                             mgc_addc_18_1_18_1_19_7                                                                                                                               0.2178  1.9163 [0.725351, 1.916285] 
      block0/fir:run:inst/MAC-8:acc#1.itm                                                                                                                                                                                                                               0.0000  1.9163 [0.725351, 1.916285] 
      block0/fir:run:inst/MAC:slc(MAC-8:acc#1)(18-11)                                                                                                                                                                                                                   -0.0627 1.8536 [1.414839, 1.853604] 
      block0/fir:run:inst/MAC:slc(MAC-8:acc#1)(18-11).itm                                                                                                                                                                                                               0.0000  1.8536 [1.414839, 1.853604] 
      block0/fir:run:inst/reg(output:rsci.idat)                                                                   mgc_reg_pos_8_0_0_1_1_1_1_1                                                                                                                           0.0000  1.8536                      
                                                                                                                                                                                                                                                                                                            
    
  Register Input and Register-to-Output Slack
    Clock period or pin-to-reg delay constraint (clk): 10.0
    Clock uncertainty constraint (clk)               : 0.0
    
    Instance                                                   Port                              Slack (Delay) Messages 
    ---------------------------------------------------------- ------------------------------- ------- ------- --------
    decimator:run/reg(dout:rsci.idat)                          din:rsci.idat.mxwt               9.7799  0.2201          
    decimator:run/reg(dout:rsci.iswt0)                         and#2.itm                        9.7194  0.2806          
    decimator:run/reg(din:rsci.iswt0)                          1#7                             10.0000  0.0000          
    decimator:run/reg(count(2:0).sva(1:0))                     acc.itm                          9.7085  0.2915          
    decimator:run:din:rsci:din:wait_dp/reg(din:rsci.bcwt)      temp:nor.itm                     9.3333  0.6667          
    decimator:run:din:rsci:din:wait_dp/reg(din:rsci.idat.bfwt) din:rsci.idat                    9.6658  0.3342          
    decimator:run:dout:rsci:dout:wait_dp/reg(dout:rsci.bcwt)   if#1:nor.itm                     9.3333  0.6667          
    fir:run/reg(output:rsci.idat)                              MAC:slc(MAC-8:acc#1)(18-11).itm  8.0323  1.9677          
    fir:run/reg(output:rsci.iswt0)                             slc(fsm_output)(1).itm           9.8835  0.1165          
    fir:run/reg(input:rsci.iswt0)                              1#6                             10.0000  0.0000          
    fir:run/reg(regs(0))                                       input:rsci.idat.mxwt             7.9696  2.0304          
    fir:run/reg(MAC:asn#4)                                     regs(1).sva                      8.0837  1.9163          
    fir:run/reg(regs(1))                                       regs(0).sva                      8.0837  1.9163          
    fir:run/reg(MAC:asn#8)                                     MAC:asn#10.itm                   8.0837  1.9163          
    fir:run/reg(MAC:asn#10)                                    MAC:asn#4.itm                    8.0837  1.9163          
    fir:run/reg(MAC:asn#12)                                    MAC:asn#14.itm                   8.0837  1.9163          
    fir:run/reg(MAC:asn#14)                                    MAC:asn#8.itm                    8.0837  1.9163          
    fir:run:input:rsci:input:wait_dp/reg(input:rsci.bcwt)      SHIFT:if:nor.itm                 9.3333  0.6667          
    fir:run:input:rsci:input:wait_dp/reg(input:rsci.idat.bfwt) input:rsci.idat                  9.7799  0.2201          
    fir:run:output:rsci:output:wait_dp/reg(output:rsci.bcwt)   nor.itm                          9.3333  0.6667          
    top                                                        din:rsc.rdy                      9.7775  0.2225          
    top                                                        dout:rsc.dat                     9.8940  0.1060          
    top                                                        dout:rsc.vld                     9.7775  0.2225          
    
Operator Bitwidth Summary
  Operation  Size (bits) Count 
  ---------- ----------- -----
  add                          
  -                    2     1 
  -                   19     2 
  -                   18     4 
  -                   17     8 
  and                          
  -                    1    26 
  mul                          
  -                   16    16 
  mux                          
  -                    8     3 
  nor                          
  -                    1    14 
  not                          
  -                    1    16 
  or                           
  -                    1     6 
  read_port                    
  -                    8     3 
  reg                          
  -                    8    20 
  -                    2     1 
  -                    1    12 
  write_port                   
  -                    0     3 
  
End of Report
