# //  Questa Sim-64
# //  Version 2022.3_1 linux_x86_64 Aug 12 2022
# //
# //  Copyright 1991-2022 Mentor Graphics Corporation
# //  All Rights Reserved.
# //
# //  QuestaSim and its associated documentation contain trade
# //  secrets and commercial or financial information that are the property of
# //  Mentor Graphics Corporation and are privileged, confidential,
# //  and exempt from disclosure under the Freedom of Information Act,
# //  5 U.S.C. Section 552. Furthermore, this information
# //  is prohibited from disclosure under the Trade Secrets Act,
# //  18 U.S.C. Section 1905.
# //
# vsim -i -t ps -wlf ./Catapult/fir.v2/scverify/rtl_v_msim/vsim.wlf -l ./Catapult/fir.v2/scverify/rtl_v_msim/sim.log -L ./Catapult/fir.v2/scverify/rtl_v_msim/mgc_hls -L ./Catapult/fir.v2/scverify/rtl_v_msim/work scverify_top_opt -do "do {./Catapult/fir.v2/scverify/rtl_v_msim/scverify_msim_wave.tcl}" 
# Start time: 17:14:29 on Mar 24,2024
# Loading /home/raid7_2/user12/r12016/asoc/lab2/lab1_fir/02_mem_ifc/Catapult/fir.v2/scverify/rtl_v_msim/work/_sc/linux_x86_64_gcc-7.4.0/systemc.so
# Loading /home/raid7_2/user12/r12016/asoc/lab2/lab1_fir/02_mem_ifc/Catapult/fir.v2/scverify/rtl_v_msim/work.scverify_top
# Info: CCS_CLK_CTOR: Clock 'clk' - Using default clock period '10 ns'
# Loading work.ccs_wrapper(fast)
# ** Note: (vsim-17423) SystemC IEEE 1666 deprecated warnings are suppressed by default. Enable the 'ScShowIeeeDeprecationWarnings' modelsim.ini variable to get more information about the suppressed warnings.
# Loading work.fir(fast)
# Loading work.fir_ccs_sample_mem_ccs_ram_sync_1R1W_rport_2_64_5_32_32_64_5_gen(fast)
# Loading work.fir_run(fast)
# Loading work.fir_run_input_rsci(fast)
# Loading ./Catapult/fir.v2/scverify/rtl_v_msim/mgc_hls.ccs_in_wait_v1(fast)
# Loading work.fir_run_input_rsci_input_wait_ctrl(fast)
# Loading work.fir_run_input_rsci_input_wait_dp(fast)
# Loading work.fir_run_coeffs_rsci_1(fast)
# Loading work.fir_run_coeffs_rsci_1_coeffs_rsc_wait_ctrl(fast)
# Loading work.fir_run_coeffs_rsci_1_coeffs_rsc_wait_dp(fast)
# Loading work.fir_run_coeff_addr_rsci(fast)
# Loading ./Catapult/fir.v2/scverify/rtl_v_msim/mgc_hls.ccs_in_wait_v1(fast__1)
# Loading work.fir_run_coeff_addr_rsci_coeff_addr_wait_ctrl(fast)
# Loading work.fir_run_coeff_addr_rsci_coeff_addr_wait_dp(fast)
# Loading work.fir_run_output_rsci(fast)
# Loading ./Catapult/fir.v2/scverify/rtl_v_msim/mgc_hls.ccs_out_wait_v1(fast)
# Loading work.fir_run_output_rsci_output_wait_ctrl(fast)
# Loading work.fir_run_output_rsci_output_wait_dp(fast)
# Loading work.fir_run_coeffs_triosy_obj(fast)
# Loading ./Catapult/fir.v2/scverify/rtl_v_msim/mgc_hls.mgc_io_sync_v2(fast)
# Loading work.fir_run_coeffs_triosy_obj_coeffs_triosy_wait_ctrl(fast)
# Loading work.fir_run_staller(fast)
# Loading work.fir_run_run_fsm(fast)
# ** Warning: (vsim-4029) The fifo '/scverify_top/user_tb/output_golden'
# (and any connected ports) is undebuggable as the tlm fifo size specified is '-1'. A tlm fifo with an infinite size is not debuggable.
# ** Warning: (vsim-4029) The fifo '/scverify_top/TLS_in_wait_ctrl_fifo_coeffs'
# (and any connected ports) is undebuggable as the tlm fifo size specified is '-1'. A tlm fifo with an infinite size is not debuggable.
# ** Warning: (vsim-4029) The fifo '/scverify_top/TLS_in_fifo_coeffs'
# (and any connected ports) is undebuggable as the tlm fifo size specified is '-1'. A tlm fifo with an infinite size is not debuggable.
# ** Warning: (vsim-4029) The fifo '/scverify_top/TLS_out_wait_ctrl_fifo_output'
# (and any connected ports) is undebuggable as the tlm fifo size specified is '-1'. A tlm fifo with an infinite size is not debuggable.
# ** Warning: (vsim-4029) The fifo '/scverify_top/TLS_out_fifo_output'
# (and any connected ports) is undebuggable as the tlm fifo size specified is '-1'. A tlm fifo with an infinite size is not debuggable.
# ** Warning: (vsim-4029) The fifo '/scverify_top/TLS_in_wait_ctrl_fifo_coeff_addr'
# (and any connected ports) is undebuggable as the tlm fifo size specified is '-1'. A tlm fifo with an infinite size is not debuggable.
# ** Warning: (vsim-4029) The fifo '/scverify_top/TLS_in_fifo_coeff_addr'
# (and any connected ports) is undebuggable as the tlm fifo size specified is '-1'. A tlm fifo with an infinite size is not debuggable.
# ** Warning: (vsim-4029) The fifo '/scverify_top/TLS_in_wait_ctrl_fifo_input'
# (and any connected ports) is undebuggable as the tlm fifo size specified is '-1'. A tlm fifo with an infinite size is not debuggable.
# ** Warning: (vsim-4029) The fifo '/scverify_top/TLS_in_fifo_input'
# (and any connected ports) is undebuggable as the tlm fifo size specified is '-1'. A tlm fifo with an infinite size is not debuggable.
# Disabling STALL_FLAG toggling
# do {./Catapult/fir.v2/scverify/rtl_v_msim/scverify_msim_wave.tcl}
# Reading SCVerify waveform database './Catapult/fir.v2/scverify/ccs_wave_signals.dat'
# Populating WAVE window...
#                 DONE
# 0
# 
# stdin: <EOF>
run -all
# SCVerify intercepting C++ function 'fir::run' for RTL block 'fir'
#                       DUT instance '0x2aaabb0c14e0'
# Info: HW reset: TLS_rst active @ 0 s
# Output =   0
# Output =  -1
# Output =  -4
# Output =   4
# Output =   1
# Output =   1
# Output =  -8
# Output =  -2
# Output = -13
# Output =  16
# Info: Execution of user-supplied C++ testbench 'main()' has completed with exit code = 0
# 
# Info: Collecting data completed
#    captured 10 values of input
#    captured 10 values of coeffs
#    captured 10 values of coeff_addr
#    captured 10 values of output
# Info: scverify_top/user_tb: Simulation completed
# 
# Checking results
# 'output'
#    capture count        = 10
#    comparison count     = 10
#    ignore count         = 0
#    error count          = 0
#    stuck in dut fifo    = 0
#    stuck in golden fifo = 0
# 
# Info: scverify_top/user_tb: Simulation PASSED @ 146 ns
# ** Note: (vsim-6574) SystemC simulation stopped by user.
# 1
# 
# Info: scverify_top/Monitor: runs with constant clock period 10 ns
# Info: scverify_top/Monitor: Throughput: 1 transaction per 10 ns
# End time: 17:15:17 on Mar 24,2024, Elapsed time: 0:00:48
# Errors: 0, Warnings: 9, Suppressed Warnings: 2
